0.969238 -0.115234 -0.115234 4.875000 3.625000 3.625000 7.000000 0.000000 0.000000 -2.000000 -2.000000 -1.000000 -1.000000 0.000000 -2.000000 -1.000000 -1.000000
0.974121 -0.105957 -0.105957 5.187500 3.625000 3.625000 7.000000 0.000000 0.000000 -2.000000 -2.000000 -1.000000 -1.000000 0.000000 -2.000000 -1.000000 -1.000000
0.968750 -0.100586 -0.100586 3.062500 3.125000 3.125000 7.000000 0.000000 0.000000 -3.000000 -2.000000 -1.000000 0.000000 2.000000 -2.000000 -2.000000 -1.000000
0.961914 -0.101074 -0.101074 1.687500 3.125000 3.125000 7.000000 0.000000 0.000000 -2.000000 -1.000000 -2.000000 -1.000000 0.000000 -2.000000 -2.000000 -3.000000
0.968262 -0.108398 -0.108398 1.500000 3.187500 3.187500 7.000000 0.000000 0.000000 -1.000000 1.000000 0.000000 0.000000 1.000000 -2.000000 -1.000000 -3.000000
0.977539 -0.122070 -0.122070 2.500000 3.687500 3.687500 7.000000 0.000000 0.000000 -1.000000 1.000000 0.000000 0.000000 1.000000 -2.000000 -1.000000 -3.000000
0.979492 -0.101562 -0.101562 6.000000 5.687500 5.687500 7.000000 0.000000 0.000000 -1.000000 -2.000000 -1.000000 -1.000000 0.000000 -2.000000 -1.000000 -2.000000
0.968262 -0.087891 -0.087891 7.250000 7.312500 7.312500 7.000000 0.000000 0.000000 -1.000000 -2.000000 -1.000000 -1.000000 0.000000 -2.000000 -1.000000 -2.000000
0.962891 -0.092773 -0.092773 5.500000 7.375000 7.375000 7.000000 0.000000 0.000000 -1.000000 0.000000 -2.000000 0.000000 -1.000000 -2.000000 0.000000 0.000000
0.967773 -0.097168 -0.097168 3.687500 7.937500 7.937500 7.000000 0.000000 0.000000 -1.000000 0.000000 -2.000000 0.000000 -1.000000 -2.000000 0.000000 0.000000
0.981445 -0.117188 -0.117188 1.812500 8.250000 8.250000 7.000000 0.000000 0.000000 -2.000000 -2.000000 -1.000000 1.000000 0.000000 -1.000000 -1.000000 -1.000000
0.982910 -0.127441 -0.127441 -0.937500 8.312500 8.312500 7.000000 0.000000 0.000000 -2.000000 -2.000000 -1.000000 1.000000 0.000000 -1.000000 -1.000000 -1.000000
0.981934 -0.141602 -0.141602 -3.625000 7.687500 7.687500 7.000000 0.000000 0.000000 -1.000000 -2.000000 -1.000000 -1.000000 -1.000000 -3.000000 -1.000000 -1.000000
1.000488 -0.146484 -0.146484 -3.937500 6.937500 6.937500 7.000000 0.000000 0.000000 0.000000 0.000000 0.000000 -2.000000 1.000000 -1.000000 -1.000000 -1.000000
1.030273 -0.114746 -0.114746 -1.937500 7.250000 7.250000 7.000000 0.000000 0.000000 -2.000000 -3.000000 -3.000000 0.000000 0.000000 -3.000000 0.000000 -1.000000
0.988770 -0.074707 -0.074707 -7.125000 8.062500 8.062500 7.000000 1.000000 0.000000 -1.000000 -1.000000 -1.000000 -1.000000 0.000000 -1.000000 -2.000000 -2.000000
0.953613 -0.086914 -0.086914 -15.500000 7.250000 7.250000 7.000000 1.000000 0.000000 -1.000000 -2.000000 -3.000000 -1.000000 1.000000 -2.000000 -1.000000 -2.000000
0.961426 -0.125977 -0.125977 -17.187500 5.625000 5.625000 7.000000 1.000000 0.000000 -1.000000 -2.000000 -3.000000 -1.000000 1.000000 -2.000000 -1.000000 -2.000000
1.020508 -0.158203 -0.158203 4.875000 3.625000 3.625000 7.000000 1.000000 0.000000 -3.000000 0.000000 -1.000000 -1.000000 -1.000000 -1.000000 -1.000000 0.000000
1.005371 -0.140137 -0.140137 13.125000 1.937500 1.937500 7.000000 1.000000 0.000000 -2.000000 -1.000000 -1.000000 -1.000000 1.000000 -1.000000 0.000000 -1.000000
0.964355 -0.114746 -0.114746 16.125000 1.000000 1.000000 7.000000 1.000000 0.000000 -3.000000 -2.000000 1.000000 0.000000 1.000000 0.000000 -2.000000 -1.000000
0.936523 -0.110352 -0.110352 15.000000 -0.187500 -0.187500 7.000000 1.000000 0.000000 -3.000000 -2.000000 1.000000 0.000000 1.000000 0.000000 -2.000000 -1.000000
0.954102 -0.123535 -0.123535 9.687500 -2.062500 -2.062500 7.000000 1.000000 0.000000 -2.000000 -3.000000 -1.000000 -1.000000 -1.000000 -3.000000 -3.000000 -3.000000
0.990723 -0.153809 -0.153809 10.062500 -3.000000 -3.000000 7.000000 1.000000 0.000000 -2.000000 -3.000000 -1.000000 -1.000000 -1.000000 -3.000000 -3.000000 -3.000000
1.007324 -0.140137 -0.140137 16.125000 -2.000000 -2.000000 7.000000 1.000000 0.000000 -2.000000 -2.000000 0.000000 -1.000000 0.000000 0.000000 -2.000000 -1.000000
1.000488 -0.123047 -0.123047 19.562500 -0.562500 -0.562500 7.000000 1.000000 0.000000 -1.000000 -2.000000 -2.000000 -1.000000 -1.000000 -1.000000 1.000000 0.000000
0.977539 -0.101562 -0.101562 17.437500 0.500000 0.500000 7.000000 1.000000 0.000000 -2.000000 0.000000 -2.000000 -1.000000 0.000000 -2.000000 0.000000 -1.000000
0.967773 -0.094238 -0.094238 12.250000 1.812500 1.812500 7.000000 1.000000 0.000000 -2.000000 0.000000 -2.000000 -1.000000 0.000000 -2.000000 0.000000 -1.000000
1.026855 -0.093262 -0.093262 5.937500 2.062500 2.062500 7.000000 1.000000 0.000000 -2.000000 -4.000000 -1.000000 1.000000 1.000000 -3.000000 -3.000000 -2.000000
1.080078 -0.006836 -0.006836 -4.562500 4.875000 4.875000 7.000000 1.000000 0.000000 -1.000000 -3.000000 0.000000 -1.000000 1.000000 0.000000 -1.000000 -2.000000
1.074219 -0.039062 -0.039062 -31.062500 13.562500 13.562500 7.000000 1.000000 0.000000 -1.000000 -2.000000 -1.000000 -2.000000 0.000000 -2.000000 -1.000000 -2.000000
1.081055 -0.177734 -0.177734 -52.875000 24.125000 24.125000 7.000000 1.000000 0.000000 -2.000000 -2.000000 -2.000000 -2.000000 1.000000 -1.000000 -1.000000 -2.000000
1.110840 -0.224609 -0.224609 -50.062500 36.937500 36.937500 7.000000 1.000000 0.000000 -2.000000 -2.000000 0.000000 12.000000 0.000000 -2.000000 -2.000000 -1.000000
1.262207 -0.121094 -0.121094 -70.500000 60.312500 60.312500 6.000000 1.000000 0.000000 -2.000000 -4.000000 -2.000000 -15.000000 1.000000 -2.000000 -1.000000 -1.000000
1.502441 -0.136230 -0.136230 -118.500000 99.750000 99.750000 6.000000 1.000000 0.000000 -1.000000 -1.000000 -1.000000 -1.000000 -1.000000 -1.000000 -2.000000 0.000000
1.485352 -0.534668 -0.534668 -170.562500 121.437500 121.437500 6.000000 2.000000 0.000000 -1.000000 -1.000000 -1.000000 -1.000000 -1.000000 -1.000000 -2.000000 0.000000
1.514160 -1.071289 -1.071289 -182.062500 135.687500 135.687500 6.000000 3.000000 0.000000 -2.000000 -1.000000 -2.000000 -2.000000 0.000000 -1.000000 -2.000000 -2.000000
1.521484 -1.472168 -1.472168 -109.312500 146.812500 146.812500 5.000000 3.000000 1.000000 -2.000000 -1.000000 -2.000000 -2.000000 0.000000 -1.000000 -2.000000 -2.000000
1.474121 -1.638184 -1.638184 19.625000 170.250000 170.250000 5.000000 4.000000 1.000000 -1.000000 -1.000000 -1.000000 9.000000 1.000000 -2.000000 0.000000 0.000000
0.860840 -1.295410 -1.295410 127.937500 194.812500 194.812500 6.000000 5.000000 1.000000 -1.000000 -1.000000 -1.000000 9.000000 1.000000 -2.000000 0.000000 0.000000
0.240723 -0.957031 -0.957031 229.812500 203.750000 203.750000 6.000000 6.000000 1.000000 -1.000000 -2.000000 0.000000 11.000000 2.000000 -1.000000 1.000000 -1.000000
0.087891 -0.936523 -0.936523 283.250000 199.375000 199.375000 6.000000 7.000000 1.000000 -1.000000 -2.000000 0.000000 11.000000 2.000000 -1.000000 1.000000 -1.000000
0.312012 -0.755371 -0.755371 331.062500 195.312500 195.312500 6.000000 8.000000 1.000000 -3.000000 0.000000 0.000000 1.000000 -1.000000 -1.000000 -1.000000 -1.000000
0.380859 -0.416016 -0.416016 404.875000 200.937500 200.937500 7.000000 9.000000 1.000000 -2.000000 -2.000000 -3.000000 -18.000000 1.000000 -2.000000 -1.000000 -2.000000
0.149902 -0.178223 -0.178223 424.000000 207.125000 207.125000 7.000000 10.000000 1.000000 -4.000000 -1.000000 -1.000000 5.000000 1.000000 -2.000000 -2.000000 -1.000000
-0.084961 -0.140625 -0.140625 405.562500 201.000000 201.000000 8.000000 10.000000 2.000000 -1.000000 -1.000000 -1.000000 0.000000 1.000000 -2.000000 -2.000000 -1.000000
-0.194336 -0.143555 -0.143555 372.062500 169.250000 169.250000 8.000000 11.000000 2.000000 0.000000 -2.000000 0.000000 -4.000000 -1.000000 -2.000000 -2.000000 -1.000000
-0.346680 -0.040039 -0.040039 313.937500 130.312500 130.312500 8.000000 11.000000 2.000000 -1.000000 -3.000000 -2.000000 -3.000000 0.000000 -3.000000 0.000000 -2.000000
-0.362793 -0.073242 -0.073242 227.250000 92.250000 92.250000 9.000000 11.000000 2.000000 0.000000 -4.000000 1.000000 -1.000000 -1.000000 -2.000000 -2.000000 -1.000000
-0.379883 -0.204590 -0.204590 164.937500 61.750000 61.750000 9.000000 11.000000 2.000000 0.000000 -4.000000 1.000000 -1.000000 -1.000000 -2.000000 -2.000000 -1.000000
-0.255859 -0.198242 -0.198242 138.437500 40.750000 40.750000 9.000000 11.000000 3.000000 -2.000000 -2.000000 -2.000000 -3.000000 -1.000000 -2.000000 -1.000000 -2.000000
-0.240234 -0.068848 -0.068848 142.812500 34.687500 34.687500 9.000000 11.000000 3.000000 -2.000000 -2.000000 -2.000000 -3.000000 -1.000000 -2.000000 -1.000000 -2.000000
-0.259766 0.044434 0.044434 131.250000 24.500000 24.500000 10.000000 11.000000 3.000000 -2.000000 -2.000000 -1.000000 -7.000000 1.000000 -2.000000 1.000000 -1.000000
-0.241211 0.070312 0.070312 110.875000 19.937500 19.937500 10.000000 11.000000 3.000000 -2.000000 -2.000000 -1.000000 -7.000000 1.000000 -2.000000 1.000000 -1.000000
-0.273926 0.148926 0.148926 100.687500 18.250000 18.250000 10.000000 11.000000 3.000000 -1.000000 -4.000000 -1.000000 6.000000 1.000000 -2.000000 -2.000000 -2.000000
-0.287598 0.244629 0.244629 81.875000 11.187500 11.187500 10.000000 11.000000 3.000000 -2.000000 -2.000000 1.000000 -5.000000 0.000000 -1.000000 -1.000000 -1.000000
-0.280273 0.309082 0.309082 60.812500 7.312500 7.312500 10.000000 11.000000 3.000000 -3.000000 -3.000000 -3.000000 3.000000 0.000000 -2.000000 -1.000000 -2.000000
-0.366211 0.344727 0.344727 50.750000 5.062500 5.062500 10.000000 11.000000 3.000000 -1.000000 1.000000 0.000000 3.000000 0.000000 -2.000000 -1.000000 0.000000
-0.415039 0.437988 0.437988 -1.500000 -1.875000 -1.875000 10.000000 11.000000 3.000000 -1.000000 -2.000000 -1.000000 1.000000 3.000000 0.000000 -1.000000 -3.000000
-0.440918 0.356445 0.356445 -90.687500 -15.875000 -15.875000 10.000000 11.000000 3.000000 -1.000000 -2.000000 -1.000000 1.000000 3.000000 0.000000 -1.000000 -3.000000
-0.369629 0.721191 0.721191 -184.625000 -26.437500 -26.437500 10.000000 11.000000 3.000000 -1.000000 0.000000 -1.000000 -2.000000 1.000000 -1.000000 -2.000000 -2.000000
-0.166992 0.906738 0.906738 -214.062500 3.875000 3.875000 10.000000 11.000000 3.000000 0.000000 -2.000000 -2.000000 -2.000000 -1.000000 -1.000000 -1.000000 -3.000000
-0.427734 0.702148 0.702148 -212.000000 -7.750000 -7.750000 9.000000 11.000000 3.000000 -1.000000 -2.000000 -1.000000 -3.000000 0.000000 -1.000000 -1.000000 -2.000000
-0.189941 -0.793457 -0.793457 -94.687500 15.187500 15.187500 9.000000 11.000000 3.000000 -3.000000 -1.000000 -2.000000 -1.000000 0.000000 -3.000000 -2.000000 -1.000000
-0.328613 -0.078125 -0.078125 188.437500 45.687500 45.687500 9.000000 11.000000 3.000000 -2.000000 -2.000000 0.000000 0.000000 -1.000000 -1.000000 -2.000000 -1.000000
-0.777832 0.635742 0.635742 100.000000 19.125000 19.125000 9.000000 11.000000 3.000000 -2.000000 -2.000000 0.000000 0.000000 -1.000000 -1.000000 -2.000000 -1.000000
-0.544922 0.345215 0.345215 -83.312500 -5.750000 -5.750000 9.000000 11.000000 3.000000 0.000000 0.000000 -3.000000 -15.000000 0.000000 -3.000000 -2.000000 0.000000
-0.356445 -0.274902 -0.274902 -60.625000 -2.187500 -2.187500 9.000000 11.000000 3.000000 0.000000 0.000000 -3.000000 -15.000000 0.000000 -3.000000 -2.000000 0.000000
-0.478516 -0.202148 -0.202148 101.812500 8.125000 8.125000 9.000000 11.000000 3.000000 -3.000000 -2.000000 -2.000000 -6.000000 0.000000 -3.000000 -1.000000 -3.000000
-0.529785 0.187988 0.187988 233.687500 4.687500 4.687500 9.000000 11.000000 3.000000 -3.000000 -2.000000 -2.000000 -6.000000 0.000000 -3.000000 -1.000000 -3.000000
-0.532227 0.560059 0.560059 296.937500 1.875000 1.875000 10.000000 11.000000 3.000000 -1.000000 2.000000 -1.000000 34.000000 4.000000 -1.000000 0.000000 0.000000
-0.427734 0.725586 0.725586 292.250000 21.875000 21.875000 10.000000 11.000000 3.000000 -1.000000 2.000000 -1.000000 34.000000 4.000000 -1.000000 0.000000 0.000000
-0.653809 0.752441 0.752441 29.187500 -5.250000 -5.250000 10.000000 12.000000 3.000000 -8.000000 -29.000000 -24.000000 -16.000000 -6.000000 -5.000000 -4.000000 -6.000000
-0.574219 0.801270 0.801270 -121.000000 -42.375000 -42.375000 10.000000 11.000000 3.000000 -8.000000 -29.000000 -24.000000 -16.000000 -6.000000 -5.000000 -4.000000 -6.000000
-0.330566 0.425293 0.425293 -238.812500 -16.875000 -16.875000 10.000000 11.000000 3.000000 -7.000000 -28.000000 -29.000000 -44.000000 -7.000000 -5.000000 -3.000000 -2.000000
-0.430176 0.474609 0.474609 -181.187500 12.500000 12.500000 10.000000 11.000000 3.000000 1.000000 10.000000 4.000000 20.000000 -9.000000 -3.000000 -3.000000 -1.000000
-0.606934 0.460449 0.460449 -101.625000 -12.062500 -12.062500 9.000000 11.000000 3.000000 -7.000000 -9.000000 -4.000000 -10.000000 0.000000 -1.000000 -2.000000 -4.000000
-0.521973 -0.001465 -0.001465 -152.000000 -45.187500 -45.187500 9.000000 11.000000 3.000000 -7.000000 -9.000000 -4.000000 -10.000000 0.000000 -1.000000 -2.000000 -4.000000
-0.171387 -0.196289 -0.196289 37.812500 -3.000000 -3.000000 9.000000 11.000000 3.000000 2.000000 6.000000 6.000000 -21.000000 -37.000000 -11.000000 -3.000000 -2.000000
-0.374023 0.131836 0.131836 80.125000 -1.187500 -1.187500 9.000000 11.000000 3.000000 4.000000 6.000000 22.000000 87.000000 66.000000 14.000000 6.000000 3.000000
-0.157715 0.062500 0.062500 -35.812500 -55.750000 -55.750000 9.000000 11.000000 3.000000 -3.000000 -2.000000 -10.000000 -35.000000 -9.000000 -4.000000 0.000000 -2.000000
-0.097656 -0.041016 -0.041016 -58.375000 -76.312500 -76.312500 9.000000 11.000000 3.000000 -3.000000 -27.000000 -15.000000 -7.000000 -22.000000 -8.000000 -5.000000 -4.000000
-0.087402 -0.046875 -0.046875 -94.312500 -121.812500 -121.812500 9.000000 10.000000 3.000000 7.000000 25.000000 23.000000 -8.000000 22.000000 5.000000 1.000000 3.000000
-0.119141 -0.076660 -0.076660 -146.812500 -145.000000 -145.000000 9.000000 10.000000 3.000000 -8.000000 -6.000000 -20.000000 -1.000000 -18.000000 -9.000000 -4.000000 -4.000000
-0.128418 -0.202148 -0.202148 -255.250000 -211.000000 -211.000000 8.000000 9.000000 2.000000 1.000000 -25.000000 -9.000000 -11.000000 -8.000000 -6.000000 -4.000000 -1.000000
0.116211 -0.377930 -0.377930 -258.750000 -231.000000 -231.000000 7.000000 8.000000 2.000000 1.000000 -25.000000 -9.000000 -11.000000 -8.000000 -6.000000 -4.000000 -1.000000
0.264160 -0.565430 -0.565430 -240.625000 -211.125000 -211.125000 7.000000 7.000000 2.000000 -3.000000 -3.000000 -9.000000 -52.000000 -44.000000 -9.000000 -4.000000 -3.000000
0.335938 -0.578613 -0.578613 -173.000000 -200.750000 -200.750000 7.000000 6.000000 1.000000 -3.000000 -3.000000 -9.000000 -52.000000 -44.000000 -9.000000 -4.000000 -3.000000
0.500488 -0.437988 -0.437988 -210.937500 -197.125000 -197.125000 7.000000 5.000000 1.000000 -4.000000 -6.000000 5.000000 49.000000 19.000000 5.000000 1.000000 -1.000000
1.062500 -0.907715 -0.907715 -210.812500 -146.187500 -146.187500 6.000000 4.000000 1.000000 2.000000 13.000000 -11.000000 -59.000000 1.000000 -3.000000 0.000000 -1.000000
1.070801 -0.986328 -0.986328 -114.687500 -120.187500 -120.187500 6.000000 4.000000 1.000000 -6.000000 -21.000000 1.000000 34.000000 2.000000 -34.000000 -5.000000 -5.000000
1.001465 -0.513184 -0.513184 1.437500 -110.000000 -110.000000 7.000000 3.000000 1.000000 -2.000000 21.000000 29.000000 -34.000000 -46.000000 -44.000000 -8.000000 -5.000000
1.141113 -0.297363 -0.297363 -5.000000 -127.187500 -127.187500 7.000000 2.000000 0.000000 -8.000000 -36.000000 -36.000000 7.000000 44.000000 78.000000 1.000000 -3.000000
1.493164 -0.283203 -0.283203 -26.125000 -115.750000 -115.750000 7.000000 1.000000 0.000000 7.000000 1.000000 0.000000 -5.000000 -22.000000 -38.000000 1.000000 6.000000
1.355957 -0.222656 -0.222656 18.875000 -83.437500 -83.437500 8.000000 1.000000 17.000000 -4.000000 15.000000 1.000000 -41.000000 -22.000000 38.000000 -2.000000 -2.000000
1.149902 0.223633 0.223633 63.312500 -59.250000 -59.250000 9.000000 1.000000 16.000000 0.000000 4.000000 -3.000000 59.000000 49.000000 -31.000000 -3.000000 0.000000
1.074219 0.281250 0.281250 30.937500 -49.500000 -49.500000 9.000000 1.000000 16.000000 -6.000000 -19.000000 -4.000000 42.000000 10.000000 52.000000 -8.000000 -4.000000
1.042969 0.011230 0.011230 -19.125000 -29.562500 -29.562500 9.000000 1.000000 16.000000 2.000000 9.000000 8.000000 90.000000 99.000000 14.000000 7.000000 1.000000
1.013672 -0.059082 -0.059082 -9.312500 -19.250000 -19.250000 10.000000 1.000000 16.000000 1.000000 -6.000000 1.000000 10.000000 -8.000000 46.000000 4.000000 2.000000
0.986328 -0.050293 -0.050293 -8.125000 -7.812500 -7.812500 10.000000 1.000000 16.000000 -8.000000 2.000000 -3.000000 -84.000000 -86.000000 -34.000000 0.000000 0.000000
0.988281 -0.076172 -0.076172 -14.000000 -4.625000 -4.625000 9.000000 1.000000 16.000000 11.000000 7.000000 -8.000000 -47.000000 94.000000 39.000000 -1.000000 1.000000
1.016602 -0.111816 -0.111816 5.062500 2.187500 2.187500 9.000000 1.000000 16.000000 -8.000000 -15.000000 -19.000000 -25.000000 -21.000000 31.000000 -11.000000 -7.000000
1.011230 -0.086914 -0.086914 19.750000 5.750000 5.750000 9.000000 1.000000 16.000000 -10.000000 -3.000000 1.000000 17.000000 17.000000 -53.000000 -8.000000 -8.000000
0.988770 -0.020996 -0.020996 22.937500 7.562500 7.562500 9.000000 1.000000 16.000000 -10.000000 -11.000000 -3.000000 -24.000000 -101.000000 -94.000000 -12.000000 -8.000000
0.959473 0.007324 0.007324 11.937500 8.125000 8.125000 9.000000 1.000000 16.000000 10.000000 15.000000 20.000000 1.000000 -67.000000 43.000000 39.000000 14.000000
0.962402 -0.009277 -0.009277 -4.187500 8.062500 8.062500 9.000000 1.000000 16.000000 10.000000 15.000000 20.000000 1.000000 -67.000000 43.000000 39.000000 14.000000
0.980957 -0.053711 -0.053711 -10.312500 8.375000 8.375000 9.000000 1.000000 16.000000 12.000000 12.000000 11.000000 26.000000 60.000000 -45.000000 3.000000 12.000000
0.987305 -0.077148 -0.077148 -3.125000 9.687500 9.687500 9.000000 1.000000 17.000000 -4.000000 -5.000000 -10.000000 10.000000 64.000000 -1.000000 8.000000 1.000000
0.976562 -0.066895 -0.066895 6.500000 10.500000 10.500000 8.000000 1.000000 17.000000 -9.000000 -7.000000 2.000000 -34.000000 -49.000000 70.000000 19.000000 -5.000000
0.971191 -0.061523 -0.061523 11.375000 9.750000 9.750000 8.000000 1.000000 17.000000 12.000000 22.000000 0.000000 -22.000000 -19.000000 -4.000000 5.000000 10.000000
0.970703 -0.052734 -0.052734 11.500000 8.500000 8.500000 8.000000 1.000000 17.000000 -6.000000 1.000000 3.000000 8.000000 15.000000 -12.000000 -6.000000 -3.000000
0.971680 -0.047852 -0.047852 9.937500 7.250000 7.250000 8.000000 1.000000 17.000000 0.000000 -1.000000 3.000000 2.000000 69.000000 63.000000 -2.000000 -2.000000
0.968262 -0.034180 -0.034180 9.250000 6.687500 6.687500 8.000000 1.000000 17.000000 3.000000 0.000000 3.000000 -5.000000 -98.000000 -118.000000 -2.000000 -2.000000
0.959961 -0.039062 -0.039062 7.750000 5.562500 5.562500 8.000000 1.000000 17.000000 -5.000000 4.000000 -4.000000 69.000000 127.000000 127.000000 2.000000 -6.000000
0.961914 -0.043945 -0.043945 6.687500 4.500000 4.500000 8.000000 1.000000 17.000000 -3.000000 -19.000000 2.000000 -63.000000 -37.000000 -69.000000 11.000000 0.000000
0.958984 -0.054199 -0.054199 8.062500 3.312500 3.312500 8.000000 1.000000 17.000000 -4.000000 -5.000000 1.000000 -31.000000 -33.000000 -22.000000 -4.000000 -2.000000
0.973633 -0.057617 -0.057617 10.062500 2.500000 2.500000 8.000000 1.000000 17.000000 -1.000000 -3.000000 -13.000000 0.000000 -35.000000 -74.000000 -5.000000 0.000000
0.972656 -0.045410 -0.045410 12.312500 2.125000 2.125000 8.000000 1.000000 17.000000 7.000000 13.000000 13.000000 21.000000 24.000000 20.000000 9.000000 5.000000
0.960938 -0.031250 -0.031250 11.687500 1.625000 1.625000 8.000000 1.000000 17.000000 -11.000000 -10.000000 -2.000000 -4.000000 -1.000000 30.000000 -9.000000 -8.000000
0.951660 -0.026367 -0.026367 8.812500 0.562500 0.562500 8.000000 1.000000 17.000000 -11.000000 -10.000000 -2.000000 -4.000000 -1.000000 30.000000 -9.000000 -8.000000
0.963867 -0.035156 -0.035156 6.875000 -0.187500 -0.187500 8.000000 1.000000 17.000000 8.000000 10.000000 -16.000000 -6.000000 63.000000 55.000000 7.000000 6.000000
0.975586 -0.042480 -0.042480 6.187500 0.000000 0.000000 8.000000 1.000000 17.000000 0.000000 -8.000000 20.000000 27.000000 -13.000000 -24.000000 9.000000 0.000000
0.968262 -0.054199 -0.054199 7.375000 0.187500 0.187500 8.000000 1.000000 17.000000 2.000000 13.000000 54.000000 47.000000 2.000000 -2.000000 -6.000000 -2.000000
0.968262 -0.043945 -0.043945 7.937500 -0.125000 -0.125000 8.000000 1.000000 17.000000 2.000000 13.000000 54.000000 47.000000 2.000000 -2.000000 -6.000000 -2.000000
0.978516 -0.033691 -0.033691 4.125000 -0.062500 -0.062500 8.000000 1.000000 17.000000 3.000000 -4.000000 -28.000000 37.000000 -11.000000 8.000000 -5.000000 3.000000
0.963867 -0.040527 -0.040527 -0.500000 -0.375000 -0.375000 8.000000 1.000000 17.000000 3.000000 -4.000000 -28.000000 37.000000 -11.000000 8.000000 -5.000000 3.000000
0.957520 -0.055664 -0.055664 -2.375000 -0.500000 -0.500000 8.000000 1.000000 17.000000 5.000000 8.000000 -16.000000 24.000000 19.000000 0.000000 1.000000 2.000000
0.965332 -0.059082 -0.059082 -1.125000 -0.500000 -0.500000 8.000000 1.000000 17.000000 5.000000 8.000000 -16.000000 24.000000 19.000000 0.000000 1.000000 2.000000
0.973633 -0.065430 -0.065430 1.500000 0.187500 0.187500 8.000000 1.000000 17.000000 -3.000000 1.000000 26.000000 26.000000 -8.000000 0.000000 -3.000000 -4.000000
0.970215 -0.072266 -0.072266 3.750000 0.437500 0.437500 8.000000 1.000000 17.000000 -3.000000 1.000000 26.000000 26.000000 -8.000000 0.000000 -3.000000 -4.000000
