0.968262 -0.089844 -0.089844 2.937500 9.625000 9.625000 6.000000 0.000000 0.000000 -1.000000 -3.000000 2.000000 10.000000 2.000000 -1.000000 -1.000000 -2.000000
0.927246 -0.133301 -0.133301 1.875000 10.500000 10.500000 6.000000 0.000000 0.000000 -2.000000 0.000000 -7.000000 -7.000000 0.000000 -2.000000 -1.000000 -1.000000
0.929199 -0.164062 -0.164062 7.375000 12.250000 12.250000 6.000000 0.000000 0.000000 -3.000000 -1.000000 3.000000 -3.000000 -1.000000 -1.000000 -2.000000 -3.000000
0.983398 -0.155762 -0.155762 12.625000 14.125000 14.125000 6.000000 0.000000 0.000000 -1.000000 -1.000000 -1.000000 -1.000000 0.000000 -1.000000 -1.000000 -2.000000
1.024414 -0.135742 -0.135742 10.750000 16.312500 16.312500 6.000000 0.000000 0.000000 -1.000000 0.000000 -4.000000 -4.000000 0.000000 -3.000000 -1.000000 0.000000
1.002930 -0.123535 -0.123535 6.500000 18.500000 18.500000 6.000000 0.000000 0.000000 -2.000000 -4.000000 2.000000 6.000000 1.000000 -2.000000 -1.000000 0.000000
0.968262 -0.136719 -0.136719 5.062500 20.562500 20.562500 6.000000 0.000000 0.000000 -1.000000 -1.000000 -1.000000 2.000000 0.000000 -3.000000 -1.000000 -1.000000
0.945801 -0.148438 -0.148438 7.875000 22.500000 22.500000 6.000000 0.000000 0.000000 -2.000000 -2.000000 -2.000000 1.000000 1.000000 -2.000000 -1.000000 -2.000000
0.962402 -0.155273 -0.155273 11.375000 23.437500 23.437500 6.000000 0.000000 0.000000 -2.000000 -1.000000 -1.000000 -13.000000 0.000000 -1.000000 -1.000000 -2.000000
1.005859 -0.137207 -0.137207 10.375000 25.000000 25.000000 6.000000 0.000000 0.000000 -1.000000 -1.000000 -2.000000 1.000000 0.000000 -1.000000 -1.000000 -1.000000
1.023438 -0.127441 -0.127441 5.000000 26.875000 26.875000 6.000000 0.000000 0.000000 -1.000000 0.000000 1.000000 10.000000 0.000000 -3.000000 -2.000000 -1.000000
0.991699 -0.124512 -0.124512 0.687500 26.875000 26.875000 6.000000 1.000000 17.000000 -1.000000 0.000000 1.000000 10.000000 0.000000 -3.000000 -2.000000 -1.000000
0.970703 -0.134277 -0.134277 -1.875000 24.312500 24.312500 6.000000 1.000000 17.000000 -1.000000 -1.000000 -2.000000 2.000000 1.000000 0.000000 0.000000 0.000000
0.954590 -0.144043 -0.144043 -1.125000 21.812500 21.812500 6.000000 1.000000 17.000000 -1.000000 -1.000000 -2.000000 2.000000 1.000000 0.000000 0.000000 0.000000
0.955566 -0.145508 -0.145508 1.062500 18.875000 18.875000 6.000000 1.000000 17.000000 -1.000000 -1.000000 -1.000000 -3.000000 0.000000 -1.000000 -2.000000 -2.000000
0.958984 -0.145508 -0.145508 4.000000 15.625000 15.625000 7.000000 1.000000 17.000000 -1.000000 -1.000000 -1.000000 -3.000000 0.000000 -1.000000 -2.000000 -2.000000
0.945801 -0.138184 -0.138184 9.250000 13.250000 13.250000 7.000000 1.000000 17.000000 -3.000000 -5.000000 -3.000000 -5.000000 0.000000 -1.000000 0.000000 -3.000000
0.916992 -0.133301 -0.133301 14.750000 11.250000 11.250000 7.000000 1.000000 17.000000 -3.000000 -5.000000 -3.000000 -5.000000 0.000000 -1.000000 0.000000 -3.000000
0.900879 -0.141113 -0.141113 20.625000 8.187500 8.187500 7.000000 1.000000 17.000000 -2.000000 -1.000000 0.000000 -20.000000 -2.000000 -2.000000 -1.000000 -1.000000
0.880859 -0.137695 -0.137695 26.062500 5.812500 5.812500 7.000000 1.000000 17.000000 -2.000000 -1.000000 0.000000 -20.000000 -2.000000 -2.000000 -1.000000 -1.000000
0.886719 -0.151855 -0.151855 24.375000 2.625000 2.625000 7.000000 1.000000 17.000000 -2.000000 -2.000000 0.000000 -1.000000 1.000000 1.000000 -1.000000 -2.000000
0.930176 -0.178223 -0.178223 16.812500 0.312500 0.312500 7.000000 1.000000 17.000000 -2.000000 -3.000000 -2.000000 -5.000000 0.000000 -2.000000 -2.000000 -2.000000
1.015137 -0.182129 -0.182129 8.375000 1.687500 1.687500 6.000000 1.000000 0.000000 -1.000000 -2.000000 1.000000 0.000000 0.000000 -1.000000 -1.000000 -1.000000
1.076660 -0.172363 -0.172363 -3.375000 9.500000 9.500000 6.000000 1.000000 0.000000 -1.000000 -2.000000 1.000000 0.000000 0.000000 -1.000000 -1.000000 -1.000000
1.100586 -0.194336 -0.194336 -17.625000 20.875000 20.875000 6.000000 1.000000 0.000000 -3.000000 -2.000000 0.000000 5.000000 1.000000 -3.000000 -1.000000 -1.000000
1.146484 -0.257324 -0.257324 -26.937500 32.312500 32.312500 6.000000 1.000000 0.000000 -3.000000 -2.000000 0.000000 5.000000 1.000000 -3.000000 -1.000000 -1.000000
1.220703 -0.296387 -0.296387 -35.125000 53.375000 53.375000 6.000000 1.000000 0.000000 -1.000000 -1.000000 0.000000 -4.000000 0.000000 -2.000000 -1.000000 -1.000000
1.260742 -0.343262 -0.343262 -46.875000 82.437500 82.437500 6.000000 2.000000 0.000000 0.000000 -2.000000 -1.000000 0.000000 1.000000 0.000000 -1.000000 -1.000000
1.258789 -0.364746 -0.364746 -59.875000 108.250000 108.250000 6.000000 2.000000 0.000000 -2.000000 -3.000000 -2.000000 -4.000000 0.000000 -1.000000 -1.000000 -1.000000
1.300293 -0.478516 -0.478516 -62.875000 124.312500 124.312500 6.000000 2.000000 0.000000 -1.000000 -2.000000 -1.000000 2.000000 2.000000 -2.000000 -1.000000 -1.000000
1.365234 -0.765625 -0.765625 -75.187500 145.437500 145.437500 6.000000 3.000000 0.000000 -2.000000 -2.000000 -1.000000 11.000000 -2.000000 -3.000000 -2.000000 -2.000000
1.294434 -1.020996 -1.020996 -62.750000 164.125000 164.125000 6.000000 4.000000 0.000000 -2.000000 -2.000000 -1.000000 11.000000 -2.000000 -3.000000 -2.000000 -2.000000
1.112793 -1.262207 -1.262207 -18.250000 183.000000 183.000000 6.000000 4.000000 0.000000 -2.000000 -3.000000 0.000000 3.000000 0.000000 -2.000000 -2.000000 -2.000000
0.970703 -1.155273 -1.155273 28.937500 191.437500 191.437500 6.000000 5.000000 0.000000 -1.000000 -1.000000 -2.000000 -4.000000 0.000000 -3.000000 -1.000000 -2.000000
0.684082 -1.111816 -1.111816 76.875000 208.187500 208.187500 6.000000 6.000000 0.000000 -1.000000 -1.000000 -2.000000 3.000000 1.000000 -1.000000 0.000000 -2.000000
0.245605 -0.981934 -0.981934 117.750000 208.875000 208.875000 6.000000 7.000000 0.000000 -1.000000 -1.000000 -2.000000 3.000000 1.000000 -1.000000 0.000000 -2.000000
0.129883 -0.858398 -0.858398 159.500000 221.875000 221.875000 6.000000 8.000000 0.000000 -3.000000 -2.000000 -2.000000 -3.000000 0.000000 -4.000000 -1.000000 -1.000000
0.066406 -0.649414 -0.649414 195.312500 226.062500 226.062500 6.000000 9.000000 0.000000 -2.000000 -2.000000 -2.000000 -3.000000 2.000000 -2.000000 -1.000000 -1.000000
-0.036621 -0.429199 -0.429199 217.500000 232.000000 232.000000 6.000000 10.000000 0.000000 -1.000000 -1.000000 -1.000000 2.000000 0.000000 -2.000000 -1.000000 -2.000000
-0.089355 -0.317871 -0.317871 159.375000 215.000000 215.000000 7.000000 11.000000 1.000000 -2.000000 -1.000000 -1.000000 -1.000000 1.000000 -1.000000 -2.000000 -1.000000
-0.096680 -0.324707 -0.324707 114.562500 200.375000 200.375000 7.000000 11.000000 1.000000 -1.000000 -2.000000 -2.000000 -1.000000 0.000000 -2.000000 -1.000000 -2.000000
-0.231445 -0.365723 -0.365723 93.437500 157.875000 157.875000 7.000000 12.000000 1.000000 -1.000000 -2.000000 -2.000000 -1.000000 0.000000 -2.000000 -1.000000 -2.000000
-0.294434 -0.440918 -0.440918 96.750000 122.500000 122.500000 7.000000 12.000000 1.000000 -2.000000 0.000000 -1.000000 -2.000000 -1.000000 -2.000000 -3.000000 -1.000000
-0.216309 -0.397949 -0.397949 112.875000 97.125000 97.125000 8.000000 13.000000 2.000000 -2.000000 -1.000000 0.000000 -1.000000 2.000000 -1.000000 -1.000000 -1.000000
-0.217285 -0.201660 -0.201660 123.250000 78.500000 78.500000 8.000000 13.000000 2.000000 -1.000000 -2.000000 0.000000 -1.000000 0.000000 -1.000000 -1.000000 -1.000000
-0.322266 -0.051270 -0.051270 97.625000 54.875000 54.875000 8.000000 13.000000 2.000000 -1.000000 -2.000000 0.000000 -1.000000 0.000000 -1.000000 -1.000000 -1.000000
-0.331055 -0.165039 -0.165039 48.250000 28.562500 28.562500 8.000000 13.000000 2.000000 0.000000 -1.000000 0.000000 -6.000000 -2.000000 -4.000000 -2.000000 -2.000000
-0.343262 -0.118652 -0.118652 55.062500 13.937500 13.937500 8.000000 13.000000 2.000000 0.000000 -1.000000 0.000000 -6.000000 -2.000000 -4.000000 -2.000000 -2.000000
-0.438965 -0.018066 -0.018066 41.875000 0.875000 0.875000 9.000000 13.000000 2.000000 -2.000000 -1.000000 -4.000000 0.000000 -1.000000 -1.000000 -1.000000 -2.000000
-0.473633 0.011719 0.011719 15.062500 -12.812500 -12.812500 9.000000 13.000000 2.000000 -2.000000 -2.000000 -2.000000 1.000000 -1.000000 -2.000000 0.000000 -2.000000
-0.587891 -0.064941 -0.064941 2.937500 -15.625000 -15.625000 9.000000 13.000000 3.000000 -1.000000 -2.000000 5.000000 0.000000 1.000000 -2.000000 -1.000000 -1.000000
-0.639648 -0.204590 -0.204590 0.375000 -15.312500 -15.312500 9.000000 13.000000 3.000000 -2.000000 -2.000000 -9.000000 1.000000 4.000000 -1.000000 -1.000000 -1.000000
-0.547852 -0.020020 -0.020020 18.000000 -2.000000 -2.000000 9.000000 13.000000 3.000000 0.000000 0.000000 -2.000000 2.000000 4.000000 -1.000000 -1.000000 -1.000000
-0.681641 0.001953 0.001953 -33.187500 -7.312500 -7.312500 9.000000 13.000000 3.000000 0.000000 0.000000 2.000000 -3.000000 -4.000000 -2.000000 -1.000000 -1.000000
-0.722656 -0.051758 -0.051758 2.250000 -8.625000 -8.625000 9.000000 13.000000 3.000000 0.000000 -1.000000 -1.000000 0.000000 8.000000 2.000000 0.000000 0.000000
-0.794922 0.112793 0.112793 23.250000 -7.000000 -7.000000 9.000000 13.000000 3.000000 -2.000000 -2.000000 0.000000 3.000000 1.000000 0.000000 0.000000 -1.000000
-0.750977 0.206543 0.206543 6.437500 -7.250000 -7.250000 9.000000 13.000000 3.000000 -1.000000 -4.000000 0.000000 12.000000 -2.000000 -3.000000 -2.000000 -1.000000
-0.684082 0.139160 0.139160 -9.125000 -7.562500 -7.562500 9.000000 13.000000 3.000000 -1.000000 -4.000000 0.000000 12.000000 -2.000000 -3.000000 -2.000000 -1.000000
-0.621094 0.091797 0.091797 -2.625000 -6.062500 -6.062500 9.000000 13.000000 3.000000 -1.000000 -3.000000 -9.000000 -14.000000 3.000000 0.000000 -1.000000 -1.000000
-0.581055 0.073242 0.073242 9.062500 -6.312500 -6.312500 9.000000 13.000000 3.000000 -2.000000 0.000000 3.000000 12.000000 -3.000000 -7.000000 -4.000000 -2.000000
-0.478027 0.088379 0.088379 31.062500 2.437500 2.437500 9.000000 13.000000 3.000000 -1.000000 3.000000 -2.000000 24.000000 18.000000 9.000000 2.000000 -1.000000
-0.397949 0.110840 0.110840 52.625000 15.750000 15.750000 9.000000 13.000000 3.000000 -1.000000 3.000000 -2.000000 24.000000 18.000000 9.000000 2.000000 -1.000000
-0.124023 0.219727 0.219727 112.625000 87.250000 87.250000 9.000000 13.000000 3.000000 -4.000000 1.000000 1.000000 19.000000 80.000000 106.000000 -1.000000 -4.000000
-0.275879 0.141602 0.141602 149.250000 134.750000 134.750000 9.000000 13.000000 2.000000 -3.000000 -7.000000 1.000000 -13.000000 -44.000000 -91.000000 -3.000000 -2.000000
-1.029297 0.000977 0.000977 151.625000 150.000000 150.000000 9.000000 14.000000 2.000000 1.000000 -2.000000 -16.000000 8.000000 33.000000 44.000000 4.000000 2.000000
-1.425781 -0.102051 -0.102051 93.875000 112.625000 112.625000 9.000000 14.000000 2.000000 0.000000 -7.000000 12.000000 -8.000000 -42.000000 -4.000000 1.000000 2.000000
-1.485840 -0.354492 -0.354492 12.062500 40.250000 40.250000 8.000000 14.000000 1.000000 -2.000000 3.000000 16.000000 20.000000 68.000000 69.000000 -1.000000 -1.000000
-1.317871 -0.574219 -0.574219 33.437500 -36.250000 -36.250000 8.000000 15.000000 1.000000 -2.000000 3.000000 16.000000 20.000000 68.000000 69.000000 -1.000000 -1.000000
-1.150391 -0.056152 -0.056152 64.375000 -72.312500 -72.312500 8.000000 14.000000 1.000000 -4.000000 -6.000000 -16.000000 -100.000000 -60.000000 40.000000 -7.000000 -4.000000
-0.854492 0.083984 0.083984 -35.875000 -76.187500 -76.187500 9.000000 14.000000 1.000000 -4.000000 -6.000000 -16.000000 -100.000000 -60.000000 40.000000 -7.000000 -4.000000
-0.816895 0.061523 0.061523 -2.750000 -2.062500 -2.062500 9.000000 14.000000 1.000000 6.000000 11.000000 36.000000 94.000000 37.000000 -18.000000 12.000000 5.000000
-0.756348 0.157715 0.157715 8.125000 24.312500 24.312500 9.000000 14.000000 1.000000 5.000000 3.000000 -5.000000 -25.000000 -14.000000 67.000000 11.000000 8.000000
-0.852051 0.329590 0.329590 -15.125000 18.000000 18.000000 9.000000 14.000000 2.000000 -9.000000 -17.000000 -12.000000 -89.000000 -102.000000 -95.000000 -17.000000 -12.000000
-0.796875 -0.083008 -0.083008 -4.062500 -10.375000 -10.375000 9.000000 14.000000 1.000000 -1.000000 -4.000000 -18.000000 -23.000000 -18.000000 9.000000 2.000000 0.000000
-0.712891 -0.010254 -0.010254 8.062500 -26.562500 -26.562500 9.000000 14.000000 1.000000 7.000000 14.000000 -10.000000 1.000000 -13.000000 52.000000 9.000000 6.000000
-0.465332 0.001953 0.001953 -18.437500 -62.500000 -62.500000 8.000000 14.000000 1.000000 1.000000 8.000000 42.000000 47.000000 19.000000 -21.000000 11.000000 4.000000
-0.386230 -0.053223 -0.053223 -42.250000 -85.562500 -85.562500 8.000000 14.000000 1.000000 0.000000 -1.000000 -12.000000 43.000000 42.000000 30.000000 1.000000 -4.000000
-0.398438 -0.213379 -0.213379 -69.750000 -120.000000 -120.000000 8.000000 14.000000 1.000000 -5.000000 8.000000 47.000000 -26.000000 -27.000000 -71.000000 -15.000000 -9.000000
-0.452637 -0.184570 -0.184570 -86.625000 -161.062500 -161.062500 8.000000 13.000000 1.000000 -5.000000 -13.000000 -20.000000 -56.000000 -104.000000 -58.000000 -24.000000 -7.000000
-0.384766 -0.200684 -0.200684 -98.125000 -209.375000 -209.375000 8.000000 13.000000 1.000000 -1.000000 -15.000000 -67.000000 67.000000 122.000000 107.000000 13.000000 7.000000
-0.354980 -0.291504 -0.291504 -112.250000 -247.875000 -247.875000 8.000000 12.000000 1.000000 1.000000 11.000000 -4.000000 51.000000 127.000000 89.000000 -8.000000 -3.000000
-0.226562 -0.259766 -0.259766 -97.937500 -254.750000 -254.750000 8.000000 12.000000 1.000000 1.000000 11.000000 -4.000000 51.000000 127.000000 89.000000 -8.000000 -3.000000
-0.368164 -0.217285 -0.217285 -63.812500 -243.312500 -243.312500 7.000000 11.000000 1.000000 9.000000 20.000000 30.000000 102.000000 119.000000 117.000000 8.000000 7.000000
-0.659668 -0.173340 -0.173340 -82.375000 -252.812500 -252.812500 7.000000 10.000000 1.000000 -4.000000 -3.000000 -76.000000 -16.000000 -58.000000 16.000000 0.000000 -7.000000
-0.584961 -0.309570 -0.309570 -141.187500 -277.375000 -277.375000 7.000000 10.000000 1.000000 -6.000000 -11.000000 -21.000000 122.000000 29.000000 0.000000 -11.000000 -7.000000
-0.114746 -0.519531 -0.519531 -154.125000 -280.062500 -280.062500 7.000000 9.000000 1.000000 -12.000000 -20.000000 -25.000000 -79.000000 -89.000000 -57.000000 -18.000000 -19.000000
-0.114746 -0.519531 -0.519531 -154.125000 -280.062500 -280.062500 7.000000 9.000000 1.000000 -4.000000 -15.000000 69.000000 59.000000 -52.000000 -86.000000 2.000000 -2.000000
0.109863 -0.650879 -0.650879 -65.312500 -242.250000 -242.250000 7.000000 8.000000 0.000000 -4.000000 -15.000000 69.000000 59.000000 -52.000000 -86.000000 2.000000 -2.000000
-0.168457 -0.312988 -0.312988 1.250000 -236.187500 -236.187500 7.000000 8.000000 0.000000 18.000000 0.000000 29.000000 -12.000000 71.000000 14.000000 -1.000000 8.000000
-0.089844 -0.245605 -0.245605 -52.312500 -255.437500 -255.437500 7.000000 7.000000 0.000000 18.000000 0.000000 29.000000 -12.000000 71.000000 14.000000 -1.000000 8.000000
0.421387 -0.706055 -0.706055 -126.312500 -250.812500 -250.812500 7.000000 7.000000 0.000000 -14.000000 -1.000000 -84.000000 -63.000000 -33.000000 -46.000000 1.000000 -1.000000
0.733398 -1.009277 -1.009277 -71.687500 -206.750000 -206.750000 7.000000 6.000000 0.000000 -1.000000 1.000000 63.000000 14.000000 32.000000 25.000000 -4.000000 -3.000000
0.541016 -0.686523 -0.686523 44.250000 -171.062500 -171.062500 7.000000 6.000000 0.000000 -1.000000 -22.000000 -5.000000 54.000000 -11.000000 -9.000000 21.000000 3.000000
0.337402 -0.262695 -0.262695 32.375000 -178.375000 -178.375000 7.000000 5.000000 0.000000 -1.000000 -22.000000 -5.000000 54.000000 -11.000000 -9.000000 21.000000 3.000000
0.513672 -0.333984 -0.333984 -70.312500 -180.187500 -180.187500 7.000000 5.000000 0.000000 9.000000 4.000000 42.000000 26.000000 7.000000 9.000000 4.000000 5.000000
0.822266 -0.819824 -0.819824 -107.125000 -165.937500 -165.937500 7.000000 4.000000 0.000000 -7.000000 -7.000000 -9.000000 -69.000000 -10.000000 -11.000000 3.000000 -1.000000
0.952637 -0.900391 -0.900391 -20.875000 -135.687500 -135.687500 7.000000 4.000000 0.000000 -3.000000 26.000000 -35.000000 40.000000 48.000000 39.000000 1.000000 -4.000000
0.842285 -0.566406 -0.566406 52.375000 -124.937500 -124.937500 7.000000 4.000000 0.000000 -3.000000 26.000000 -35.000000 40.000000 48.000000 39.000000 1.000000 -4.000000
0.748535 -0.295898 -0.295898 36.125000 -132.312500 -132.312500 7.000000 3.000000 0.000000 9.000000 7.000000 30.000000 -42.000000 40.000000 -7.000000 11.000000 7.000000
0.812012 -0.294434 -0.294434 -23.562500 -137.062500 -137.062500 7.000000 3.000000 0.000000 -3.000000 -4.000000 -2.000000 54.000000 -103.000000 -46.000000 -14.000000 -4.000000
0.929199 -0.461914 -0.461914 -43.250000 -130.375000 -130.375000 7.000000 2.000000 0.000000 8.000000 7.000000 52.000000 -65.000000 13.000000 -2.000000 -5.000000 3.000000
0.968262 -0.500977 -0.500977 -23.750000 -119.000000 -119.000000 7.000000 2.000000 0.000000 8.000000 7.000000 52.000000 -65.000000 13.000000 -2.000000 -5.000000 3.000000
0.635254 -0.491699 -0.491699 6.812500 -101.312500 -101.312500 7.000000 2.000000 0.000000 -8.000000 -20.000000 -62.000000 -45.000000 -5.000000 2.000000 -3.000000 -2.000000
1.184570 -0.322266 -0.322266 12.437500 -92.875000 -92.875000 7.000000 2.000000 0.000000 -8.000000 -20.000000 -62.000000 -45.000000 -5.000000 2.000000 -3.000000 -2.000000
0.770996 -0.279785 -0.279785 9.562500 -78.500000 -78.500000 7.000000 1.000000 0.000000 -4.000000 -2.000000 10.000000 -37.000000 -53.000000 -15.000000 -2.000000 -4.000000
1.621094 0.042969 0.042969 4.750000 -61.437500 -61.437500 8.000000 1.000000 17.000000 -1.000000 7.000000 -1.000000 -51.000000 29.000000 6.000000 -3.000000 0.000000
0.494141 -0.220215 -0.220215 10.187500 -53.812500 -53.812500 8.000000 1.000000 17.000000 -1.000000 -18.000000 0.000000 85.000000 59.000000 11.000000 4.000000 2.000000
1.675293 0.326660 0.326660 -10.562500 -46.250000 -46.250000 8.000000 1.000000 17.000000 -1.000000 -18.000000 0.000000 85.000000 59.000000 11.000000 4.000000 2.000000
1.258301 -0.012207 -0.012207 -31.250000 -26.125000 -26.125000 8.000000 1.000000 16.000000 -13.000000 -20.000000 -85.000000 127.000000 106.000000 20.000000 7.000000 -3.000000
1.089355 -0.045410 -0.045410 -14.750000 -11.437500 -11.437500 8.000000 1.000000 16.000000 -13.000000 -20.000000 -85.000000 127.000000 106.000000 20.000000 7.000000 -3.000000
1.033203 -0.049805 -0.049805 0.375000 -11.312500 -11.312500 8.000000 1.000000 16.000000 10.000000 -34.000000 54.000000 66.000000 65.000000 22.000000 14.000000 9.000000
0.968750 -0.029785 -0.029785 7.625000 -2.625000 -2.625000 8.000000 1.000000 17.000000 -4.000000 31.000000 -19.000000 43.000000 -92.000000 -29.000000 -15.000000 -8.000000
0.959473 -0.045898 -0.045898 -3.375000 0.812500 0.812500 8.000000 1.000000 17.000000 -11.000000 -41.000000 19.000000 -23.000000 -11.000000 -7.000000 3.000000 -1.000000
0.881836 -0.098633 -0.098633 -8.312500 1.687500 1.687500 8.000000 1.000000 17.000000 -11.000000 -41.000000 19.000000 -23.000000 -11.000000 -7.000000 3.000000 -1.000000
0.650391 -0.235352 -0.235352 -9.750000 3.562500 3.562500 8.000000 1.000000 17.000000 3.000000 28.000000 52.000000 14.000000 18.000000 8.000000 15.000000 6.000000
1.390137 -0.085938 -0.085938 10.125000 6.250000 6.250000 8.000000 1.000000 17.000000 3.000000 28.000000 52.000000 14.000000 18.000000 8.000000 15.000000 6.000000
1.650391 0.005371 0.005371 20.750000 5.250000 5.250000 8.000000 1.000000 17.000000 0.000000 -4.000000 -36.000000 13.000000 -8.000000 -3.000000 7.000000 -2.000000
0.401855 -0.217773 -0.217773 13.625000 8.062500 8.062500 8.000000 1.000000 17.000000 -1.000000 2.000000 -52.000000 -52.000000 -3.000000 -1.000000 -1.000000 -1.000000
0.336914 -0.235352 -0.235352 5.500000 8.625000 8.625000 8.000000 1.000000 17.000000 -4.000000 -6.000000 -4.000000 125.000000 30.000000 16.000000 7.000000 1.000000
0.429688 -0.244629 -0.244629 -1.312500 7.312500 7.312500 8.000000 1.000000 17.000000 3.000000 -4.000000 18.000000 -56.000000 4.000000 -3.000000 2.000000 1.000000
0.448242 -0.274902 -0.274902 -4.312500 6.125000 6.125000 8.000000 1.000000 17.000000 -7.000000 -15.000000 20.000000 -108.000000 -15.000000 -6.000000 -4.000000 -6.000000
0.480957 -0.265137 -0.265137 -2.375000 4.187500 4.187500 8.000000 1.000000 17.000000 1.000000 7.000000 -24.000000 -25.000000 9.000000 -4.000000 -8.000000 -2.000000
0.572266 -0.236328 -0.236328 -0.312500 2.437500 2.437500 8.000000 1.000000 17.000000 -8.000000 -7.000000 -12.000000 58.000000 -4.000000 -1.000000 -14.000000 -5.000000
0.705078 -0.187012 -0.187012 -2.187500 0.000000 0.000000 8.000000 2.000000 17.000000 -8.000000 -7.000000 -12.000000 58.000000 -4.000000 -1.000000 -14.000000 -5.000000
1.063477 -0.094727 -0.094727 -6.500000 -5.312500 -5.312500 8.000000 2.000000 17.000000 -1.000000 -37.000000 51.000000 -36.000000 9.000000 1.000000 -2.000000 0.000000
1.240723 -0.045898 -0.045898 -4.000000 -7.000000 -7.000000 8.000000 2.000000 17.000000 -1.000000 -37.000000 51.000000 -36.000000 9.000000 1.000000 -2.000000 0.000000
1.367676 -0.006836 -0.006836 -0.437500 -7.437500 -7.437500 8.000000 2.000000 17.000000 -2.000000 0.000000 -91.000000 49.000000 8.000000 1.000000 5.000000 2.000000
1.441406 0.022949 0.022949 3.375000 -7.562500 -7.562500 8.000000 2.000000 17.000000 -2.000000 0.000000 -91.000000 49.000000 8.000000 1.000000 5.000000 2.000000
1.435547 0.021484 0.021484 7.562500 -6.812500 -6.812500 8.000000 1.000000 17.000000 -1.000000 -13.000000 -7.000000 15.000000 4.000000 4.000000 -2.000000 1.000000
1.344727 0.001465 0.001465 10.312500 -5.187500 -5.187500 8.000000 1.000000 17.000000 -6.000000 -15.000000 111.000000 60.000000 -13.000000 -1.000000 -4.000000 -3.000000
1.024902 -0.131348 -0.131348 5.937500 1.812500 1.812500 8.000000 1.000000 17.000000 -4.000000 -9.000000 22.000000 -92.000000 -9.000000 10.000000 22.000000 -1.000000
0.999512 -0.110352 -0.110352 -0.125000 -1.750000 -1.750000 8.000000 1.000000 17.000000 -4.000000 -9.000000 22.000000 -92.000000 -9.000000 10.000000 22.000000 -1.000000
0.970703 -0.106934 -0.106934 -2.062500 -2.375000 -2.375000 8.000000 1.000000 17.000000 3.000000 -49.000000 51.000000 -11.000000 5.000000 2.000000 6.000000 4.000000
0.967773 -0.122070 -0.122070 0.625000 -1.937500 -1.937500 8.000000 1.000000 17.000000 -29.000000 80.000000 11.000000 40.000000 5.000000 -6.000000 -16.000000 -17.000000
0.962402 -0.114258 -0.114258 3.812500 -1.687500 -1.687500 8.000000 1.000000 17.000000 2.000000 103.000000 -51.000000 -11.000000 -13.000000 -10.000000 -12.000000 -5.000000
0.964844 -0.107422 -0.107422 3.937500 -1.625000 -1.625000 8.000000 1.000000 17.000000 8.000000 29.000000 -54.000000 73.000000 9.000000 0.000000 -6.000000 1.000000
0.960449 -0.104492 -0.104492 1.687500 -1.437500 -1.437500 8.000000 1.000000 17.000000 9.000000 -7.000000 109.000000 54.000000 65.000000 7.000000 3.000000 -2.000000
0.958496 -0.111816 -0.111816 -2.062500 -1.250000 -1.250000 8.000000 1.000000 17.000000 9.000000 -7.000000 109.000000 54.000000 65.000000 7.000000 3.000000 -2.000000
0.962402 -0.122559 -0.122559 -2.812500 -1.500000 -1.500000 8.000000 1.000000 17.000000 -1.000000 2.000000 -9.000000 -65.000000 -37.000000 -17.000000 5.000000 -7.000000
