0.979492 -0.095215 -0.095215 8.625000 -1.250000 -1.250000 6.000000 0.000000 17.000000 -3.000000 -5.000000 -3.000000 -6.000000 -3.000000 -3.000000 -2.000000 -2.000000
0.943848 -0.102539 -0.102539 7.687500 0.625000 0.625000 6.000000 0.000000 17.000000 0.000000 4.000000 23.000000 4.000000 0.000000 -1.000000 -1.000000 -1.000000
0.923340 -0.104492 -0.104492 9.000000 4.187500 4.187500 6.000000 0.000000 17.000000 -1.000000 0.000000 8.000000 6.000000 4.000000 0.000000 1.000000 0.000000
0.922852 -0.108398 -0.108398 5.875000 8.062500 8.062500 6.000000 0.000000 16.000000 -5.000000 -9.000000 -54.000000 -17.000000 -9.000000 -4.000000 -5.000000 -4.000000
0.910645 -0.154297 -0.154297 1.250000 9.187500 9.187500 6.000000 0.000000 16.000000 -1.000000 2.000000 -9.000000 -5.000000 0.000000 1.000000 0.000000 0.000000
0.933105 -0.169922 -0.169922 3.125000 10.187500 10.187500 6.000000 0.000000 16.000000 2.000000 14.000000 -7.000000 23.000000 9.000000 0.000000 1.000000 1.000000
0.976562 -0.164551 -0.164551 5.937500 11.437500 11.437500 6.000000 0.000000 16.000000 -6.000000 -18.000000 15.000000 -22.000000 -5.000000 -4.000000 -3.000000 -3.000000
1.025879 -0.136230 -0.136230 5.687500 16.562500 16.562500 6.000000 0.000000 16.000000 -3.000000 -8.000000 5.000000 6.000000 0.000000 -2.000000 -1.000000 -1.000000
0.985352 -0.109863 -0.109863 0.687500 21.437500 21.437500 6.000000 0.000000 16.000000 -3.000000 -4.000000 -11.000000 0.000000 -2.000000 -3.000000 -2.000000 -3.000000
0.960938 -0.142090 -0.142090 -5.375000 24.625000 24.625000 6.000000 0.000000 16.000000 1.000000 4.000000 -11.000000 -6.000000 -2.000000 -1.000000 -1.000000 -1.000000
0.979980 -0.193848 -0.193848 -5.125000 26.500000 26.500000 6.000000 1.000000 16.000000 0.000000 7.000000 -7.000000 -3.000000 1.000000 -1.000000 0.000000 0.000000
1.062012 -0.153320 -0.153320 3.687500 34.812500 34.812500 6.000000 1.000000 16.000000 1.000000 5.000000 27.000000 3.000000 3.000000 -1.000000 0.000000 -1.000000
1.073242 -0.084961 -0.084961 4.062500 45.062500 45.062500 7.000000 1.000000 16.000000 -1.000000 -4.000000 -14.000000 -6.000000 -2.000000 -2.000000 -1.000000 -1.000000
1.043945 -0.079590 -0.079590 -10.437500 49.437500 49.437500 7.000000 1.000000 15.000000 -5.000000 -6.000000 13.000000 9.000000 0.000000 -1.000000 -2.000000 -3.000000
1.026855 -0.113281 -0.113281 -21.000000 49.062500 49.062500 7.000000 1.000000 15.000000 -2.000000 -3.000000 5.000000 2.000000 0.000000 -1.000000 -3.000000 -1.000000
1.013184 -0.147461 -0.147461 -18.750000 49.562500 49.562500 7.000000 1.000000 15.000000 -2.000000 -3.000000 5.000000 2.000000 0.000000 -1.000000 -3.000000 -1.000000
1.001465 -0.139648 -0.139648 -12.312500 50.000000 50.000000 7.000000 1.000000 15.000000 -1.000000 -1.000000 14.000000 6.000000 0.000000 -3.000000 -2.000000 -1.000000
1.001953 -0.142090 -0.142090 -8.250000 47.250000 47.250000 7.000000 1.000000 15.000000 -1.000000 -1.000000 14.000000 6.000000 0.000000 -3.000000 -2.000000 -1.000000
1.010742 -0.173828 -0.173828 0.312500 38.625000 38.625000 7.000000 1.000000 15.000000 -1.000000 2.000000 -13.000000 -4.000000 1.000000 0.000000 -1.000000 -1.000000
0.976562 -0.153809 -0.153809 9.000000 31.687500 31.687500 7.000000 1.000000 15.000000 -1.000000 2.000000 -13.000000 -4.000000 1.000000 0.000000 -1.000000 -1.000000
0.956543 -0.174805 -0.174805 5.625000 25.625000 25.625000 7.000000 1.000000 15.000000 3.000000 6.000000 28.000000 -3.000000 -2.000000 -1.000000 -1.000000 -1.000000
0.925781 -0.213867 -0.213867 4.250000 17.937500 17.937500 7.000000 1.000000 15.000000 3.000000 6.000000 28.000000 -3.000000 -2.000000 -1.000000 -1.000000 -1.000000
0.903809 -0.241211 -0.241211 13.250000 8.500000 8.500000 7.000000 1.000000 15.000000 -7.000000 -13.000000 -55.000000 -8.000000 -4.000000 -5.000000 -4.000000 -5.000000
0.885254 -0.242676 -0.242676 25.437500 -0.437500 -0.437500 7.000000 1.000000 15.000000 0.000000 3.000000 -15.000000 -13.000000 1.000000 -1.000000 0.000000 1.000000
0.895996 -0.219727 -0.219727 33.187500 -8.062500 -8.062500 7.000000 1.000000 15.000000 -1.000000 -2.000000 23.000000 14.000000 4.000000 0.000000 -1.000000 0.000000
0.894531 -0.234863 -0.234863 35.562500 -17.625000 -17.625000 7.000000 1.000000 15.000000 -1.000000 -2.000000 23.000000 14.000000 4.000000 0.000000 -1.000000 0.000000
0.902832 -0.248535 -0.248535 36.000000 -27.062500 -27.062500 7.000000 1.000000 15.000000 1.000000 6.000000 19.000000 -9.000000 1.000000 0.000000 0.000000 0.000000
0.912109 -0.266602 -0.266602 42.187500 -36.750000 -36.750000 7.000000 1.000000 15.000000 2.000000 8.000000 -30.000000 -6.000000 2.000000 -1.000000 -1.000000 -5.000000
0.924805 -0.273438 -0.273438 51.312500 -47.000000 -47.000000 7.000000 1.000000 16.000000 -1.000000 -11.000000 1.000000 12.000000 -2.000000 -2.000000 2.000000 7.000000
0.962891 -0.281250 -0.281250 56.500000 -55.687500 -55.687500 7.000000 1.000000 16.000000 -5.000000 -8.000000 6.000000 -6.000000 -2.000000 -5.000000 -4.000000 -5.000000
0.971191 -0.272461 -0.272461 64.250000 -65.000000 -65.000000 6.000000 1.000000 16.000000 -4.000000 -4.000000 -12.000000 -5.000000 -1.000000 -2.000000 0.000000 -1.000000
0.955566 -0.304199 -0.304199 79.562500 -72.437500 -72.437500 6.000000 1.000000 17.000000 -4.000000 -4.000000 -12.000000 -5.000000 -1.000000 -2.000000 0.000000 -1.000000
0.948730 -0.257812 -0.257812 93.750000 -77.687500 -77.687500 6.000000 1.000000 17.000000 -1.000000 5.000000 -20.000000 -10.000000 -2.000000 -4.000000 -2.000000 -3.000000
1.010742 -0.190918 -0.190918 94.687500 -79.812500 -79.812500 6.000000 1.000000 17.000000 1.000000 0.000000 -5.000000 14.000000 2.000000 0.000000 1.000000 0.000000
1.114258 -0.085938 -0.085938 75.375000 -72.437500 -72.437500 5.000000 1.000000 0.000000 2.000000 9.000000 27.000000 13.000000 2.000000 -1.000000 0.000000 0.000000
0.975586 -0.100586 -0.100586 38.375000 -71.250000 -71.250000 5.000000 1.000000 0.000000 2.000000 9.000000 27.000000 13.000000 2.000000 -1.000000 0.000000 0.000000
0.876953 -0.244141 -0.244141 0.875000 -92.062500 -92.062500 5.000000 1.000000 0.000000 -1.000000 -7.000000 11.000000 -11.000000 -3.000000 -2.000000 0.000000 1.000000
0.880371 -0.369141 -0.369141 15.500000 -115.875000 -115.875000 4.000000 1.000000 1.000000 -1.000000 -7.000000 11.000000 -11.000000 -3.000000 -2.000000 0.000000 1.000000
2.081055 1.934570 1.934570 195.812500 27.437500 27.437500 5.000000 1.000000 1.000000 -3.000000 -7.000000 -35.000000 4.000000 1.000000 -2.000000 -1.000000 0.000000
1.101074 0.008789 0.008789 -56.937500 37.187500 37.187500 5.000000 1.000000 0.000000 -2.000000 -1.000000 12.000000 12.000000 2.000000 -1.000000 0.000000 1.000000
0.436523 0.049805 0.049805 -172.625000 -26.812500 -26.812500 5.000000 1.000000 0.000000 1.000000 3.000000 -13.000000 2.000000 0.000000 -1.000000 -1.000000 0.000000
1.237793 -0.541504 -0.541504 -74.125000 -26.437500 -26.437500 4.000000 1.000000 1.000000 -3.000000 2.000000 -12.000000 0.000000 -1.000000 -4.000000 -2.000000 -2.000000
1.119141 -0.675293 -0.675293 -61.562500 -3.937500 -3.937500 4.000000 1.000000 1.000000 0.000000 4.000000 22.000000 -9.000000 1.000000 0.000000 -2.000000 -2.000000
1.099609 -0.623535 -0.623535 68.875000 34.750000 34.750000 4.000000 1.000000 0.000000 -4.000000 -8.000000 -24.000000 -13.000000 -1.000000 -3.000000 -1.000000 -2.000000
0.878418 -0.130859 -0.130859 113.437500 49.625000 49.625000 5.000000 1.000000 0.000000 -3.000000 -2.000000 1.000000 -7.000000 -4.000000 -3.000000 -1.000000 -2.000000
0.891113 -0.011230 -0.011230 22.125000 44.375000 44.375000 5.000000 1.000000 0.000000 -1.000000 0.000000 -24.000000 19.000000 4.000000 -2.000000 -2.000000 0.000000
0.922363 -0.215820 -0.215820 -54.812500 47.687500 47.687500 5.000000 1.000000 0.000000 -2.000000 3.000000 40.000000 25.000000 3.000000 0.000000 -2.000000 -2.000000
0.977051 -0.333008 -0.333008 -55.562500 52.187500 52.187500 5.000000 1.000000 0.000000 -2.000000 3.000000 40.000000 25.000000 3.000000 0.000000 -2.000000 -2.000000
0.951660 -0.240723 -0.240723 -14.437500 50.000000 50.000000 5.000000 1.000000 0.000000 -2.000000 -7.000000 32.000000 11.000000 -1.000000 -2.000000 -3.000000 -5.000000
0.923340 -0.073730 -0.073730 21.750000 49.125000 49.125000 6.000000 1.000000 17.000000 -2.000000 -10.000000 -87.000000 -62.000000 -4.000000 -4.000000 3.000000 4.000000
1.020020 0.004395 0.004395 6.562500 50.812500 50.812500 6.000000 1.000000 17.000000 -1.000000 1.000000 -7.000000 -10.000000 3.000000 -1.000000 -1.000000 -2.000000
1.113281 -0.083008 -0.083008 -41.750000 62.375000 62.375000 6.000000 1.000000 17.000000 -1.000000 1.000000 -7.000000 -10.000000 3.000000 -1.000000 -1.000000 -2.000000
1.062500 -0.067871 -0.067871 -45.312500 65.000000 65.000000 6.000000 1.000000 16.000000 -3.000000 -2.000000 28.000000 -17.000000 -5.000000 -3.000000 -2.000000 -5.000000
0.968750 -0.178223 -0.178223 -57.375000 59.250000 59.250000 6.000000 1.000000 16.000000 -3.000000 -5.000000 -38.000000 -1.000000 1.000000 -1.000000 -1.000000 -2.000000
1.020020 -0.208008 -0.208008 -37.625000 60.500000 60.500000 7.000000 1.000000 16.000000 -2.000000 -1.000000 34.000000 4.000000 2.000000 -3.000000 -1.000000 -2.000000
1.011719 -0.088867 -0.088867 -15.187500 65.812500 65.812500 7.000000 1.000000 16.000000 -2.000000 -1.000000 34.000000 4.000000 2.000000 -3.000000 -1.000000 -2.000000
0.860352 -0.144531 -0.144531 -38.562500 55.812500 55.812500 7.000000 2.000000 16.000000 0.000000 0.000000 -46.000000 -20.000000 -3.000000 -2.000000 0.000000 0.000000
0.937012 -0.247070 -0.247070 -44.125000 54.750000 54.750000 7.000000 2.000000 16.000000 -2.000000 -3.000000 -33.000000 5.000000 -3.000000 -4.000000 -2.000000 0.000000
0.976074 -0.135742 -0.135742 -20.875000 65.562500 65.562500 7.000000 2.000000 15.000000 -2.000000 -3.000000 1.000000 -2.000000 1.000000 -2.000000 -1.000000 -1.000000
0.860840 -0.130371 -0.130371 -46.812500 64.000000 64.000000 7.000000 2.000000 15.000000 -1.000000 -2.000000 7.000000 4.000000 0.000000 -1.000000 -1.000000 -1.000000
0.791992 -0.275879 -0.275879 -73.312500 50.937500 50.937500 7.000000 2.000000 15.000000 0.000000 2.000000 48.000000 1.000000 3.000000 0.000000 -1.000000 -1.000000
0.928223 -0.319336 -0.319336 -47.625000 44.625000 44.625000 7.000000 2.000000 15.000000 -1.000000 3.000000 1.000000 0.000000 1.000000 0.000000 -1.000000 0.000000
0.737305 -0.681152 -0.681152 -31.937500 15.250000 15.250000 7.000000 2.000000 15.000000 -2.000000 -3.000000 13.000000 10.000000 2.000000 -1.000000 0.000000 -1.000000
0.860352 0.272461 0.272461 117.625000 8.875000 8.875000 7.000000 2.000000 15.000000 -2.000000 -3.000000 13.000000 10.000000 2.000000 -1.000000 0.000000 -1.000000
1.117188 0.544434 0.544434 116.250000 69.562500 69.562500 8.000000 2.000000 15.000000 2.000000 3.000000 18.000000 -31.000000 0.000000 -1.000000 3.000000 -1.000000
0.635742 -0.267578 -0.267578 -212.187500 11.375000 11.375000 8.000000 2.000000 15.000000 2.000000 3.000000 18.000000 -31.000000 0.000000 -1.000000 3.000000 -1.000000
0.941406 -0.748047 -0.748047 -57.687500 34.500000 34.500000 7.000000 2.000000 15.000000 0.000000 1.000000 -3.000000 0.000000 0.000000 -2.000000 0.000000 0.000000
0.895508 -0.209961 -0.209961 83.937500 31.750000 31.750000 8.000000 2.000000 15.000000 0.000000 1.000000 -3.000000 0.000000 0.000000 -2.000000 0.000000 0.000000
1.037109 0.211426 0.211426 56.312500 30.812500 30.812500 8.000000 2.000000 15.000000 0.000000 -3.000000 -19.000000 -5.000000 3.000000 1.000000 3.000000 9.000000
0.859375 0.187012 0.187012 -54.375000 29.312500 29.312500 8.000000 2.000000 15.000000 0.000000 -3.000000 -19.000000 -5.000000 3.000000 1.000000 3.000000 9.000000
0.643555 -0.231934 -0.231934 -172.125000 -1.875000 -1.875000 7.000000 2.000000 15.000000 0.000000 8.000000 78.000000 34.000000 8.000000 0.000000 -2.000000 -1.000000
0.708008 -0.688477 -0.688477 -154.625000 -15.500000 -15.500000 7.000000 2.000000 15.000000 1.000000 1.000000 -13.000000 5.000000 2.000000 -1.000000 -1.000000 0.000000
0.859863 -0.145996 -0.145996 151.750000 26.812500 26.812500 7.000000 2.000000 15.000000 -1.000000 0.000000 -8.000000 -24.000000 -4.000000 -4.000000 -2.000000 -2.000000
0.802734 0.309082 0.309082 62.875000 20.625000 20.625000 8.000000 2.000000 15.000000 -1.000000 0.000000 -8.000000 -24.000000 -4.000000 -4.000000 -2.000000 -2.000000
0.778809 -0.511230 -0.511230 -130.812500 -4.687500 -4.687500 7.000000 2.000000 15.000000 -3.000000 -9.000000 -1.000000 17.000000 0.000000 0.000000 -1.000000 -1.000000
0.731934 -0.600586 -0.600586 -30.187500 -11.812500 -11.812500 7.000000 2.000000 15.000000 -3.000000 -9.000000 -1.000000 17.000000 0.000000 0.000000 -1.000000 -1.000000
0.361328 -1.808594 -1.808594 -64.062500 -134.625000 -134.625000 7.000000 2.000000 15.000000 -1.000000 1.000000 76.000000 17.000000 0.000000 -1.000000 -1.000000 1.000000
2.267578 0.837891 0.837891 223.687500 -5.812500 -5.812500 7.000000 2.000000 15.000000 -7.000000 -15.000000 -83.000000 -16.000000 -7.000000 -5.000000 -5.000000 -6.000000
0.651367 -1.037109 -1.037109 -95.250000 -36.375000 -36.375000 7.000000 2.000000 15.000000 -1.000000 1.000000 38.000000 8.000000 0.000000 -1.000000 -1.000000 1.000000
0.961914 -0.051758 -0.051758 90.187500 -30.312500 -30.312500 7.000000 2.000000 15.000000 -2.000000 1.000000 5.000000 5.000000 1.000000 -3.000000 -4.000000 -5.000000
1.006348 -0.069824 -0.069824 31.312500 -24.000000 -24.000000 7.000000 2.000000 15.000000 -4.000000 -12.000000 -64.000000 -28.000000 0.000000 -3.000000 -3.000000 -3.000000
0.773438 -0.122070 -0.122070 -4.875000 -23.312500 -23.312500 7.000000 2.000000 15.000000 0.000000 -2.000000 5.000000 11.000000 1.000000 -1.000000 1.000000 -1.000000
0.916504 -0.336914 -0.336914 4.187500 -35.312500 -35.312500 7.000000 2.000000 15.000000 -1.000000 3.000000 71.000000 1.000000 6.000000 1.000000 -1.000000 -1.000000
0.929199 -0.285645 -0.285645 58.187500 -29.187500 -29.187500 7.000000 2.000000 16.000000 -2.000000 -1.000000 -49.000000 -22.000000 -6.000000 -3.000000 -1.000000 -1.000000
0.931641 -0.104004 -0.104004 31.625000 -21.750000 -21.750000 7.000000 2.000000 16.000000 -2.000000 -10.000000 -14.000000 4.000000 0.000000 -3.000000 -2.000000 -1.000000
0.839355 -0.229004 -0.229004 19.250000 -35.562500 -35.562500 7.000000 1.000000 16.000000 1.000000 3.000000 39.000000 14.000000 5.000000 -1.000000 0.000000 -2.000000
0.881836 -0.271484 -0.271484 62.500000 -45.000000 -45.000000 7.000000 1.000000 16.000000 1.000000 0.000000 -91.000000 -22.000000 1.000000 -2.000000 -2.000000 -2.000000
0.902344 -0.211914 -0.211914 81.812500 -46.812500 -46.812500 7.000000 1.000000 16.000000 0.000000 -8.000000 48.000000 27.000000 -5.000000 -1.000000 1.000000 0.000000
0.973633 -0.088379 -0.088379 69.062500 -41.687500 -41.687500 7.000000 1.000000 16.000000 -3.000000 -7.000000 -16.000000 -18.000000 0.000000 -4.000000 -5.000000 -10.000000
0.966797 -0.075195 -0.075195 48.062500 -38.562500 -38.562500 7.000000 1.000000 16.000000 0.000000 2.000000 43.000000 32.000000 -3.000000 -4.000000 -4.000000 3.000000
0.961426 -0.096191 -0.096191 30.562500 -36.312500 -36.312500 7.000000 1.000000 16.000000 0.000000 -2.000000 29.000000 8.000000 7.000000 3.000000 -7.000000 -8.000000
0.964355 -0.103027 -0.103027 23.062500 -33.875000 -33.875000 7.000000 1.000000 16.000000 0.000000 -2.000000 29.000000 8.000000 7.000000 3.000000 -7.000000 -8.000000
0.993652 -0.099121 -0.099121 21.625000 -30.000000 -30.000000 7.000000 1.000000 16.000000 3.000000 1.000000 -5.000000 3.000000 -2.000000 -2.000000 -1.000000 -5.000000
1.023438 -0.090332 -0.090332 21.500000 -23.937500 -23.937500 7.000000 1.000000 16.000000 -2.000000 -8.000000 32.000000 16.000000 5.000000 -8.000000 -23.000000 -21.000000
1.013672 -0.103516 -0.103516 23.750000 -19.250000 -19.250000 7.000000 1.000000 16.000000 -14.000000 8.000000 6.000000 -6.000000 -1.000000 10.000000 -21.000000 4.000000
1.002930 -0.109375 -0.109375 29.125000 -16.375000 -16.375000 7.000000 1.000000 16.000000 -14.000000 8.000000 6.000000 -6.000000 -1.000000 10.000000 -21.000000 4.000000
0.993652 -0.110352 -0.110352 36.687500 -13.250000 -13.250000 7.000000 1.000000 16.000000 42.000000 9.000000 -15.000000 12.000000 16.000000 5.000000 16.000000 26.000000
0.987793 -0.098145 -0.098145 46.375000 -10.812500 -10.812500 7.000000 1.000000 16.000000 42.000000 9.000000 -15.000000 12.000000 16.000000 5.000000 16.000000 26.000000
1.002930 -0.074219 -0.074219 51.937500 -9.500000 -9.500000 7.000000 1.000000 17.000000 12.000000 9.000000 46.000000 -6.000000 6.000000 8.000000 2.000000 2.000000
0.992188 -0.013672 -0.013672 39.687500 -2.750000 -2.750000 7.000000 1.000000 17.000000 -18.000000 -24.000000 -111.000000 -17.000000 -6.000000 -11.000000 -14.000000 -1.000000
0.967773 -0.035156 -0.035156 19.125000 -0.500000 -0.500000 7.000000 1.000000 17.000000 -10.000000 6.000000 11.000000 -5.000000 1.000000 1.000000 20.000000 77.000000
0.960449 -0.084473 -0.084473 3.312500 1.125000 1.125000 7.000000 1.000000 17.000000 -10.000000 6.000000 11.000000 -5.000000 1.000000 1.000000 20.000000 77.000000
0.949707 -0.142578 -0.142578 0.625000 1.500000 1.500000 7.000000 1.000000 17.000000 -5.000000 16.000000 -8.000000 -8.000000 -2.000000 -4.000000 -5.000000 17.000000
0.950195 -0.168945 -0.168945 7.937500 2.187500 2.187500 7.000000 1.000000 17.000000 7.000000 -5.000000 -10.000000 -13.000000 -9.000000 -14.000000 6.000000 -32.000000
0.954590 -0.162598 -0.162598 17.937500 2.562500 2.562500 7.000000 1.000000 17.000000 1.000000 -12.000000 46.000000 19.000000 7.000000 27.000000 9.000000 -6.000000
0.958496 -0.131348 -0.131348 23.187500 2.250000 2.250000 7.000000 1.000000 17.000000 1.000000 -12.000000 46.000000 19.000000 7.000000 27.000000 9.000000 -6.000000
0.959961 -0.112793 -0.112793 18.812500 2.250000 2.250000 7.000000 1.000000 17.000000 -12.000000 -17.000000 -19.000000 3.000000 4.000000 -8.000000 1.000000 -24.000000
0.964844 -0.122559 -0.122559 11.000000 1.375000 1.375000 7.000000 1.000000 17.000000 -27.000000 13.000000 37.000000 4.000000 -2.000000 -5.000000 -12.000000 -36.000000
0.962891 -0.133301 -0.133301 6.812500 0.812500 0.812500 7.000000 1.000000 17.000000 21.000000 9.000000 29.000000 11.000000 2.000000 3.000000 12.000000 25.000000
0.965820 -0.133301 -0.133301 5.312500 0.687500 0.687500 7.000000 1.000000 17.000000 21.000000 9.000000 29.000000 11.000000 2.000000 3.000000 12.000000 25.000000
0.971191 -0.131836 -0.131836 4.750000 0.562500 0.562500 7.000000 1.000000 16.000000 0.000000 -3.000000 -98.000000 -32.000000 -1.000000 0.000000 1.000000 14.000000
0.961426 -0.134277 -0.134277 4.187500 0.250000 0.250000 7.000000 1.000000 16.000000 -8.000000 -8.000000 47.000000 12.000000 -1.000000 1.000000 -4.000000 -7.000000
0.969238 -0.131836 -0.131836 3.812500 0.187500 0.187500 7.000000 1.000000 16.000000 -5.000000 -35.000000 -18.000000 -11.000000 3.000000 3.000000 6.000000 6.000000
0.958496 -0.130371 -0.130371 2.375000 0.187500 0.187500 7.000000 1.000000 16.000000 4.000000 11.000000 -12.000000 0.000000 -2.000000 -5.000000 1.000000 4.000000
0.962891 -0.136230 -0.136230 1.125000 0.062500 0.062500 7.000000 1.000000 16.000000 -2.000000 2.000000 -25.000000 -54.000000 -14.000000 4.000000 -1.000000 -5.000000
0.964844 -0.136230 -0.136230 0.937500 0.000000 0.000000 7.000000 1.000000 16.000000 -2.000000 2.000000 -25.000000 -54.000000 -14.000000 4.000000 -1.000000 -5.000000
0.962891 -0.131836 -0.131836 1.312500 0.187500 0.187500 7.000000 1.000000 16.000000 -6.000000 -2.000000 51.000000 59.000000 24.000000 0.000000 0.000000 -2.000000
0.966309 -0.125977 -0.125977 0.937500 0.437500 0.437500 7.000000 1.000000 16.000000 -1.000000 -2.000000 -50.000000 -101.000000 -42.000000 -17.000000 -2.000000 2.000000
0.964355 -0.132324 -0.132324 -1.000000 0.187500 0.187500 7.000000 1.000000 16.000000 -10.000000 -11.000000 -14.000000 113.000000 86.000000 21.000000 5.000000 -5.000000
0.959961 -0.137207 -0.137207 -1.562500 -0.375000 -0.375000 7.000000 1.000000 16.000000 1.000000 22.000000 1.000000 16.000000 9.000000 -5.000000 -4.000000 -5.000000
0.959473 -0.145508 -0.145508 0.562500 -1.625000 -1.625000 7.000000 1.000000 16.000000 -1.000000 11.000000 -53.000000 99.000000 11.000000 0.000000 -3.000000 -3.000000
0.978027 -0.148438 -0.148438 3.437500 -0.812500 -0.812500 7.000000 1.000000 16.000000 -1.000000 11.000000 -53.000000 99.000000 11.000000 0.000000 -3.000000 -3.000000
0.971680 -0.127441 -0.127441 6.875000 0.125000 0.125000 7.000000 1.000000 16.000000 -8.000000 -45.000000 6.000000 30.000000 -35.000000 -6.000000 -2.000000 -3.000000
0.977051 -0.131836 -0.131836 6.187500 -0.625000 -0.625000 7.000000 1.000000 16.000000 -8.000000 -45.000000 6.000000 30.000000 -35.000000 -6.000000 -2.000000 -3.000000
0.964844 -0.145508 -0.145508 5.875000 1.000000 1.000000 7.000000 1.000000 16.000000 -1.000000 -5.000000 42.000000 -28.000000 -1.000000 3.000000 1.000000 2.000000
0.949707 -0.146973 -0.146973 6.187500 1.062500 1.062500 7.000000 1.000000 17.000000 -1.000000 -5.000000 42.000000 -28.000000 -1.000000 3.000000 1.000000 2.000000
0.954102 -0.148438 -0.148438 4.500000 1.312500 1.312500 7.000000 1.000000 17.000000 1.000000 12.000000 15.000000 19.000000 2.000000 -2.000000 1.000000 1.000000
0.954590 -0.159180 -0.159180 3.312500 1.187500 1.187500 7.000000 1.000000 17.000000 1.000000 12.000000 15.000000 19.000000 2.000000 -2.000000 1.000000 1.000000
0.948730 -0.148926 -0.148926 2.312500 1.250000 1.250000 7.000000 1.000000 17.000000 1.000000 9.000000 43.000000 -3.000000 -9.000000 -4.000000 -2.000000 1.000000
0.939453 -0.146484 -0.146484 0.000000 0.812500 0.812500 7.000000 1.000000 17.000000 -3.000000 -19.000000 -17.000000 9.000000 6.000000 2.000000 2.000000 1.000000
0.930176 -0.152344 -0.152344 -1.187500 0.000000 0.000000 7.000000 1.000000 17.000000 -5.000000 -5.000000 16.000000 -12.000000 -14.000000 -5.000000 -2.000000 2.000000
0.935547 -0.158203 -0.158203 -0.687500 -0.812500 -0.812500 7.000000 1.000000 17.000000 -4.000000 -9.000000 -41.000000 -59.000000 -34.000000 -4.000000 -4.000000 -4.000000
0.940918 -0.168457 -0.168457 1.375000 -2.187500 -2.187500 7.000000 1.000000 17.000000 -15.000000 3.000000 -24.000000 -104.000000 -13.000000 -6.000000 -3.000000 -6.000000
0.954590 -0.152344 -0.152344 3.937500 -2.687500 -2.687500 7.000000 1.000000 17.000000 -15.000000 3.000000 -24.000000 -104.000000 -13.000000 -6.000000 -3.000000 -6.000000
