1.017578 -0.037109 -0.037109 17.750000 -1.312500 -1.312500 7.000000 0.000000 1.000000 2.000000 0.000000 0.000000 0.000000 1.000000 -1.000000 -2.000000 -1.000000
0.973633 -0.059082 -0.059082 19.312500 0.687500 0.687500 7.000000 0.000000 1.000000 -3.000000 -5.000000 -1.000000 -16.000000 -4.000000 -3.000000 -3.000000 -4.000000
0.945801 -0.062012 -0.062012 23.750000 3.562500 3.562500 7.000000 0.000000 1.000000 -3.000000 -1.000000 2.000000 19.000000 6.000000 1.000000 -2.000000 -3.000000
0.914062 -0.037109 -0.037109 23.312500 5.250000 5.250000 7.000000 0.000000 1.000000 2.000000 0.000000 -1.000000 0.000000 3.000000 -1.000000 0.000000 2.000000
0.870117 -0.036133 -0.036133 15.937500 1.937500 1.937500 7.000000 0.000000 1.000000 -2.000000 -2.000000 2.000000 -30.000000 -6.000000 -4.000000 -2.000000 -2.000000
0.857422 -0.100098 -0.100098 5.937500 -3.437500 -3.437500 7.000000 0.000000 1.000000 0.000000 0.000000 1.000000 41.000000 10.000000 0.000000 -1.000000 0.000000
0.881836 -0.199707 -0.199707 9.187500 -7.000000 -7.000000 7.000000 0.000000 1.000000 -3.000000 -5.000000 -8.000000 -23.000000 -5.000000 -3.000000 -2.000000 -3.000000
0.887207 -0.240723 -0.240723 28.562500 -7.687500 -7.687500 6.000000 0.000000 2.000000 -4.000000 -1.000000 9.000000 15.000000 3.000000 -3.000000 -2.000000 -3.000000
0.888184 -0.203613 -0.203613 42.250000 -7.812500 -7.812500 6.000000 0.000000 2.000000 0.000000 -1.000000 -15.000000 -14.000000 -2.000000 -2.000000 1.000000 1.000000
0.900391 -0.172363 -0.172363 39.062500 -10.000000 -10.000000 6.000000 0.000000 2.000000 -3.000000 -3.000000 12.000000 10.000000 -4.000000 -1.000000 -2.000000 -3.000000
0.911621 -0.194824 -0.194824 30.687500 -12.437500 -12.437500 6.000000 0.000000 2.000000 -5.000000 -3.000000 -1.000000 14.000000 11.000000 0.000000 -1.000000 -1.000000
0.912598 -0.233887 -0.233887 29.687500 -11.250000 -11.250000 6.000000 0.000000 2.000000 -5.000000 -3.000000 -1.000000 14.000000 11.000000 0.000000 -1.000000 -1.000000
0.933105 -0.257812 -0.257812 38.750000 -6.812500 -6.812500 6.000000 0.000000 3.000000 -2.000000 -3.000000 -3.000000 -6.000000 -2.000000 -1.000000 -2.000000 -2.000000
1.002930 -0.276367 -0.276367 44.875000 -2.500000 -2.500000 6.000000 1.000000 3.000000 -2.000000 -3.000000 -3.000000 -6.000000 -2.000000 -1.000000 -2.000000 -2.000000
1.046875 -0.262695 -0.262695 45.000000 2.687500 2.687500 5.000000 1.000000 3.000000 -3.000000 -4.000000 -5.000000 1.000000 -2.000000 -2.000000 -2.000000 -1.000000
1.041016 -0.229980 -0.229980 36.437500 7.250000 7.250000 5.000000 1.000000 3.000000 -3.000000 -4.000000 -5.000000 1.000000 -2.000000 -2.000000 -2.000000 -1.000000
1.026367 -0.228516 -0.228516 19.062500 8.875000 8.875000 5.000000 1.000000 3.000000 -4.000000 -3.000000 -12.000000 -14.000000 -6.000000 -4.000000 -3.000000 -3.000000
1.049805 -0.242676 -0.242676 6.937500 10.750000 10.750000 5.000000 1.000000 3.000000 2.000000 0.000000 9.000000 20.000000 17.000000 2.000000 1.000000 0.000000
1.069336 -0.240723 -0.240723 6.000000 15.812500 15.812500 5.000000 1.000000 3.000000 -2.000000 -1.000000 3.000000 -6.000000 -2.000000 -1.000000 -2.000000 -1.000000
1.068359 -0.236816 -0.236816 11.250000 21.437500 21.437500 5.000000 1.000000 3.000000 -2.000000 -1.000000 3.000000 -6.000000 -2.000000 -1.000000 -2.000000 -1.000000
1.043945 -0.237305 -0.237305 17.625000 25.062500 25.062500 5.000000 1.000000 3.000000 -3.000000 -2.000000 -2.000000 -5.000000 1.000000 -2.000000 -1.000000 -2.000000
1.030273 -0.228027 -0.228027 22.125000 24.375000 24.375000 5.000000 1.000000 3.000000 -3.000000 -2.000000 -2.000000 -5.000000 1.000000 -2.000000 -1.000000 -2.000000
1.027344 -0.237305 -0.237305 17.875000 18.000000 18.000000 5.000000 1.000000 3.000000 -1.000000 -3.000000 -5.000000 14.000000 5.000000 1.000000 1.000000 0.000000
1.044922 -0.226074 -0.226074 14.875000 11.562500 11.562500 5.000000 1.000000 3.000000 -1.000000 -1.000000 -2.000000 -7.000000 -6.000000 -2.000000 -2.000000 -1.000000
1.041016 -0.229980 -0.229980 12.812500 5.562500 5.562500 5.000000 1.000000 3.000000 3.000000 0.000000 5.000000 7.000000 7.000000 0.000000 0.000000 1.000000
1.028809 -0.283203 -0.283203 15.250000 -1.687500 -1.687500 5.000000 1.000000 3.000000 -1.000000 -3.000000 -6.000000 -4.000000 -1.000000 -2.000000 0.000000 -1.000000
1.019531 -0.340332 -0.340332 40.000000 -10.250000 -10.250000 5.000000 1.000000 3.000000 -1.000000 -2.000000 8.000000 -2.000000 -5.000000 -2.000000 -1.000000 -3.000000
1.024414 -0.253418 -0.253418 75.562500 -14.875000 -14.875000 5.000000 1.000000 3.000000 -1.000000 -2.000000 8.000000 -2.000000 -5.000000 -2.000000 -1.000000 -3.000000
1.011719 -0.128418 -0.128418 88.000000 -14.625000 -14.625000 5.000000 1.000000 3.000000 2.000000 -1.000000 2.000000 0.000000 3.000000 -2.000000 0.000000 0.000000
0.981934 -0.061523 -0.061523 76.375000 -8.687500 -8.687500 5.000000 1.000000 3.000000 2.000000 -1.000000 2.000000 0.000000 3.000000 -2.000000 0.000000 0.000000
0.999512 -0.035156 -0.035156 60.437500 8.625000 8.625000 6.000000 1.000000 3.000000 0.000000 -1.000000 -23.000000 -2.000000 3.000000 -1.000000 -2.000000 0.000000
0.912109 -0.071289 -0.071289 16.312500 12.625000 12.625000 6.000000 1.000000 3.000000 -2.000000 1.000000 27.000000 -2.000000 2.000000 -2.000000 -2.000000 -2.000000
0.995117 -0.230957 -0.230957 -12.000000 7.687500 7.687500 6.000000 1.000000 3.000000 1.000000 0.000000 -4.000000 24.000000 8.000000 2.000000 0.000000 0.000000
1.137695 -0.252441 -0.252441 -6.062500 13.562500 13.562500 6.000000 1.000000 3.000000 -2.000000 -4.000000 -1.000000 -10.000000 -3.000000 -1.000000 -2.000000 -1.000000
1.157227 -0.198242 -0.198242 6.125000 29.062500 29.062500 6.000000 1.000000 3.000000 -5.000000 -4.000000 -10.000000 -4.000000 -1.000000 -1.000000 -1.000000 0.000000
1.018555 -0.136230 -0.136230 10.062500 41.187500 41.187500 6.000000 1.000000 3.000000 -1.000000 -1.000000 -12.000000 -1.000000 -3.000000 -2.000000 -2.000000 -3.000000
0.908203 -0.139648 -0.139648 0.312500 44.062500 44.062500 6.000000 1.000000 3.000000 -1.000000 -1.000000 3.000000 -1.000000 5.000000 -4.000000 -2.000000 -1.000000
0.885742 -0.185059 -0.185059 -12.875000 41.312500 41.312500 6.000000 1.000000 3.000000 -1.000000 -2.000000 -7.000000 -2.000000 1.000000 -2.000000 -1.000000 0.000000
0.881836 -0.235352 -0.235352 -17.437500 35.812500 35.812500 6.000000 1.000000 3.000000 -2.000000 -1.000000 -1.000000 -4.000000 0.000000 -2.000000 -2.000000 0.000000
0.942383 -0.323730 -0.323730 -19.312500 25.062500 25.062500 6.000000 1.000000 2.000000 -2.000000 -1.000000 -1.000000 -4.000000 0.000000 -2.000000 -2.000000 0.000000
1.041504 -0.401367 -0.401367 -3.750000 18.875000 18.875000 6.000000 1.000000 2.000000 -1.000000 -3.000000 7.000000 -7.000000 -1.000000 -2.000000 -1.000000 -1.000000
1.104980 -0.405762 -0.405762 15.687500 21.750000 21.750000 6.000000 1.000000 2.000000 -2.000000 -2.000000 -2.000000 -31.000000 -13.000000 -3.000000 -2.000000 -3.000000
1.234863 -0.302246 -0.302246 -7.187500 42.687500 42.687500 6.000000 2.000000 2.000000 0.000000 0.000000 6.000000 -8.000000 -4.000000 -2.000000 -1.000000 -1.000000
1.246582 -0.283691 -0.283691 -54.125000 67.000000 67.000000 6.000000 2.000000 2.000000 0.000000 0.000000 6.000000 -8.000000 -4.000000 -2.000000 -1.000000 -1.000000
1.136719 -0.541504 -0.541504 -85.687500 73.312500 73.312500 6.000000 2.000000 3.000000 0.000000 0.000000 7.000000 5.000000 0.000000 -2.000000 -2.000000 -2.000000
1.201660 -0.863770 -0.863770 -103.125000 81.062500 81.062500 6.000000 2.000000 3.000000 -5.000000 -6.000000 -11.000000 -4.000000 1.000000 -3.000000 -1.000000 -3.000000
1.270996 -1.077148 -1.077148 -59.937500 106.875000 106.875000 6.000000 3.000000 3.000000 0.000000 10.000000 15.000000 -32.000000 -16.000000 -5.000000 -3.000000 -2.000000
1.109375 -1.041016 -1.041016 -2.812500 142.687500 142.687500 6.000000 3.000000 3.000000 -1.000000 -3.000000 -5.000000 29.000000 22.000000 3.000000 -1.000000 -1.000000
0.799316 -0.974609 -0.974609 -1.125000 166.375000 166.375000 6.000000 4.000000 3.000000 -1.000000 2.000000 -2.000000 3.000000 3.000000 0.000000 0.000000 -1.000000
0.578613 -1.126953 -1.126953 -36.000000 180.625000 180.625000 6.000000 5.000000 3.000000 -9.000000 1.000000 18.000000 2.000000 1.000000 -1.000000 -3.000000 -4.000000
0.416504 -1.158691 -1.158691 11.812500 201.125000 201.125000 6.000000 6.000000 3.000000 -1.000000 0.000000 -4.000000 -17.000000 -2.000000 -2.000000 -1.000000 -1.000000
0.064453 -0.920410 -0.920410 86.250000 220.625000 220.625000 6.000000 7.000000 3.000000 -1.000000 0.000000 -4.000000 -17.000000 -2.000000 -2.000000 -1.000000 -1.000000
-0.162598 -0.693359 -0.693359 92.250000 227.937500 227.937500 6.000000 8.000000 3.000000 -3.000000 -2.000000 -7.000000 19.000000 -7.000000 -2.000000 -1.000000 -2.000000
-0.168945 -0.721680 -0.721680 76.375000 217.000000 217.000000 6.000000 9.000000 3.000000 -1.000000 -1.000000 7.000000 8.000000 9.000000 1.000000 -1.000000 0.000000
-0.143555 -0.744141 -0.744141 84.312500 197.125000 197.125000 6.000000 9.000000 3.000000 -1.000000 0.000000 -17.000000 -21.000000 -7.000000 -4.000000 -2.000000 -1.000000
-0.232910 -0.669434 -0.669434 96.937500 165.375000 165.375000 6.000000 10.000000 3.000000 0.000000 -3.000000 -13.000000 -7.000000 -3.000000 -2.000000 -1.000000 0.000000
-0.218750 -0.584961 -0.584961 77.625000 132.812500 132.812500 6.000000 11.000000 3.000000 0.000000 -1.000000 -2.000000 7.000000 1.000000 -2.000000 -2.000000 0.000000
-0.230469 -0.615234 -0.615234 71.812500 103.812500 103.812500 6.000000 12.000000 4.000000 0.000000 -2.000000 8.000000 -3.000000 -3.000000 -1.000000 -1.000000 -2.000000
-0.241699 -0.695312 -0.695312 71.187500 79.187500 79.187500 7.000000 12.000000 4.000000 -3.000000 -2.000000 8.000000 1.000000 4.000000 -1.000000 -2.000000 -1.000000
-0.235840 -0.585449 -0.585449 85.937500 56.437500 56.437500 7.000000 13.000000 4.000000 1.000000 -1.000000 -1.000000 1.000000 -2.000000 -2.000000 -1.000000 -2.000000
-0.338379 -0.336914 -0.336914 58.375000 30.312500 30.312500 7.000000 13.000000 4.000000 -5.000000 -4.000000 -12.000000 -8.000000 1.000000 -3.000000 -9.000000 -3.000000
-0.308105 -0.294922 -0.294922 -4.750000 0.000000 0.000000 7.000000 13.000000 5.000000 4.000000 2.000000 -4.000000 1.000000 1.000000 0.000000 8.000000 -1.000000
-0.203613 -0.376465 -0.376465 -44.687500 -23.875000 -23.875000 7.000000 13.000000 5.000000 -3.000000 -4.000000 0.000000 -5.000000 -2.000000 1.000000 -4.000000 -1.000000
-0.205078 -0.298340 -0.298340 -35.250000 -36.312500 -36.312500 7.000000 13.000000 5.000000 -3.000000 -2.000000 -1.000000 4.000000 0.000000 -8.000000 -5.000000 6.000000
-0.127441 -0.329590 -0.329590 -31.500000 -43.250000 -43.250000 8.000000 13.000000 5.000000 24.000000 2.000000 3.000000 1.000000 5.000000 11.000000 3.000000 24.000000
-0.337891 -0.068848 -0.068848 20.062500 29.187500 29.187500 8.000000 13.000000 5.000000 -39.000000 -2.000000 -3.000000 -4.000000 -1.000000 -10.000000 6.000000 16.000000
-0.601074 -0.347656 -0.347656 62.500000 20.750000 20.750000 8.000000 13.000000 5.000000 -4.000000 -3.000000 4.000000 2.000000 3.000000 13.000000 5.000000 -27.000000
-0.687012 -0.110352 -0.110352 69.500000 26.187500 26.187500 8.000000 13.000000 5.000000 -8.000000 -15.000000 1.000000 3.000000 0.000000 -5.000000 -7.000000 -14.000000
-0.903320 -0.277832 -0.277832 93.187500 54.625000 54.625000 8.000000 13.000000 5.000000 1.000000 1.000000 -5.000000 -7.000000 1.000000 -1.000000 7.000000 -2.000000
-1.003906 -0.203125 -0.203125 110.125000 60.000000 60.000000 8.000000 13.000000 5.000000 8.000000 -2.000000 -1.000000 -2.000000 -1.000000 1.000000 -8.000000 6.000000
-0.997559 -0.165527 -0.165527 91.125000 59.125000 59.125000 8.000000 13.000000 5.000000 1.000000 3.000000 5.000000 1.000000 -1.000000 -4.000000 -2.000000 9.000000
-1.025879 -0.238281 -0.238281 69.187500 52.125000 52.125000 8.000000 14.000000 5.000000 -5.000000 -3.000000 -8.000000 1.000000 2.000000 2.000000 1.000000 -2.000000
-0.982422 -0.248535 -0.248535 70.250000 49.812500 49.812500 8.000000 14.000000 5.000000 -6.000000 -4.000000 0.000000 -3.000000 -1.000000 -3.000000 -1.000000 -1.000000
-0.972168 -0.212402 -0.212402 81.000000 46.875000 46.875000 8.000000 14.000000 5.000000 5.000000 1.000000 -6.000000 2.000000 -1.000000 0.000000 -2.000000 -1.000000
-0.996582 -0.103516 -0.103516 62.750000 33.687500 33.687500 8.000000 14.000000 5.000000 -10.000000 -8.000000 0.000000 -74.000000 -15.000000 -7.000000 -3.000000 -4.000000
-0.894531 -0.093750 -0.093750 36.812500 19.812500 19.812500 8.000000 14.000000 5.000000 5.000000 3.000000 -3.000000 94.000000 16.000000 6.000000 0.000000 -5.000000
-0.880859 -0.083984 -0.083984 13.875000 3.125000 3.125000 8.000000 14.000000 5.000000 -1.000000 -22.000000 -8.000000 7.000000 10.000000 -1.000000 6.000000 9.000000
-0.813477 0.030273 0.030273 -3.125000 -16.750000 -16.750000 9.000000 14.000000 5.000000 -5.000000 -2.000000 5.000000 -3.000000 -1.000000 0.000000 -1.000000 6.000000
-0.724609 0.121094 0.121094 -22.062500 -34.312500 -34.312500 9.000000 14.000000 6.000000 -7.000000 2.000000 -4.000000 -26.000000 -12.000000 -9.000000 -3.000000 -8.000000
-0.669922 0.059570 0.059570 -37.750000 -39.312500 -39.312500 9.000000 14.000000 6.000000 8.000000 6.000000 -24.000000 -32.000000 -4.000000 -4.000000 -2.000000 -3.000000
-0.543945 0.198730 0.198730 -32.437500 -44.375000 -44.375000 9.000000 14.000000 6.000000 -2.000000 -9.000000 65.000000 18.000000 11.000000 1.000000 -4.000000 -4.000000
-0.440918 0.341797 0.341797 7.312500 2.125000 2.125000 9.000000 14.000000 6.000000 0.000000 17.000000 -1.000000 33.000000 -3.000000 -3.000000 -3.000000 -2.000000
-0.724121 -0.022949 -0.022949 -7.937500 14.062500 14.062500 9.000000 14.000000 6.000000 -2.000000 -1.000000 -91.000000 -68.000000 -20.000000 -9.000000 -3.000000 2.000000
-0.796875 0.034180 0.034180 22.437500 -1.750000 -1.750000 9.000000 14.000000 6.000000 -2.000000 1.000000 21.000000 35.000000 10.000000 3.000000 2.000000 0.000000
-0.832031 0.043945 0.043945 -9.562500 -16.375000 -16.375000 9.000000 14.000000 6.000000 -2.000000 -5.000000 -75.000000 21.000000 10.000000 -1.000000 -2.000000 -5.000000
-0.728027 -0.047852 -0.047852 -15.750000 -15.687500 -15.687500 9.000000 14.000000 6.000000 3.000000 -7.000000 -2.000000 -3.000000 -3.000000 2.000000 0.000000 4.000000
-0.801758 0.084961 0.084961 8.625000 -6.687500 -6.687500 9.000000 14.000000 6.000000 -6.000000 -4.000000 -15.000000 5.000000 -5.000000 -4.000000 0.000000 -2.000000
-0.812012 0.145020 0.145020 3.937500 -5.250000 -5.250000 9.000000 14.000000 6.000000 4.000000 3.000000 22.000000 -26.000000 -2.000000 -2.000000 0.000000 1.000000
-0.832520 0.138184 0.138184 6.250000 -5.062500 -5.062500 9.000000 14.000000 6.000000 -1.000000 -3.000000 11.000000 -5.000000 3.000000 1.000000 -1.000000 -3.000000
-0.792480 0.114746 0.114746 5.750000 -1.875000 -1.875000 9.000000 14.000000 6.000000 -1.000000 -3.000000 11.000000 -5.000000 3.000000 1.000000 -1.000000 -3.000000
-0.693359 0.067383 0.067383 9.500000 0.500000 0.500000 9.000000 14.000000 6.000000 -3.000000 4.000000 17.000000 18.000000 -5.000000 -3.000000 -2.000000 -2.000000
-0.545410 -0.069336 -0.069336 12.062500 -0.250000 -0.250000 9.000000 14.000000 6.000000 -2.000000 -4.000000 -5.000000 -28.000000 2.000000 -1.000000 -1.000000 -3.000000
-0.371094 -0.125000 -0.125000 19.875000 -2.250000 -2.250000 9.000000 14.000000 6.000000 -3.000000 -10.000000 18.000000 12.000000 3.000000 -2.000000 0.000000 0.000000
-0.205566 -0.084961 -0.084961 16.375000 -15.250000 -15.250000 9.000000 14.000000 5.000000 -3.000000 -10.000000 18.000000 12.000000 3.000000 -2.000000 0.000000 0.000000
-0.062500 -0.130859 -0.130859 -22.250000 -71.750000 -71.750000 8.000000 13.000000 5.000000 -3.000000 1.000000 -11.000000 4.000000 4.000000 1.000000 -1.000000 -3.000000
-0.089355 -0.122559 -0.122559 -25.562500 -99.250000 -99.250000 8.000000 13.000000 5.000000 -3.000000 1.000000 -11.000000 4.000000 4.000000 1.000000 -1.000000 -3.000000
-0.219238 -0.179199 -0.179199 -36.437500 -126.937500 -126.937500 8.000000 13.000000 5.000000 -3.000000 -8.000000 -8.000000 14.000000 -1.000000 -1.000000 -1.000000 -2.000000
-0.423828 -0.292480 -0.292480 -49.062500 -157.250000 -157.250000 8.000000 12.000000 4.000000 -3.000000 -8.000000 -8.000000 14.000000 -1.000000 -1.000000 -1.000000 -2.000000
-0.601074 -0.387695 -0.387695 -74.437500 -202.187500 -202.187500 7.000000 12.000000 4.000000 -2.000000 -5.000000 10.000000 2.000000 -6.000000 0.000000 -3.000000 -3.000000
-0.654297 -0.459473 -0.459473 -96.562500 -259.687500 -259.687500 7.000000 11.000000 4.000000 -2.000000 -5.000000 10.000000 2.000000 -6.000000 0.000000 -3.000000 -3.000000
-0.583496 -0.381348 -0.381348 -115.187500 -293.437500 -293.437500 7.000000 10.000000 4.000000 2.000000 2.000000 -28.000000 -13.000000 0.000000 -1.000000 -1.000000 1.000000
-0.401367 -0.408691 -0.408691 -128.937500 -305.812500 -305.812500 7.000000 9.000000 3.000000 -4.000000 -2.000000 -9.000000 -6.000000 -3.000000 -5.000000 -3.000000 -2.000000
-0.227051 -0.643555 -0.643555 -121.750000 -294.687500 -294.687500 7.000000 8.000000 3.000000 1.000000 -10.000000 3.000000 4.000000 9.000000 -1.000000 3.000000 4.000000
-0.082520 -0.909668 -0.909668 -86.187500 -275.375000 -275.375000 7.000000 8.000000 3.000000 0.000000 0.000000 -2.000000 -25.000000 -6.000000 -2.000000 -3.000000 -1.000000
-0.002441 -0.783691 -0.783691 -3.062500 -263.562500 -263.562500 7.000000 7.000000 3.000000 -4.000000 -4.000000 -28.000000 -19.000000 6.000000 6.000000 1.000000 -3.000000
0.052246 -0.651855 -0.651855 23.875000 -262.750000 -262.750000 7.000000 6.000000 3.000000 -4.000000 -4.000000 -28.000000 -19.000000 6.000000 6.000000 1.000000 -3.000000
0.280762 -0.626953 -0.626953 -52.625000 -244.375000 -244.375000 7.000000 6.000000 3.000000 -3.000000 -4.000000 -2.000000 -105.000000 -21.000000 -7.000000 -6.000000 -4.000000
0.640625 -0.760742 -0.760742 -72.375000 -207.937500 -207.937500 7.000000 5.000000 3.000000 -1.000000 -3.000000 -9.000000 97.000000 19.000000 -2.000000 -1.000000 0.000000
0.610352 -0.787598 -0.787598 -30.687500 -176.062500 -176.062500 7.000000 5.000000 3.000000 -2.000000 5.000000 3.000000 62.000000 101.000000 102.000000 0.000000 -2.000000
0.699219 -0.772949 -0.772949 -20.000000 -144.500000 -144.500000 7.000000 4.000000 3.000000 3.000000 -4.000000 -17.000000 -29.000000 -15.000000 -37.000000 0.000000 2.000000
0.730469 -0.671875 -0.671875 -12.937500 -130.125000 -130.125000 7.000000 4.000000 3.000000 -2.000000 -3.000000 -4.000000 -8.000000 -20.000000 -2.000000 -3.000000 -1.000000
0.677246 -0.576660 -0.576660 -15.500000 -122.000000 -122.000000 7.000000 3.000000 3.000000 -2.000000 -8.000000 15.000000 15.000000 18.000000 -10.000000 0.000000 -2.000000
0.737305 -0.524414 -0.524414 -31.312500 -117.750000 -117.750000 7.000000 3.000000 3.000000 1.000000 5.000000 -3.000000 -15.000000 -46.000000 -32.000000 -5.000000 -1.000000
0.878906 -0.468262 -0.468262 -40.812500 -122.312500 -122.312500 7.000000 3.000000 3.000000 1.000000 5.000000 -3.000000 -15.000000 -46.000000 -32.000000 -5.000000 -1.000000
1.041504 -0.528320 -0.528320 -34.437500 -116.500000 -116.500000 7.000000 2.000000 3.000000 -5.000000 -2.000000 -3.000000 -1.000000 -1.000000 -16.000000 -1.000000 -2.000000
1.016602 -0.599609 -0.599609 0.437500 -105.875000 -105.875000 7.000000 2.000000 3.000000 -6.000000 -7.000000 -1.000000 0.000000 29.000000 28.000000 -6.000000 -4.000000
1.011719 -0.526367 -0.526367 44.375000 -95.812500 -95.812500 7.000000 2.000000 3.000000 4.000000 3.000000 45.000000 61.000000 16.000000 8.000000 7.000000 1.000000
1.105469 -0.234863 -0.234863 74.562500 -84.250000 -84.250000 7.000000 1.000000 3.000000 -7.000000 -6.000000 31.000000 0.000000 -115.000000 -95.000000 -1.000000 0.000000
1.113770 -0.119629 -0.119629 51.312500 -78.375000 -78.375000 7.000000 1.000000 2.000000 0.000000 -8.000000 -28.000000 -46.000000 -13.000000 27.000000 -8.000000 -4.000000
1.127930 -0.087891 -0.087891 24.937500 -67.187500 -67.187500 7.000000 1.000000 2.000000 3.000000 4.000000 -24.000000 -106.000000 -69.000000 -49.000000 -1.000000 1.000000
1.138672 -0.107422 -0.107422 14.500000 -53.750000 -53.750000 7.000000 1.000000 2.000000 4.000000 6.000000 16.000000 71.000000 83.000000 26.000000 17.000000 8.000000
1.124512 -0.105957 -0.105957 21.625000 -38.625000 -38.625000 8.000000 1.000000 2.000000 4.000000 6.000000 16.000000 71.000000 83.000000 26.000000 17.000000 8.000000
1.078613 -0.020508 -0.020508 31.687500 -24.187500 -24.187500 8.000000 1.000000 2.000000 -2.000000 -9.000000 -11.000000 -2.000000 25.000000 39.000000 5.000000 -2.000000
1.063477 0.091797 0.091797 24.062500 -17.312500 -17.312500 8.000000 1.000000 2.000000 -7.000000 -16.000000 -6.000000 -80.000000 -70.000000 13.000000 -11.000000 -8.000000
1.052734 0.127930 0.127930 2.562500 -12.625000 -12.625000 8.000000 1.000000 2.000000 0.000000 1.000000 6.000000 50.000000 8.000000 -128.000000 -7.000000 2.000000
1.043945 0.095215 0.095215 -20.875000 -8.000000 -8.000000 8.000000 1.000000 2.000000 -6.000000 -1.000000 -28.000000 -89.000000 38.000000 127.000000 -9.000000 -8.000000
1.016602 0.009766 0.009766 -29.437500 -4.875000 -4.875000 8.000000 1.000000 2.000000 -3.000000 12.000000 11.000000 86.000000 -75.000000 -94.000000 -10.000000 -4.000000
0.989746 -0.049805 -0.049805 -21.750000 -3.312500 -3.312500 8.000000 1.000000 2.000000 4.000000 8.000000 3.000000 42.000000 127.000000 88.000000 8.000000 1.000000
1.005371 -0.084473 -0.084473 -5.937500 -2.625000 -2.625000 8.000000 1.000000 2.000000 -2.000000 -4.000000 23.000000 -67.000000 32.000000 -1.000000 -3.000000 1.000000
0.997070 -0.078125 -0.078125 8.812500 0.000000 0.000000 8.000000 1.000000 2.000000 -11.000000 -12.000000 -27.000000 5.000000 -5.000000 -52.000000 -9.000000 -10.000000
0.974609 -0.055664 -0.055664 13.375000 2.312500 2.312500 8.000000 1.000000 2.000000 2.000000 5.000000 5.000000 -44.000000 -79.000000 -1.000000 17.000000 4.000000
0.973145 -0.041016 -0.041016 7.875000 3.250000 3.250000 8.000000 1.000000 2.000000 12.000000 16.000000 -9.000000 -1.000000 -29.000000 -59.000000 7.000000 9.000000
0.976562 -0.045410 -0.045410 -2.187500 2.687500 2.687500 8.000000 1.000000 2.000000 -9.000000 -3.000000 -1.000000 -17.000000 -3.000000 57.000000 -9.000000 -5.000000
0.974121 -0.083008 -0.083008 -8.687500 2.312500 2.312500 8.000000 1.000000 2.000000 -1.000000 -5.000000 19.000000 50.000000 76.000000 48.000000 -1.000000 -1.000000
0.964844 -0.123535 -0.123535 -3.750000 2.937500 2.937500 8.000000 1.000000 2.000000 7.000000 -9.000000 -3.000000 -110.000000 15.000000 15.000000 2.000000 3.000000
0.970215 -0.125977 -0.125977 0.125000 2.312500 2.312500 8.000000 1.000000 2.000000 -1.000000 0.000000 18.000000 7.000000 31.000000 -3.000000 2.000000 1.000000
0.967773 -0.150391 -0.150391 7.375000 0.750000 0.750000 8.000000 1.000000 2.000000 4.000000 -4.000000 -31.000000 -115.000000 -80.000000 10.000000 -1.000000 -1.000000
0.984863 -0.144531 -0.144531 19.625000 -0.250000 -0.250000 8.000000 1.000000 2.000000 -4.000000 8.000000 12.000000 15.000000 -9.000000 -48.000000 -13.000000 -4.000000
0.986328 -0.110352 -0.110352 26.375000 -0.375000 -0.375000 8.000000 1.000000 2.000000 -7.000000 -7.000000 -40.000000 70.000000 33.000000 54.000000 8.000000 0.000000
0.963379 -0.091797 -0.091797 22.937500 -1.437500 -1.437500 8.000000 1.000000 2.000000 6.000000 34.000000 -5.000000 1.000000 -3.000000 -2.000000 3.000000 3.000000
0.957520 -0.088379 -0.088379 13.937500 -3.062500 -3.062500 8.000000 1.000000 2.000000 1.000000 -7.000000 -16.000000 -47.000000 -9.000000 -5.000000 -7.000000 -2.000000
0.950195 -0.079590 -0.079590 4.250000 -5.250000 -5.250000 8.000000 1.000000 2.000000 -4.000000 -4.000000 55.000000 116.000000 -4.000000 -39.000000 -3.000000 -1.000000
