1.020996 -0.036621 -0.036621 14.437500 -1.812500 -1.812500 8.000000 0.000000 2.000000 -1.000000 -1.000000 -2.000000 -2.000000 2.000000 -2.000000 -4.000000 -7.000000
1.031738 -0.015137 -0.015137 9.500000 2.312500 2.312500 8.000000 0.000000 2.000000 -2.000000 -1.000000 0.000000 -1.000000 0.000000 0.000000 0.000000 4.000000
1.001465 -0.015137 -0.015137 1.062500 6.187500 6.187500 8.000000 0.000000 2.000000 -2.000000 -2.000000 -5.000000 -4.000000 1.000000 -2.000000 -3.000000 -2.000000
0.971191 -0.041992 -0.041992 -5.812500 6.125000 6.125000 8.000000 0.000000 3.000000 -2.000000 -1.000000 5.000000 1.000000 0.000000 2.000000 3.000000 1.000000
0.961914 -0.059082 -0.059082 -5.562500 6.437500 6.437500 8.000000 0.000000 3.000000 -1.000000 -4.000000 -1.000000 1.000000 1.000000 -2.000000 -2.000000 -2.000000
0.955566 -0.034180 -0.034180 -0.562500 9.125000 9.125000 8.000000 0.000000 3.000000 -5.000000 -4.000000 -9.000000 -3.000000 1.000000 -2.000000 -2.000000 -13.000000
0.973145 -0.022461 -0.022461 0.187500 11.187500 11.187500 8.000000 0.000000 3.000000 6.000000 -1.000000 6.000000 1.000000 -2.000000 -4.000000 -1.000000 6.000000
0.950195 -0.019043 -0.019043 -1.062500 12.875000 12.875000 8.000000 0.000000 3.000000 -2.000000 -3.000000 -1.000000 0.000000 0.000000 -4.000000 -2.000000 0.000000
0.933594 -0.050293 -0.050293 -1.187500 13.500000 13.500000 7.000000 0.000000 3.000000 -1.000000 -2.000000 1.000000 2.000000 1.000000 -4.000000 -3.000000 -1.000000
0.950195 -0.121582 -0.121582 1.500000 10.562500 10.562500 7.000000 0.000000 4.000000 -1.000000 -2.000000 1.000000 2.000000 1.000000 -4.000000 -3.000000 -1.000000
0.994629 -0.156738 -0.156738 13.187500 6.687500 6.687500 7.000000 0.000000 4.000000 -3.000000 -1.000000 -5.000000 -5.000000 -1.000000 -5.000000 -4.000000 -4.000000
0.996582 -0.080078 -0.080078 19.750000 7.750000 7.750000 7.000000 0.000000 4.000000 -1.000000 -2.000000 -4.000000 -2.000000 1.000000 -3.000000 3.000000 -3.000000
0.992676 -0.097168 -0.097168 0.125000 7.312500 7.312500 7.000000 0.000000 4.000000 0.000000 0.000000 5.000000 3.000000 -1.000000 -3.000000 -2.000000 1.000000
1.103027 -0.201660 -0.201660 -1.750000 10.312500 10.312500 6.000000 0.000000 4.000000 -2.000000 -2.000000 -4.000000 -1.000000 1.000000 -1.000000 0.000000 0.000000
1.065430 -0.198730 -0.198730 20.312500 18.125000 18.125000 6.000000 0.000000 4.000000 -2.000000 -1.000000 -3.000000 -1.000000 0.000000 2.000000 0.000000 -2.000000
1.200195 -0.195312 -0.195312 -3.437500 38.250000 38.250000 6.000000 1.000000 4.000000 -1.000000 -4.000000 4.000000 1.000000 1.000000 0.000000 -2.000000 1.000000
1.249512 -0.212891 -0.212891 -29.562500 57.062500 57.062500 6.000000 1.000000 5.000000 -3.000000 -1.000000 -2.000000 -2.000000 1.000000 1.000000 0.000000 -1.000000
1.200195 -0.414551 -0.414551 -64.812500 65.562500 65.562500 6.000000 1.000000 5.000000 0.000000 -1.000000 8.000000 0.000000 -2.000000 -2.000000 -2.000000 1.000000
1.317871 -0.703613 -0.703613 -82.187500 89.750000 89.750000 6.000000 2.000000 5.000000 -2.000000 -1.000000 -15.000000 0.000000 1.000000 -3.000000 0.000000 -1.000000
1.384766 -1.031738 -1.031738 -53.875000 123.750000 123.750000 6.000000 2.000000 5.000000 -2.000000 -3.000000 -3.000000 -1.000000 0.000000 -4.000000 -3.000000 -3.000000
1.378418 -1.162598 -1.162598 -21.375000 154.000000 154.000000 6.000000 3.000000 5.000000 0.000000 -2.000000 0.000000 -1.000000 0.000000 -2.000000 0.000000 5.000000
1.308594 -1.310547 -1.310547 -9.625000 186.187500 186.187500 6.000000 3.000000 5.000000 0.000000 -2.000000 0.000000 -1.000000 0.000000 -2.000000 0.000000 5.000000
0.998535 -1.296387 -1.296387 4.812500 199.125000 199.125000 6.000000 4.000000 5.000000 -2.000000 -1.000000 2.000000 0.000000 1.000000 2.000000 -1.000000 -3.000000
0.642090 -1.046875 -1.046875 15.250000 204.812500 204.812500 6.000000 5.000000 5.000000 -2.000000 -2.000000 -5.000000 -2.000000 0.000000 0.000000 -2.000000 -3.000000
0.174316 -0.972656 -0.972656 74.937500 190.062500 190.062500 6.000000 6.000000 5.000000 -1.000000 -3.000000 -4.000000 -2.000000 1.000000 1.000000 0.000000 -1.000000
0.001953 -1.038086 -1.038086 96.875000 160.062500 160.062500 6.000000 7.000000 5.000000 0.000000 -3.000000 -13.000000 -6.000000 -1.000000 0.000000 1.000000 -1.000000
0.178711 -1.011230 -1.011230 138.937500 142.687500 142.687500 6.000000 8.000000 5.000000 -4.000000 -1.000000 17.000000 5.000000 0.000000 -3.000000 -3.000000 -2.000000
0.060059 -0.578613 -0.578613 122.250000 123.500000 123.500000 6.000000 9.000000 6.000000 -2.000000 -3.000000 -12.000000 -5.000000 -1.000000 0.000000 -1.000000 -2.000000
-0.051270 -0.603027 -0.603027 12.062500 83.687500 83.687500 6.000000 10.000000 6.000000 1.000000 1.000000 -3.000000 0.000000 0.000000 -1.000000 -2.000000 0.000000
0.232910 -0.785156 -0.785156 36.937500 51.750000 51.750000 6.000000 11.000000 6.000000 1.000000 1.000000 -3.000000 0.000000 0.000000 -1.000000 -2.000000 0.000000
0.303223 -0.601562 -0.601562 164.437500 41.500000 41.500000 6.000000 12.000000 6.000000 -3.000000 -2.000000 -2.000000 -8.000000 1.000000 2.000000 0.000000 -1.000000
0.032227 -0.077637 -0.077637 183.812500 29.937500 29.937500 7.000000 12.000000 7.000000 -1.000000 -7.000000 1.000000 0.000000 -1.000000 -3.000000 -3.000000 -2.000000
0.079102 -0.031250 -0.031250 75.687500 14.250000 14.250000 7.000000 12.000000 7.000000 -3.000000 -1.000000 0.000000 16.000000 1.000000 -3.000000 -2.000000 -1.000000
0.148438 -0.430664 -0.430664 6.687500 -2.187500 -2.187500 7.000000 12.000000 7.000000 -3.000000 -1.000000 0.000000 16.000000 1.000000 -3.000000 -2.000000 -1.000000
-0.036621 -0.577637 -0.577637 64.125000 -13.062500 -13.062500 7.000000 12.000000 7.000000 0.000000 2.000000 14.000000 0.000000 3.000000 -2.000000 -2.000000 -3.000000
-0.258301 -0.164062 -0.164062 75.687500 -19.250000 -19.250000 7.000000 12.000000 7.000000 -1.000000 0.000000 -12.000000 -17.000000 -1.000000 1.000000 0.000000 1.000000
-0.377441 -0.364258 -0.364258 -18.375000 -26.812500 -26.812500 7.000000 12.000000 7.000000 -4.000000 -8.000000 -81.000000 -15.000000 -4.000000 0.000000 -2.000000 -1.000000
-0.530273 -0.531738 -0.531738 -19.625000 -14.187500 -14.187500 7.000000 12.000000 7.000000 1.000000 3.000000 52.000000 12.000000 1.000000 3.000000 -1.000000 0.000000
-0.714355 -0.604980 -0.604980 -4.437500 -0.187500 -0.187500 7.000000 12.000000 7.000000 -2.000000 0.000000 73.000000 8.000000 0.000000 -2.000000 -2.000000 -1.000000
-0.657227 -0.396484 -0.396484 31.375000 8.375000 8.375000 7.000000 12.000000 7.000000 -3.000000 -7.000000 -7.000000 6.000000 3.000000 -7.000000 -3.000000 -3.000000
-0.594727 -0.166992 -0.166992 21.062500 10.437500 10.437500 7.000000 12.000000 7.000000 -2.000000 -14.000000 1.000000 28.000000 5.000000 -5.000000 0.000000 1.000000
-0.327637 -0.296875 -0.296875 14.812500 18.187500 18.187500 7.000000 12.000000 7.000000 -2.000000 5.000000 -54.000000 -36.000000 -5.000000 -11.000000 -1.000000 -4.000000
-0.165039 -0.298340 -0.298340 60.687500 39.375000 39.375000 7.000000 12.000000 7.000000 -2.000000 4.000000 -1.000000 24.000000 -11.000000 -13.000000 -2.000000 -4.000000
-0.137207 -0.395020 -0.395020 88.062500 68.437500 68.437500 7.000000 12.000000 7.000000 4.000000 26.000000 55.000000 1.000000 19.000000 -1.000000 -4.000000 0.000000
-0.216797 -0.647461 -0.647461 83.875000 84.375000 84.375000 7.000000 12.000000 7.000000 -3.000000 -11.000000 -46.000000 -17.000000 -3.000000 2.000000 1.000000 -1.000000
-0.673828 -0.306152 -0.306152 157.187500 49.000000 49.000000 7.000000 12.000000 7.000000 0.000000 -5.000000 16.000000 18.000000 -34.000000 -61.000000 -1.000000 0.000000
-1.021484 0.170410 0.170410 216.437500 -37.687500 -37.687500 7.000000 12.000000 7.000000 -7.000000 -11.000000 -48.000000 -12.000000 -10.000000 15.000000 0.000000 -3.000000
-1.053223 0.547363 0.547363 201.875000 -116.187500 -116.187500 8.000000 12.000000 6.000000 -7.000000 -11.000000 -48.000000 -12.000000 -10.000000 15.000000 0.000000 -3.000000
-0.738770 0.815918 0.815918 211.937500 -138.625000 -138.625000 8.000000 12.000000 6.000000 5.000000 8.000000 15.000000 21.000000 76.000000 61.000000 0.000000 2.000000
-0.288086 0.157227 0.157227 96.500000 -132.812500 -132.812500 8.000000 11.000000 6.000000 3.000000 4.000000 13.000000 0.000000 -45.000000 -57.000000 -7.000000 0.000000
0.144531 -0.590332 -0.590332 -45.062500 -121.562500 -121.562500 7.000000 11.000000 6.000000 3.000000 13.000000 44.000000 1.000000 24.000000 -45.000000 9.000000 3.000000
-0.048828 -0.943359 -0.943359 -114.812500 -74.250000 -74.250000 7.000000 10.000000 5.000000 3.000000 13.000000 44.000000 1.000000 24.000000 -45.000000 9.000000 3.000000
-0.390625 -1.520996 -1.520996 -115.250000 -20.000000 -20.000000 7.000000 10.000000 5.000000 -5.000000 -5.000000 -27.000000 -6.000000 8.000000 18.000000 4.000000 -1.000000
-0.572754 -1.162598 -1.162598 11.250000 18.625000 18.625000 7.000000 10.000000 5.000000 -9.000000 -23.000000 -20.000000 12.000000 -1.000000 -57.000000 -6.000000 -7.000000
-0.864746 -0.312988 -0.312988 24.312500 38.750000 38.750000 7.000000 10.000000 5.000000 -6.000000 -5.000000 10.000000 -20.000000 -126.000000 -43.000000 -3.000000 -1.000000
-0.786621 -0.262207 -0.262207 -63.937500 0.437500 0.437500 7.000000 10.000000 5.000000 0.000000 -1.000000 -21.000000 -17.000000 -31.000000 -82.000000 -8.000000 -4.000000
-0.573730 -0.658203 -0.658203 -56.625000 -24.312500 -24.312500 7.000000 10.000000 5.000000 -7.000000 -7.000000 -37.000000 -2.000000 50.000000 64.000000 7.000000 -10.000000
-0.405762 -0.405762 -0.405762 34.562500 -11.312500 -11.312500 7.000000 10.000000 5.000000 -6.000000 -14.000000 35.000000 3.000000 -79.000000 -87.000000 -11.000000 3.000000
-0.429688 -0.106445 -0.106445 43.125000 11.937500 11.937500 7.000000 10.000000 5.000000 25.000000 13.000000 -3.000000 -26.000000 -96.000000 17.000000 11.000000 18.000000
-0.388184 -0.121582 -0.121582 -4.687500 13.250000 13.250000 7.000000 10.000000 5.000000 36.000000 37.000000 -40.000000 -24.000000 -4.000000 -50.000000 -2.000000 18.000000
-0.355957 -0.377441 -0.377441 -36.312500 -2.937500 -2.937500 7.000000 10.000000 5.000000 2.000000 -3.000000 7.000000 40.000000 55.000000 59.000000 18.000000 1.000000
-0.234375 -0.492188 -0.492188 -10.000000 -6.625000 -6.625000 7.000000 10.000000 5.000000 -15.000000 -29.000000 11.000000 9.000000 -92.000000 -60.000000 -2.000000 -11.000000
-0.309082 -0.455078 -0.455078 11.750000 -2.625000 -2.625000 7.000000 10.000000 5.000000 -13.000000 -4.000000 10.000000 -15.000000 28.000000 -128.000000 -2.000000 -3.000000
-0.360352 -0.432617 -0.432617 5.937500 -2.062500 -2.062500 7.000000 10.000000 5.000000 -13.000000 -7.000000 -14.000000 14.000000 71.000000 54.000000 -1.000000 -11.000000
-0.428223 -0.486816 -0.486816 -3.437500 -7.437500 -7.437500 7.000000 10.000000 5.000000 -3.000000 -3.000000 -12.000000 -10.000000 -16.000000 0.000000 -16.000000 -13.000000
-0.379395 -0.500000 -0.500000 1.250000 -12.000000 -12.000000 7.000000 10.000000 5.000000 -3.000000 -3.000000 -12.000000 -10.000000 -16.000000 0.000000 -16.000000 -13.000000
-0.327148 -0.465820 -0.465820 9.500000 -5.062500 -5.062500 7.000000 10.000000 5.000000 -5.000000 9.000000 23.000000 -9.000000 -128.000000 -128.000000 33.000000 33.000000
-0.350098 -0.400879 -0.400879 12.062500 1.687500 1.687500 7.000000 10.000000 5.000000 10.000000 25.000000 -21.000000 -3.000000 72.000000 124.000000 10.000000 -32.000000
-0.364258 -0.393555 -0.393555 -0.125000 1.687500 1.687500 7.000000 10.000000 5.000000 -13.000000 -9.000000 24.000000 2.000000 -108.000000 -78.000000 -3.000000 22.000000
-0.289551 -0.418457 -0.418457 2.125000 -1.062500 -1.062500 7.000000 10.000000 5.000000 3.000000 16.000000 15.000000 18.000000 53.000000 46.000000 15.000000 -55.000000
-0.223633 -0.374512 -0.374512 10.625000 -4.812500 -4.812500 7.000000 10.000000 5.000000 3.000000 -31.000000 2.000000 18.000000 12.000000 -96.000000 -30.000000 -24.000000
-0.116699 -0.336914 -0.336914 13.125000 -12.937500 -12.937500 7.000000 10.000000 5.000000 -27.000000 -27.000000 -20.000000 -13.000000 -36.000000 -4.000000 -20.000000 -14.000000
-0.006348 -0.281738 -0.281738 19.812500 -20.875000 -20.875000 7.000000 10.000000 5.000000 7.000000 7.000000 7.000000 -18.000000 -60.000000 -78.000000 -10.000000 6.000000
0.054199 -0.251465 -0.251465 -8.437500 -55.000000 -55.000000 7.000000 10.000000 5.000000 1.000000 7.000000 -33.000000 -17.000000 27.000000 5.000000 -46.000000 -10.000000
0.076172 -0.300781 -0.300781 -17.437500 -69.562500 -69.562500 7.000000 10.000000 5.000000 5.000000 -30.000000 -33.000000 14.000000 -38.000000 13.000000 49.000000 16.000000
0.006348 -0.319336 -0.319336 -22.187500 -82.125000 -82.125000 7.000000 9.000000 5.000000 21.000000 24.000000 90.000000 91.000000 23.000000 4.000000 15.000000 41.000000
-0.053223 -0.446289 -0.446289 -27.312500 -101.500000 -101.500000 7.000000 9.000000 5.000000 -6.000000 67.000000 -33.000000 -6.000000 127.000000 127.000000 -2.000000 -23.000000
-0.062988 -0.524902 -0.524902 -20.562500 -122.187500 -122.187500 7.000000 9.000000 5.000000 2.000000 -3.000000 31.000000 1.000000 -29.000000 7.000000 25.000000 51.000000
-0.108887 -0.574219 -0.574219 -18.875000 -148.500000 -148.500000 7.000000 8.000000 5.000000 2.000000 24.000000 3.000000 -60.000000 -45.000000 -79.000000 -10.000000 4.000000
-0.206055 -0.508301 -0.508301 -30.812500 -180.812500 -180.812500 7.000000 8.000000 5.000000 -13.000000 -32.000000 -61.000000 -102.000000 -16.000000 13.000000 -3.000000 5.000000
-0.173340 -0.508301 -0.508301 -49.500000 -205.250000 -205.250000 7.000000 8.000000 5.000000 5.000000 -8.000000 -3.000000 -107.000000 -8.000000 -26.000000 -2.000000 -6.000000
0.032227 -0.662598 -0.662598 -60.312500 -214.437500 -214.437500 7.000000 7.000000 5.000000 5.000000 -8.000000 -3.000000 -107.000000 -8.000000 -26.000000 -2.000000 -6.000000
0.164551 -0.733887 -0.733887 -21.937500 -208.625000 -208.625000 7.000000 6.000000 5.000000 -12.000000 7.000000 -59.000000 72.000000 -40.000000 10.000000 -4.000000 -3.000000
0.089844 -0.609375 -0.609375 20.250000 -201.812500 -201.812500 7.000000 6.000000 5.000000 17.000000 11.000000 -36.000000 -50.000000 -76.000000 -20.000000 9.000000 10.000000
0.056641 -0.399414 -0.399414 2.437500 -211.437500 -211.437500 7.000000 5.000000 5.000000 15.000000 -48.000000 -17.000000 34.000000 38.000000 14.000000 6.000000 16.000000
0.329590 -0.524902 -0.524902 -65.750000 -223.062500 -223.062500 7.000000 5.000000 5.000000 -16.000000 26.000000 57.000000 44.000000 -100.000000 -30.000000 -5.000000 -7.000000
0.779785 -0.860352 -0.860352 -70.125000 -206.000000 -206.000000 7.000000 4.000000 5.000000 28.000000 -37.000000 50.000000 -26.000000 72.000000 25.000000 13.000000 3.000000
0.802246 -0.783691 -0.783691 4.937500 -185.187500 -185.187500 7.000000 4.000000 5.000000 -12.000000 -15.000000 -30.000000 -55.000000 -25.000000 6.000000 -6.000000 0.000000
0.665527 -0.430664 -0.430664 26.937500 -182.312500 -182.312500 7.000000 3.000000 5.000000 -28.000000 -11.000000 -1.000000 -87.000000 15.000000 6.000000 -5.000000 -8.000000
0.758301 -0.320312 -0.320312 -36.312500 -182.625000 -182.625000 7.000000 3.000000 5.000000 -15.000000 -20.000000 -36.000000 -51.000000 4.000000 19.000000 11.000000 -17.000000
1.020996 -0.504395 -0.504395 -82.000000 -172.750000 -172.750000 7.000000 2.000000 5.000000 7.000000 24.000000 -75.000000 -123.000000 -48.000000 5.000000 3.000000 4.000000
1.286621 -0.535645 -0.535645 -62.875000 -142.312500 -142.312500 7.000000 2.000000 4.000000 16.000000 19.000000 7.000000 83.000000 80.000000 3.000000 0.000000 6.000000
1.282227 -0.475098 -0.475098 -18.250000 -119.312500 -119.312500 7.000000 2.000000 4.000000 1.000000 -24.000000 -28.000000 -72.000000 2.000000 3.000000 4.000000 15.000000
1.203613 -0.370605 -0.370605 15.500000 -102.437500 -102.437500 7.000000 1.000000 4.000000 1.000000 -24.000000 -28.000000 -72.000000 2.000000 3.000000 4.000000 15.000000
1.211426 -0.270020 -0.270020 42.875000 -87.062500 -87.062500 7.000000 1.000000 4.000000 -13.000000 -79.000000 67.000000 9.000000 -12.000000 10.000000 8.000000 -40.000000
1.203613 -0.162598 -0.162598 62.062500 -66.500000 -66.500000 8.000000 1.000000 4.000000 -13.000000 -79.000000 67.000000 9.000000 -12.000000 10.000000 8.000000 -40.000000
1.156250 0.014648 0.014648 62.500000 -44.562500 -44.562500 8.000000 1.000000 4.000000 0.000000 -34.000000 53.000000 49.000000 33.000000 4.000000 -2.000000 31.000000
1.118164 0.120605 0.120605 36.187500 -30.125000 -30.125000 8.000000 1.000000 4.000000 -9.000000 -24.000000 -2.000000 25.000000 6.000000 -1.000000 -6.000000 12.000000
1.098145 0.106934 0.106934 -1.687500 -21.875000 -21.875000 8.000000 1.000000 3.000000 -22.000000 -33.000000 -28.000000 -27.000000 14.000000 -11.000000 -4.000000 -32.000000
1.052246 -0.012695 -0.012695 -24.187500 -11.750000 -11.750000 8.000000 1.000000 3.000000 -4.000000 -12.000000 39.000000 46.000000 26.000000 21.000000 21.000000 18.000000
1.011230 -0.111816 -0.111816 -16.375000 -2.937500 -2.937500 8.000000 1.000000 3.000000 -7.000000 8.000000 21.000000 17.000000 -11.000000 13.000000 6.000000 -4.000000
0.969238 -0.155273 -0.155273 3.000000 2.812500 2.812500 8.000000 1.000000 4.000000 -7.000000 8.000000 21.000000 17.000000 -11.000000 13.000000 6.000000 -4.000000
0.935059 -0.178711 -0.178711 15.687500 4.187500 4.187500 8.000000 1.000000 4.000000 0.000000 4.000000 -18.000000 -51.000000 -17.000000 -13.000000 -8.000000 -1.000000
0.928711 -0.171387 -0.171387 23.375000 4.500000 4.500000 8.000000 1.000000 4.000000 0.000000 4.000000 -18.000000 -51.000000 -17.000000 -13.000000 -8.000000 -1.000000
0.921875 -0.150879 -0.150879 28.250000 4.687500 4.687500 8.000000 1.000000 4.000000 -5.000000 -9.000000 6.000000 -92.000000 -16.000000 0.000000 -2.000000 -6.000000
0.918945 -0.131836 -0.131836 26.875000 4.062500 4.062500 8.000000 1.000000 4.000000 -6.000000 12.000000 -22.000000 98.000000 21.000000 -7.000000 -3.000000 -2.000000
0.923828 -0.114258 -0.114258 20.750000 4.500000 4.500000 8.000000 1.000000 4.000000 1.000000 38.000000 35.000000 10.000000 1.000000 -11.000000 -8.000000 -9.000000
0.917969 -0.094238 -0.094238 14.062500 4.062500 4.062500 8.000000 1.000000 4.000000 1.000000 38.000000 35.000000 10.000000 1.000000 -11.000000 -8.000000 -9.000000
0.936523 -0.086426 -0.086426 7.875000 2.937500 2.937500 8.000000 1.000000 4.000000 2.000000 17.000000 12.000000 4.000000 6.000000 11.000000 2.000000 0.000000
0.959473 -0.091797 -0.091797 4.562500 1.625000 1.625000 8.000000 1.000000 4.000000 2.000000 17.000000 12.000000 4.000000 6.000000 11.000000 2.000000 0.000000
0.970703 -0.096191 -0.096191 5.250000 0.750000 0.750000 8.000000 1.000000 4.000000 -4.000000 -17.000000 -56.000000 -15.000000 -29.000000 -13.000000 3.000000 0.000000
0.970703 -0.098145 -0.098145 6.812500 -1.812500 -1.812500 8.000000 1.000000 4.000000 -4.000000 -17.000000 -56.000000 -15.000000 -29.000000 -13.000000 3.000000 0.000000
0.962891 -0.081543 -0.081543 4.187500 -1.500000 -1.500000 8.000000 1.000000 4.000000 0.000000 6.000000 24.000000 25.000000 16.000000 4.000000 -3.000000 3.000000
0.953613 -0.097168 -0.097168 -4.437500 -1.875000 -1.875000 8.000000 1.000000 4.000000 -10.000000 -27.000000 -29.000000 -38.000000 -11.000000 14.000000 0.000000 -16.000000
0.945312 -0.107910 -0.107910 -6.250000 -1.687500 -1.687500 8.000000 1.000000 4.000000 4.000000 -8.000000 53.000000 47.000000 28.000000 -9.000000 -4.000000 3.000000
0.959961 -0.126953 -0.126953 -2.625000 -1.250000 -1.250000 8.000000 1.000000 4.000000 11.000000 7.000000 0.000000 -7.000000 7.000000 6.000000 -2.000000 15.000000
0.969727 -0.131348 -0.131348 1.687500 -0.875000 -0.875000 8.000000 1.000000 4.000000 -14.000000 1.000000 12.000000 3.000000 3.000000 8.000000 0.000000 -5.000000
0.977539 -0.089844 -0.089844 2.687500 0.000000 0.000000 8.000000 1.000000 4.000000 -7.000000 -38.000000 11.000000 -3.000000 7.000000 -4.000000 -5.000000 1.000000
0.959473 -0.098145 -0.098145 -2.250000 0.000000 0.000000 8.000000 1.000000 4.000000 -3.000000 5.000000 -12.000000 5.000000 -3.000000 5.000000 5.000000 -1.000000
0.956543 -0.130859 -0.130859 -6.250000 0.312500 0.312500 8.000000 1.000000 4.000000 -3.000000 80.000000 2.000000 -33.000000 -18.000000 -11.000000 -5.000000 -2.000000
0.955078 -0.129395 -0.129395 -2.937500 0.062500 0.062500 8.000000 1.000000 4.000000 -18.000000 -31.000000 22.000000 59.000000 38.000000 10.000000 7.000000 -5.000000
0.949219 -0.119629 -0.119629 3.000000 0.250000 0.250000 8.000000 1.000000 4.000000 -18.000000 -31.000000 22.000000 59.000000 38.000000 10.000000 7.000000 -5.000000
0.946777 -0.110352 -0.110352 4.812500 0.375000 0.375000 8.000000 1.000000 4.000000 5.000000 -44.000000 -30.000000 -92.000000 -67.000000 -22.000000 -11.000000 -2.000000
0.943848 -0.099609 -0.099609 1.625000 0.500000 0.500000 8.000000 1.000000 4.000000 20.000000 -43.000000 19.000000 71.000000 59.000000 7.000000 6.000000 7.000000
0.952637 -0.108398 -0.108398 0.375000 0.625000 0.625000 8.000000 1.000000 4.000000 -27.000000 -52.000000 34.000000 -60.000000 -5.000000 -1.000000 1.000000 -10.000000
0.953613 -0.104492 -0.104492 2.750000 0.625000 0.625000 8.000000 1.000000 4.000000 14.000000 1.000000 -14.000000 -36.000000 23.000000 8.000000 5.000000 6.000000
0.958496 -0.102051 -0.102051 4.125000 0.250000 0.250000 8.000000 1.000000 4.000000 0.000000 -128.000000 -82.000000 15.000000 -1.000000 1.000000 6.000000 10.000000
0.937500 -0.098145 -0.098145 4.312500 -0.562500 -0.562500 8.000000 1.000000 4.000000 64.000000 104.000000 96.000000 -15.000000 12.000000 -3.000000 8.000000 20.000000
0.950684 -0.088867 -0.088867 2.000000 -1.187500 -1.187500 8.000000 1.000000 4.000000 -53.000000 -76.000000 14.000000 -85.000000 -24.000000 -4.000000 -11.000000 -20.000000
0.945801 -0.109375 -0.109375 -0.937500 -1.812500 -1.812500 8.000000 1.000000 4.000000 11.000000 -8.000000 37.000000 -18.000000 -4.000000 -4.000000 -2.000000 4.000000
0.954102 -0.111328 -0.111328 0.562500 -1.937500 -1.937500 8.000000 1.000000 4.000000 -14.000000 113.000000 96.000000 95.000000 26.000000 9.000000 3.000000 -7.000000
0.937500 -0.097168 -0.097168 2.687500 -2.437500 -2.437500 8.000000 1.000000 4.000000 -1.000000 27.000000 21.000000 -11.000000 -34.000000 -11.000000 -6.000000 -9.000000
0.939453 -0.098633 -0.098633 1.437500 -2.437500 -2.437500 8.000000 1.000000 4.000000 -5.000000 -2.000000 -22.000000 3.000000 8.000000 -15.000000 -8.000000 -7.000000
