0.922852 0.052246 0.052246 6.875000 -1.500000 -1.500000 9.000000 0.000000 4.000000 -3.000000 -4.000000 5.000000 1.000000 0.000000 -1.000000 -1.000000 -1.000000
0.926270 0.041504 0.041504 3.812500 -4.250000 -4.250000 9.000000 0.000000 4.000000 -3.000000 -4.000000 5.000000 1.000000 0.000000 -1.000000 -1.000000 -1.000000
0.925781 -0.037109 -0.037109 4.500000 -7.000000 -7.000000 9.000000 0.000000 4.000000 -2.000000 -1.000000 8.000000 1.000000 0.000000 0.000000 -1.000000 -1.000000
0.914551 -0.066895 -0.066895 15.687500 -10.937500 -10.937500 9.000000 0.000000 4.000000 0.000000 1.000000 2.000000 1.000000 1.000000 0.000000 -1.000000 0.000000
0.885254 -0.063965 -0.063965 24.812500 -16.625000 -16.625000 9.000000 0.000000 5.000000 -2.000000 2.000000 6.000000 8.000000 2.000000 0.000000 -1.000000 -1.000000
0.878418 -0.092773 -0.092773 28.875000 -23.375000 -23.375000 8.000000 0.000000 5.000000 -3.000000 -9.000000 -11.000000 -6.000000 -1.000000 -3.000000 -2.000000 -1.000000
0.906250 -0.126465 -0.126465 31.937500 -28.875000 -28.875000 8.000000 0.000000 5.000000 -5.000000 -11.000000 -4.000000 -2.000000 -1.000000 -3.000000 -2.000000 -4.000000
0.947754 -0.158203 -0.158203 33.812500 -28.562500 -28.562500 8.000000 0.000000 6.000000 -5.000000 -11.000000 -4.000000 -2.000000 -1.000000 -3.000000 -2.000000 -4.000000
0.976562 -0.209961 -0.209961 34.125000 -23.000000 -23.000000 7.000000 0.000000 6.000000 -1.000000 3.000000 -3.000000 1.000000 -1.000000 -1.000000 -2.000000 -1.000000
0.985352 -0.213379 -0.213379 31.375000 -15.312500 -15.312500 7.000000 0.000000 6.000000 -1.000000 3.000000 -3.000000 1.000000 -1.000000 -1.000000 -2.000000 -1.000000
0.997559 -0.206055 -0.206055 25.375000 -7.687500 -7.687500 7.000000 0.000000 7.000000 -1.000000 4.000000 9.000000 8.000000 4.000000 0.000000 -1.000000 -1.000000
1.003906 -0.222168 -0.222168 21.875000 -2.000000 -2.000000 7.000000 0.000000 7.000000 -1.000000 4.000000 9.000000 8.000000 4.000000 0.000000 -1.000000 -1.000000
0.978027 -0.234863 -0.234863 25.187500 1.750000 1.750000 6.000000 0.000000 7.000000 -1.000000 0.000000 -9.000000 -5.000000 -1.000000 -2.000000 3.000000 9.000000
0.954590 -0.239258 -0.239258 31.062500 3.562500 3.562500 6.000000 0.000000 7.000000 -1.000000 0.000000 -9.000000 -5.000000 -1.000000 -2.000000 3.000000 9.000000
0.947754 -0.213867 -0.213867 37.437500 5.187500 5.187500 6.000000 1.000000 7.000000 -2.000000 -3.000000 -5.000000 -4.000000 -2.000000 -1.000000 -2.000000 -12.000000
0.964355 -0.200195 -0.200195 38.562500 6.187500 6.187500 6.000000 1.000000 7.000000 7.000000 2.000000 22.000000 3.000000 0.000000 -2.000000 -2.000000 8.000000
1.007812 -0.188965 -0.188965 33.250000 6.000000 6.000000 6.000000 1.000000 7.000000 -1.000000 -3.000000 -7.000000 -1.000000 0.000000 0.000000 -1.000000 3.000000
1.020020 -0.180176 -0.180176 28.125000 7.125000 7.125000 6.000000 1.000000 8.000000 -1.000000 -6.000000 -20.000000 -8.000000 -1.000000 -3.000000 -2.000000 -3.000000
0.965332 -0.179688 -0.179688 24.062500 7.812500 7.812500 6.000000 1.000000 8.000000 0.000000 -2.000000 3.000000 -2.000000 0.000000 -2.000000 -2.000000 1.000000
0.949707 -0.197266 -0.197266 21.125000 8.187500 8.187500 6.000000 1.000000 8.000000 -3.000000 2.000000 -9.000000 -6.000000 -2.000000 -1.000000 0.000000 -1.000000
0.968262 -0.189941 -0.189941 21.187500 7.750000 7.750000 6.000000 1.000000 8.000000 -6.000000 -1.000000 1.000000 -4.000000 -2.000000 -3.000000 -4.000000 -20.000000
1.001465 -0.147949 -0.147949 14.875000 4.875000 4.875000 6.000000 1.000000 8.000000 -6.000000 -1.000000 1.000000 -4.000000 -2.000000 -3.000000 -4.000000 -20.000000
1.048828 -0.163574 -0.163574 4.937500 1.500000 1.500000 6.000000 1.000000 8.000000 2.000000 1.000000 -5.000000 -2.000000 1.000000 -1.000000 1.000000 8.000000
1.067871 -0.223633 -0.223633 5.875000 -1.937500 -1.937500 6.000000 1.000000 8.000000 -2.000000 -5.000000 -9.000000 -2.000000 -1.000000 -2.000000 0.000000 1.000000
1.076660 -0.240723 -0.240723 23.312500 -4.250000 -4.250000 6.000000 1.000000 8.000000 -2.000000 -4.000000 15.000000 6.000000 2.000000 -1.000000 -2.000000 -3.000000
1.089355 -0.173828 -0.173828 44.687500 -3.187500 -3.187500 6.000000 1.000000 8.000000 -4.000000 -2.000000 -2.000000 0.000000 0.000000 1.000000 -3.000000 -4.000000
1.126465 -0.068848 -0.068848 43.750000 -0.812500 -0.812500 6.000000 1.000000 8.000000 -2.000000 -2.000000 -6.000000 -2.000000 -1.000000 -2.000000 1.000000 2.000000
1.034668 -0.030762 -0.030762 15.125000 18.937500 18.937500 6.000000 1.000000 8.000000 -3.000000 -1.000000 -30.000000 -14.000000 -1.000000 2.000000 -1.000000 -1.000000
1.007812 -0.108398 -0.108398 -14.312500 22.812500 22.812500 6.000000 1.000000 8.000000 -2.000000 0.000000 37.000000 10.000000 -1.000000 -1.000000 -3.000000 -4.000000
1.122559 -0.312988 -0.312988 -44.187500 42.562500 42.562500 6.000000 1.000000 8.000000 0.000000 -3.000000 -10.000000 0.000000 2.000000 -2.000000 0.000000 2.000000
1.175293 -0.532715 -0.532715 -42.875000 67.687500 67.687500 6.000000 1.000000 8.000000 -3.000000 -4.000000 -1.000000 9.000000 1.000000 -4.000000 -4.000000 -1.000000
1.202637 -0.710938 -0.710938 34.937500 119.562500 119.562500 6.000000 2.000000 8.000000 -1.000000 3.000000 4.000000 -16.000000 2.000000 0.000000 1.000000 1.000000
1.176758 -0.681641 -0.681641 32.500000 135.437500 135.437500 6.000000 3.000000 8.000000 -2.000000 0.000000 10.000000 9.000000 1.000000 0.000000 -1.000000 -4.000000
0.939941 -1.028809 -1.028809 22.562500 143.562500 143.562500 6.000000 4.000000 8.000000 -2.000000 -1.000000 -4.000000 2.000000 2.000000 -2.000000 -2.000000 1.000000
0.849121 -0.957520 -0.957520 69.187500 141.312500 141.312500 6.000000 4.000000 8.000000 -2.000000 -4.000000 -25.000000 3.000000 2.000000 0.000000 -2.000000 -10.000000
0.633301 -0.773926 -0.773926 140.750000 105.875000 105.875000 6.000000 6.000000 8.000000 -2.000000 -5.000000 -31.000000 -22.000000 -6.000000 -5.000000 1.000000 5.000000
0.596191 -0.742188 -0.742188 120.687500 86.187500 86.187500 6.000000 6.000000 8.000000 2.000000 5.000000 -6.000000 5.000000 3.000000 0.000000 0.000000 2.000000
0.232422 -0.595215 -0.595215 77.000000 38.937500 38.937500 6.000000 7.000000 9.000000 -1.000000 -4.000000 4.000000 8.000000 2.000000 -8.000000 -10.000000 -1.000000
0.137207 -0.623047 -0.623047 45.625000 8.187500 8.187500 6.000000 8.000000 9.000000 -3.000000 -5.000000 -26.000000 -16.000000 -1.000000 8.000000 7.000000 -3.000000
0.208496 -0.632324 -0.632324 73.562500 -32.750000 -32.750000 6.000000 9.000000 10.000000 3.000000 -2.000000 19.000000 9.000000 1.000000 -4.000000 -2.000000 1.000000
0.145508 -0.445801 -0.445801 76.500000 -23.500000 -23.500000 6.000000 9.000000 10.000000 -4.000000 -2.000000 6.000000 -6.000000 0.000000 0.000000 0.000000 -2.000000
0.029297 -0.280762 -0.280762 54.937500 -4.625000 -4.625000 7.000000 10.000000 10.000000 -2.000000 -1.000000 0.000000 4.000000 -1.000000 -7.000000 -10.000000 0.000000
-0.030273 -0.357422 -0.357422 28.562500 -1.125000 -1.125000 7.000000 10.000000 10.000000 3.000000 -1.000000 -18.000000 -8.000000 -1.000000 0.000000 3.000000 9.000000
-0.104980 -0.339355 -0.339355 14.937500 0.750000 0.750000 7.000000 10.000000 10.000000 3.000000 -1.000000 -18.000000 -8.000000 -1.000000 0.000000 3.000000 9.000000
-0.127930 -0.397461 -0.397461 -1.875000 -8.625000 -8.625000 7.000000 10.000000 11.000000 -5.000000 -5.000000 18.000000 7.000000 2.000000 0.000000 2.000000 -7.000000
-0.133789 -0.523926 -0.523926 30.000000 -2.625000 -2.625000 7.000000 10.000000 11.000000 -5.000000 -5.000000 18.000000 7.000000 2.000000 0.000000 2.000000 -7.000000
-0.253906 -0.361816 -0.361816 36.187500 -4.312500 -4.312500 7.000000 10.000000 11.000000 -1.000000 0.000000 19.000000 14.000000 -1.000000 -2.000000 -2.000000 2.000000
-0.193359 -0.446777 -0.446777 -10.062500 -12.375000 -12.375000 7.000000 10.000000 11.000000 -1.000000 0.000000 19.000000 14.000000 -1.000000 -2.000000 -2.000000 2.000000
-0.229004 -0.493652 -0.493652 8.812500 -10.125000 -10.125000 7.000000 10.000000 11.000000 -2.000000 -4.000000 -5.000000 -6.000000 -1.000000 -3.000000 -2.000000 -1.000000
-0.335449 -0.413574 -0.413574 13.500000 -10.250000 -10.250000 7.000000 10.000000 11.000000 -2.000000 -4.000000 -5.000000 -6.000000 -1.000000 -3.000000 -2.000000 -1.000000
-0.327637 -0.424316 -0.424316 -2.625000 -13.500000 -13.500000 7.000000 10.000000 11.000000 -1.000000 -2.000000 -6.000000 -2.000000 0.000000 -4.000000 -2.000000 -2.000000
-0.262695 -0.491699 -0.491699 -10.437500 -10.687500 -10.687500 7.000000 10.000000 11.000000 -1.000000 -2.000000 -6.000000 -2.000000 0.000000 -4.000000 -2.000000 -2.000000
-0.303711 -0.448242 -0.448242 7.875000 -2.625000 -2.625000 7.000000 10.000000 11.000000 -1.000000 -2.000000 -4.000000 -3.000000 1.000000 -2.000000 -2.000000 -5.000000
-0.351074 -0.364258 -0.364258 16.250000 0.812500 0.812500 7.000000 10.000000 11.000000 -2.000000 -1.000000 -3.000000 0.000000 0.000000 -1.000000 2.000000 6.000000
-0.328613 -0.393066 -0.393066 3.375000 0.187500 0.187500 7.000000 10.000000 11.000000 -1.000000 0.000000 2.000000 -2.000000 1.000000 0.000000 -1.000000 -1.000000
-0.298340 -0.466309 -0.466309 1.875000 0.250000 0.250000 7.000000 10.000000 11.000000 -1.000000 -2.000000 -2.000000 2.000000 2.000000 0.000000 -1.000000 -2.000000
-0.277832 -0.463867 -0.463867 6.500000 0.062500 0.062500 7.000000 10.000000 11.000000 -2.000000 -1.000000 -4.000000 -2.000000 1.000000 -1.000000 0.000000 -7.000000
-0.249023 -0.446289 -0.446289 3.562500 2.437500 2.437500 7.000000 10.000000 11.000000 -2.000000 -5.000000 6.000000 4.000000 1.000000 -3.000000 -3.000000 3.000000
-0.255859 -0.608398 -0.608398 10.312500 -4.625000 -4.625000 7.000000 10.000000 11.000000 2.000000 0.000000 -1.000000 0.000000 0.000000 1.000000 8.000000 14.000000
-0.282227 -0.891602 -0.891602 19.562500 -9.437500 -9.437500 7.000000 10.000000 11.000000 2.000000 0.000000 -1.000000 0.000000 0.000000 1.000000 8.000000 14.000000
-0.449707 -0.367188 -0.367188 86.125000 -12.500000 -12.500000 7.000000 10.000000 11.000000 -10.000000 -5.000000 -4.000000 -4.000000 -2.000000 -5.000000 -8.000000 -25.000000
-0.257812 0.328125 0.328125 56.062500 20.000000 20.000000 7.000000 10.000000 11.000000 6.000000 1.000000 1.000000 0.000000 0.000000 4.000000 -10.000000 -10.000000
-0.087891 -1.159180 -1.159180 21.937500 22.625000 22.625000 7.000000 10.000000 11.000000 -3.000000 -2.000000 0.000000 0.000000 2.000000 3.000000 11.000000 -1.000000
-0.391113 -0.275391 -0.275391 156.812500 18.875000 18.875000 7.000000 10.000000 11.000000 0.000000 -1.000000 2.000000 -1.000000 1.000000 6.000000 -2.000000 -8.000000
-0.532715 -0.086426 -0.086426 0.000000 -2.875000 -2.875000 7.000000 10.000000 11.000000 2.000000 -1.000000 -2.000000 -2.000000 0.000000 0.000000 -1.000000 6.000000
-0.409180 -0.600098 -0.600098 -74.250000 -2.250000 -2.250000 7.000000 10.000000 11.000000 0.000000 1.000000 -9.000000 -4.000000 -2.000000 -3.000000 2.000000 3.000000
-0.472656 -0.624023 -0.624023 -3.750000 8.437500 8.437500 7.000000 10.000000 11.000000 -2.000000 -3.000000 3.000000 2.000000 -1.000000 -5.000000 -11.000000 -14.000000
-0.512695 -0.284668 -0.284668 58.625000 10.687500 10.687500 7.000000 10.000000 11.000000 2.000000 -2.000000 -3.000000 0.000000 2.000000 -1.000000 0.000000 4.000000
-0.447266 -0.112305 -0.112305 44.250000 5.750000 5.750000 7.000000 10.000000 11.000000 -1.000000 0.000000 -10.000000 -2.000000 0.000000 -2.000000 1.000000 5.000000
-0.386230 -0.183105 -0.183105 0.312500 -0.562500 -0.562500 7.000000 10.000000 11.000000 -2.000000 -1.000000 4.000000 2.000000 2.000000 -2.000000 0.000000 -4.000000
-0.341797 -0.451660 -0.451660 -13.375000 -2.687500 -2.687500 7.000000 10.000000 11.000000 -7.000000 -21.000000 -7.000000 -2.000000 -1.000000 -6.000000 -4.000000 -6.000000
-0.342285 -0.459473 -0.459473 19.500000 -1.687500 -1.687500 7.000000 10.000000 11.000000 -7.000000 -21.000000 -7.000000 -2.000000 -1.000000 -6.000000 -4.000000 -6.000000
-0.357910 -0.320312 -0.320312 21.875000 -4.250000 -4.250000 7.000000 10.000000 11.000000 3.000000 24.000000 -3.000000 -3.000000 0.000000 -1.000000 -1.000000 4.000000
-0.351562 -0.239258 -0.239258 7.875000 -4.000000 -4.000000 7.000000 10.000000 11.000000 -5.000000 -3.000000 -6.000000 -2.000000 0.000000 -2.000000 1.000000 -4.000000
-0.305176 -0.428711 -0.428711 -15.250000 -4.187500 -4.187500 7.000000 10.000000 11.000000 2.000000 -1.000000 -2.000000 -1.000000 2.000000 0.000000 0.000000 -1.000000
-0.268066 -0.543945 -0.543945 -2.625000 -4.062500 -4.062500 7.000000 10.000000 11.000000 -3.000000 -17.000000 -8.000000 0.000000 -2.000000 -7.000000 -5.000000 -3.000000
-0.321289 -0.430664 -0.430664 11.187500 -1.312500 -1.312500 7.000000 10.000000 11.000000 -2.000000 -2.000000 -1.000000 0.000000 1.000000 0.000000 1.000000 -2.000000
-0.367188 -0.271484 -0.271484 12.062500 -0.750000 -0.750000 7.000000 10.000000 11.000000 -2.000000 -2.000000 -1.000000 0.000000 1.000000 0.000000 1.000000 -2.000000
-0.319336 -0.306641 -0.306641 -8.312500 0.062500 0.062500 7.000000 10.000000 11.000000 -1.000000 5.000000 12.000000 0.000000 -2.000000 -4.000000 -4.000000 -3.000000
-0.300781 -0.445801 -0.445801 -7.687500 -1.437500 -1.437500 7.000000 10.000000 11.000000 -1.000000 5.000000 12.000000 0.000000 -2.000000 -4.000000 -4.000000 -3.000000
-0.314941 -0.419434 -0.419434 4.312500 -3.000000 -3.000000 7.000000 10.000000 11.000000 -2.000000 0.000000 44.000000 12.000000 3.000000 -4.000000 -1.000000 -2.000000
-0.307617 -0.379883 -0.379883 4.812500 -5.500000 -5.500000 7.000000 10.000000 11.000000 -2.000000 0.000000 44.000000 12.000000 3.000000 -4.000000 -1.000000 -2.000000
-0.245117 -0.337402 -0.337402 7.250000 -4.312500 -4.312500 7.000000 10.000000 11.000000 -2.000000 5.000000 22.000000 3.000000 1.000000 -2.000000 -1.000000 -4.000000
-0.104980 -0.316406 -0.316406 4.500000 1.750000 1.750000 7.000000 10.000000 10.000000 -2.000000 5.000000 22.000000 3.000000 1.000000 -2.000000 -1.000000 -4.000000
-0.029785 -0.319336 -0.319336 4.312500 2.812500 2.812500 7.000000 10.000000 10.000000 -1.000000 -3.000000 -9.000000 -14.000000 -8.000000 -1.000000 1.000000 0.000000
-0.006836 -0.158203 -0.158203 2.062500 -4.375000 -4.375000 7.000000 10.000000 10.000000 -1.000000 -3.000000 -9.000000 -14.000000 -8.000000 -1.000000 1.000000 0.000000
0.040527 -0.301270 -0.301270 -36.687500 -23.875000 -23.875000 7.000000 10.000000 10.000000 -1.000000 0.000000 -30.000000 1.000000 1.000000 -1.000000 0.000000 -2.000000
0.151367 -0.405762 -0.405762 -61.250000 -44.250000 -44.250000 7.000000 10.000000 10.000000 -1.000000 0.000000 -30.000000 1.000000 1.000000 -1.000000 0.000000 -2.000000
0.220215 -0.455078 -0.455078 -39.312500 -54.062500 -54.062500 7.000000 9.000000 10.000000 -5.000000 -6.000000 -68.000000 43.000000 14.000000 1.000000 -2.000000 -2.000000
0.104004 -0.479492 -0.479492 -17.687500 -62.187500 -62.187500 7.000000 9.000000 10.000000 -5.000000 -6.000000 -68.000000 43.000000 14.000000 1.000000 -2.000000 -2.000000
-0.027344 -0.370117 -0.370117 3.500000 -76.187500 -76.187500 7.000000 9.000000 10.000000 -3.000000 -6.000000 1.000000 20.000000 25.000000 3.000000 -1.000000 0.000000
-0.145996 -0.399902 -0.399902 -85.812500 -125.000000 -125.000000 7.000000 8.000000 9.000000 -3.000000 0.000000 -23.000000 -3.000000 -14.000000 -6.000000 -4.000000 -2.000000
0.035156 -0.706055 -0.706055 -107.062500 -136.125000 -136.125000 7.000000 7.000000 9.000000 -2.000000 -4.000000 11.000000 -30.000000 1.000000 1.000000 -4.000000 -2.000000
0.172852 -0.487305 -0.487305 -8.562500 -134.562500 -134.562500 7.000000 6.000000 9.000000 0.000000 8.000000 10.000000 -3.000000 -17.000000 -8.000000 2.000000 0.000000
0.248535 -0.539062 -0.539062 -63.937500 -141.812500 -141.812500 7.000000 6.000000 9.000000 0.000000 -6.000000 7.000000 -4.000000 9.000000 -22.000000 0.000000 -2.000000
0.562988 -0.852539 -0.852539 -103.875000 -122.687500 -122.687500 7.000000 5.000000 9.000000 0.000000 -6.000000 7.000000 -4.000000 9.000000 -22.000000 0.000000 -2.000000
0.564453 -0.837891 -0.837891 -34.062500 -104.125000 -104.125000 7.000000 5.000000 9.000000 -6.000000 -5.000000 -28.000000 7.000000 23.000000 91.000000 -4.000000 -4.000000
0.427734 -0.418457 -0.418457 12.687500 -100.312500 -100.312500 7.000000 5.000000 9.000000 1.000000 3.000000 13.000000 -22.000000 -9.000000 -2.000000 1.000000 1.000000
0.444824 -0.289062 -0.289062 -61.562500 -117.375000 -117.375000 7.000000 4.000000 8.000000 -2.000000 3.000000 -3.000000 3.000000 -17.000000 5.000000 0.000000 0.000000
0.779785 -0.595703 -0.595703 -139.312500 -113.500000 -113.500000 7.000000 4.000000 8.000000 -2.000000 -5.000000 -6.000000 10.000000 0.000000 -41.000000 2.000000 -1.000000
0.965332 -0.879395 -0.879395 -90.687500 -89.187500 -89.187500 7.000000 4.000000 8.000000 -2.000000 -3.000000 6.000000 -12.000000 -8.000000 -5.000000 -5.000000 -3.000000
0.805664 -0.668945 -0.668945 5.812500 -76.687500 -76.687500 7.000000 3.000000 8.000000 -2.000000 -3.000000 6.000000 -12.000000 -8.000000 -5.000000 -5.000000 -3.000000
0.715332 -0.338867 -0.338867 17.000000 -83.250000 -83.250000 7.000000 3.000000 8.000000 1.000000 4.000000 12.000000 10.000000 -23.000000 -24.000000 -4.000000 -1.000000
0.793945 -0.251953 -0.251953 -33.187500 -93.750000 -93.750000 7.000000 3.000000 8.000000 -6.000000 -14.000000 -22.000000 -7.000000 10.000000 -49.000000 -7.000000 -4.000000
0.917969 -0.349609 -0.349609 -59.937500 -94.875000 -94.875000 7.000000 2.000000 8.000000 3.000000 6.000000 17.000000 0.000000 -78.000000 2.000000 9.000000 4.000000
0.978516 -0.397949 -0.397949 -50.062500 -87.687500 -87.687500 7.000000 2.000000 8.000000 0.000000 8.000000 16.000000 9.000000 67.000000 -63.000000 2.000000 1.000000
1.059570 -0.297363 -0.297363 -31.500000 -78.562500 -78.562500 7.000000 2.000000 7.000000 -1.000000 -2.000000 -8.000000 -11.000000 65.000000 102.000000 3.000000 -1.000000
1.138672 -0.185059 -0.185059 -28.312500 -71.125000 -71.125000 8.000000 2.000000 7.000000 -3.000000 -7.000000 -15.000000 0.000000 -51.000000 -68.000000 -3.000000 -4.000000
1.194824 -0.098145 -0.098145 -33.500000 -61.562500 -61.562500 8.000000 2.000000 7.000000 -6.000000 -10.000000 -6.000000 24.000000 39.000000 -31.000000 -10.000000 -5.000000
1.198242 -0.083008 -0.083008 -32.375000 -45.937500 -45.937500 8.000000 1.000000 7.000000 -2.000000 0.000000 13.000000 -3.000000 3.000000 -12.000000 -2.000000 -2.000000
1.160645 -0.054199 -0.054199 -18.062500 -30.687500 -30.687500 8.000000 1.000000 7.000000 6.000000 -3.000000 0.000000 -22.000000 -112.000000 -14.000000 3.000000 3.000000
1.116211 0.055664 0.055664 -2.812500 -18.062500 -18.062500 8.000000 1.000000 6.000000 3.000000 13.000000 2.000000 6.000000 55.000000 34.000000 6.000000 3.000000
1.059570 0.138184 0.138184 -5.250000 -12.187500 -12.187500 8.000000 1.000000 6.000000 2.000000 -1.000000 6.000000 25.000000 58.000000 29.000000 6.000000 2.000000
1.040039 0.082520 0.082520 -17.625000 -10.375000 -10.375000 8.000000 1.000000 6.000000 24.000000 -2.000000 10.000000 -7.000000 -22.000000 -8.000000 -7.000000 9.000000
1.024414 -0.094727 -0.094727 -0.812500 -0.312500 -0.312500 8.000000 1.000000 6.000000 -37.000000 -11.000000 -19.000000 -15.000000 -7.000000 -93.000000 -8.000000 -8.000000
0.972656 -0.120605 -0.120605 11.125000 3.687500 3.687500 8.000000 1.000000 6.000000 -1.000000 0.000000 -16.000000 -11.000000 -40.000000 79.000000 -19.000000 -2.000000
0.917480 -0.127441 -0.127441 12.437500 4.937500 4.937500 8.000000 1.000000 7.000000 3.000000 1.000000 27.000000 24.000000 -36.000000 71.000000 6.000000 -2.000000
0.882324 -0.121582 -0.121582 7.187500 3.250000 3.250000 8.000000 1.000000 7.000000 3.000000 1.000000 27.000000 24.000000 -36.000000 71.000000 6.000000 -2.000000
0.874023 -0.146484 -0.146484 0.750000 0.250000 0.250000 8.000000 1.000000 7.000000 9.000000 -27.000000 -21.000000 -4.000000 38.000000 -81.000000 14.000000 21.000000
0.882812 -0.160645 -0.160645 1.750000 -0.562500 -0.562500 8.000000 1.000000 7.000000 10.000000 13.000000 10.000000 10.000000 -4.000000 68.000000 -4.000000 -21.000000
0.907227 -0.134766 -0.134766 6.312500 -0.937500 -0.937500 8.000000 1.000000 7.000000 32.000000 8.000000 -8.000000 -3.000000 27.000000 0.000000 -9.000000 -3.000000
0.938477 -0.111328 -0.111328 9.937500 -1.125000 -1.125000 8.000000 1.000000 7.000000 32.000000 8.000000 -8.000000 -3.000000 27.000000 0.000000 -9.000000 -3.000000
0.961426 -0.086426 -0.086426 12.562500 -2.375000 -2.375000 8.000000 1.000000 7.000000 -26.000000 4.000000 -5.000000 -19.000000 -70.000000 -73.000000 -28.000000 -15.000000
0.964844 -0.084961 -0.084961 13.375000 -3.750000 -3.750000 8.000000 1.000000 7.000000 3.000000 9.000000 5.000000 -9.000000 88.000000 94.000000 6.000000 -7.000000
0.959473 -0.059082 -0.059082 10.687500 -2.687500 -2.687500 8.000000 1.000000 7.000000 11.000000 -12.000000 19.000000 59.000000 -1.000000 -62.000000 -7.000000 2.000000
0.950195 -0.035156 -0.035156 3.625000 -2.687500 -2.687500 8.000000 1.000000 7.000000 -45.000000 -19.000000 5.000000 -16.000000 -60.000000 -14.000000 4.000000 -25.000000
0.957520 -0.033691 -0.033691 -6.187500 -2.812500 -2.812500 8.000000 1.000000 7.000000 16.000000 5.000000 -9.000000 -17.000000 34.000000 25.000000 5.000000 5.000000
0.960938 -0.076172 -0.076172 -13.187500 -3.687500 -3.687500 8.000000 1.000000 7.000000 6.000000 -4.000000 -10.000000 -30.000000 -13.000000 -47.000000 -8.000000 13.000000
0.960449 -0.104980 -0.104980 -13.562500 -3.687500 -3.687500 8.000000 1.000000 7.000000 20.000000 6.000000 -44.000000 -5.000000 5.000000 3.000000 2.000000 20.000000
0.956055 -0.115723 -0.115723 -10.125000 -3.687500 -3.687500 8.000000 1.000000 7.000000 20.000000 6.000000 -44.000000 -5.000000 5.000000 3.000000 2.000000 20.000000
0.953613 -0.122070 -0.122070 -6.125000 -2.625000 -2.625000 8.000000 1.000000 7.000000 -21.000000 13.000000 24.000000 38.000000 28.000000 13.000000 -5.000000 -19.000000
