0.956055 -0.011719 -0.011719 0.625000 -5.187500 -5.187500 8.000000 0.000000 8.000000 -1.000000 -3.000000 2.000000 -2.000000 0.000000 -2.000000 -1.000000 -2.000000
0.931641 -0.044922 -0.044922 -6.875000 -6.062500 -6.062500 8.000000 0.000000 8.000000 0.000000 -1.000000 -24.000000 -11.000000 -1.000000 -1.000000 -2.000000 0.000000
0.922363 -0.077148 -0.077148 -13.437500 -6.375000 -6.375000 8.000000 0.000000 9.000000 -1.000000 -3.000000 22.000000 9.000000 1.000000 -2.000000 -2.000000 -1.000000
0.921387 -0.108887 -0.108887 -12.937500 -7.375000 -7.375000 8.000000 0.000000 9.000000 -1.000000 3.000000 36.000000 9.000000 3.000000 -1.000000 -1.000000 -1.000000
0.951660 -0.099609 -0.099609 -5.875000 -7.125000 -7.125000 7.000000 0.000000 9.000000 -2.000000 -1.000000 -29.000000 -5.000000 -1.000000 0.000000 -1.000000 -1.000000
0.961426 -0.071289 -0.071289 -0.937500 -4.000000 -4.000000 7.000000 0.000000 9.000000 -1.000000 -3.000000 7.000000 0.000000 0.000000 -1.000000 0.000000 -1.000000
0.975098 -0.071289 -0.071289 -3.875000 -1.062500 -1.062500 7.000000 0.000000 9.000000 -1.000000 -2.000000 -4.000000 -8.000000 -1.000000 -1.000000 -1.000000 -2.000000
1.003418 -0.094238 -0.094238 -9.937500 0.937500 0.937500 7.000000 0.000000 10.000000 -1.000000 -2.000000 -4.000000 -8.000000 -1.000000 -1.000000 -1.000000 -2.000000
1.010742 -0.106934 -0.106934 -13.937500 3.312500 3.312500 7.000000 0.000000 10.000000 -2.000000 0.000000 18.000000 8.000000 2.000000 -1.000000 -2.000000 -3.000000
1.003906 -0.126953 -0.126953 -13.125000 6.250000 6.250000 6.000000 0.000000 10.000000 -3.000000 -1.000000 -4.000000 -2.000000 0.000000 -2.000000 -2.000000 -2.000000
0.993652 -0.138184 -0.138184 -9.562500 7.062500 7.062500 6.000000 0.000000 10.000000 -3.000000 -2.000000 27.000000 5.000000 0.000000 -1.000000 -3.000000 -7.000000
0.982422 -0.190430 -0.190430 -6.187500 6.125000 6.125000 6.000000 0.000000 10.000000 -3.000000 -2.000000 27.000000 5.000000 0.000000 -1.000000 -3.000000 -7.000000
1.012207 -0.200684 -0.200684 -3.687500 5.250000 5.250000 6.000000 0.000000 10.000000 -1.000000 -4.000000 0.000000 1.000000 1.000000 0.000000 1.000000 -2.000000
1.012695 -0.224121 -0.224121 -1.625000 7.625000 7.625000 6.000000 0.000000 10.000000 -1.000000 -4.000000 0.000000 1.000000 1.000000 0.000000 1.000000 -2.000000
0.981445 -0.278809 -0.278809 6.500000 13.187500 13.187500 6.000000 1.000000 10.000000 -1.000000 -2.000000 1.000000 -3.000000 0.000000 -2.000000 0.000000 -3.000000
0.959961 -0.326660 -0.326660 16.062500 19.312500 19.312500 6.000000 1.000000 10.000000 0.000000 0.000000 -22.000000 -3.000000 2.000000 -1.000000 -3.000000 -1.000000
1.011719 -0.350586 -0.350586 23.437500 27.312500 27.312500 6.000000 1.000000 10.000000 -2.000000 0.000000 -3.000000 3.000000 1.000000 -1.000000 -2.000000 -2.000000
1.015625 -0.421875 -0.421875 25.125000 30.187500 30.187500 6.000000 1.000000 11.000000 -2.000000 0.000000 -3.000000 3.000000 1.000000 -1.000000 -2.000000 -2.000000
1.043945 -0.517090 -0.517090 23.500000 33.937500 33.937500 6.000000 1.000000 11.000000 -2.000000 -1.000000 -9.000000 -2.000000 0.000000 -2.000000 -2.000000 -1.000000
1.098633 -0.661621 -0.661621 39.062500 48.437500 48.437500 6.000000 1.000000 11.000000 -1.000000 -1.000000 -12.000000 -4.000000 -1.000000 -3.000000 -1.000000 0.000000
1.109863 -0.687500 -0.687500 71.000000 67.875000 67.875000 6.000000 2.000000 11.000000 1.000000 1.000000 19.000000 5.000000 1.000000 -1.000000 0.000000 7.000000
1.144043 -0.660156 -0.660156 79.250000 79.187500 79.187500 6.000000 2.000000 11.000000 1.000000 -1.000000 -13.000000 -5.000000 1.000000 -1.000000 2.000000 2.000000
1.123047 -0.780273 -0.780273 68.062500 93.750000 93.750000 6.000000 3.000000 11.000000 -4.000000 -3.000000 4.000000 4.000000 2.000000 -3.000000 0.000000 -3.000000
1.063477 -0.881836 -0.881836 82.125000 112.375000 112.375000 6.000000 3.000000 11.000000 1.000000 -3.000000 -11.000000 -1.000000 1.000000 -2.000000 -1.000000 -1.000000
0.929199 -0.845215 -0.845215 97.500000 131.000000 131.000000 6.000000 4.000000 11.000000 1.000000 1.000000 5.000000 2.000000 0.000000 -1.000000 -1.000000 2.000000
0.842773 -0.848145 -0.848145 86.125000 148.250000 148.250000 6.000000 4.000000 11.000000 -3.000000 -2.000000 22.000000 -1.000000 2.000000 1.000000 0.000000 -2.000000
0.838379 -0.927246 -0.927246 80.562500 158.687500 158.687500 6.000000 5.000000 11.000000 -3.000000 -1.000000 6.000000 4.000000 0.000000 -2.000000 -2.000000 -2.000000
0.833008 -0.906738 -0.906738 87.000000 171.250000 171.250000 6.000000 6.000000 11.000000 -3.000000 -1.000000 6.000000 4.000000 0.000000 -2.000000 -2.000000 -2.000000
0.650391 -0.908691 -0.908691 105.687500 179.187500 179.187500 6.000000 6.000000 11.000000 -1.000000 -3.000000 -16.000000 -12.000000 -1.000000 -2.000000 -1.000000 -1.000000
0.504883 -0.929199 -0.929199 125.562500 186.437500 186.437500 6.000000 7.000000 11.000000 -5.000000 -1.000000 36.000000 14.000000 0.000000 -3.000000 -4.000000 -1.000000
0.394531 -0.816406 -0.816406 145.812500 185.312500 185.312500 6.000000 8.000000 11.000000 2.000000 8.000000 65.000000 21.000000 3.000000 1.000000 1.000000 -2.000000
0.411133 -0.737793 -0.737793 148.375000 194.375000 194.375000 6.000000 8.000000 12.000000 -2.000000 -4.000000 10.000000 -16.000000 1.000000 -1.000000 -2.000000 -4.000000
0.240723 -0.511230 -0.511230 147.812500 200.562500 200.562500 7.000000 9.000000 12.000000 -2.000000 -5.000000 -28.000000 -8.000000 -4.000000 -3.000000 -1.000000 -2.000000
0.006348 -0.451660 -0.451660 104.875000 183.937500 183.937500 7.000000 10.000000 12.000000 -2.000000 -4.000000 -19.000000 -13.000000 -3.000000 -4.000000 -2.000000 -2.000000
-0.076172 -0.645020 -0.645020 54.687500 161.187500 161.187500 7.000000 10.000000 12.000000 -2.000000 -2.000000 5.000000 -15.000000 3.000000 1.000000 1.000000 -2.000000
-0.015625 -0.615234 -0.615234 69.937500 156.312500 156.312500 7.000000 11.000000 12.000000 0.000000 1.000000 8.000000 59.000000 -1.000000 -1.000000 0.000000 1.000000
-0.157715 -0.388184 -0.388184 98.000000 160.500000 160.500000 7.000000 11.000000 12.000000 1.000000 5.000000 15.000000 -4.000000 8.000000 1.000000 0.000000 1.000000
-0.263184 -0.272949 -0.272949 73.750000 146.375000 146.375000 7.000000 12.000000 12.000000 1.000000 5.000000 15.000000 -4.000000 8.000000 1.000000 0.000000 1.000000
-0.263184 -0.260254 -0.260254 36.250000 107.000000 107.000000 7.000000 13.000000 13.000000 -2.000000 -1.000000 -9.000000 -12.000000 11.000000 0.000000 -1.000000 -2.000000
-0.354980 -0.205566 -0.205566 14.000000 81.125000 81.125000 8.000000 13.000000 13.000000 -2.000000 -1.000000 -9.000000 -12.000000 11.000000 0.000000 -1.000000 -2.000000
-0.331055 -0.138184 -0.138184 12.062500 47.687500 47.687500 8.000000 13.000000 13.000000 -9.000000 -6.000000 52.000000 71.000000 -7.000000 -11.000000 -7.000000 -6.000000
-0.445312 -0.178223 -0.178223 -2.937500 27.812500 27.812500 8.000000 13.000000 13.000000 -9.000000 -6.000000 52.000000 71.000000 -7.000000 -11.000000 -7.000000 -6.000000
-0.587402 -0.182617 -0.182617 -23.437500 16.625000 16.625000 8.000000 13.000000 13.000000 0.000000 -3.000000 -15.000000 -22.000000 -13.000000 -3.000000 0.000000 -1.000000
-0.649414 -0.153809 -0.153809 -23.437500 11.937500 11.937500 8.000000 13.000000 13.000000 0.000000 -3.000000 -15.000000 -22.000000 -13.000000 -3.000000 0.000000 -1.000000
-0.723633 0.005371 0.005371 -2.000000 11.812500 11.812500 8.000000 13.000000 13.000000 -5.000000 -12.000000 2.000000 71.000000 23.000000 6.000000 -2.000000 -3.000000
-0.745605 0.019043 0.019043 -10.750000 4.375000 4.375000 8.000000 13.000000 13.000000 1.000000 7.000000 11.000000 -93.000000 -55.000000 -23.000000 -2.000000 -1.000000
-0.668457 -0.053223 -0.053223 -11.937500 -9.187500 -9.187500 8.000000 13.000000 13.000000 -6.000000 -8.000000 -2.000000 62.000000 -27.000000 -71.000000 -5.000000 -4.000000
-0.678223 -0.146484 -0.146484 0.812500 -10.500000 -10.500000 8.000000 13.000000 13.000000 -6.000000 -8.000000 -2.000000 62.000000 -27.000000 -71.000000 -5.000000 -4.000000
-0.800781 -0.147949 -0.147949 -0.875000 -3.937500 -3.937500 8.000000 13.000000 13.000000 7.000000 27.000000 57.000000 -15.000000 -9.000000 -40.000000 -4.000000 0.000000
-0.854492 -0.166016 -0.166016 -7.187500 3.062500 3.062500 8.000000 13.000000 13.000000 7.000000 27.000000 57.000000 -15.000000 -9.000000 -40.000000 -4.000000 0.000000
-0.858887 -0.222656 -0.222656 -16.187500 4.500000 4.500000 8.000000 13.000000 13.000000 -8.000000 -17.000000 38.000000 9.000000 14.000000 3.000000 0.000000 -2.000000
-0.767090 -0.263672 -0.263672 -5.687500 6.375000 6.375000 8.000000 13.000000 13.000000 -2.000000 6.000000 -42.000000 30.000000 7.000000 -13.000000 -3.000000 -1.000000
-0.747559 -0.266602 -0.266602 4.875000 12.250000 12.250000 8.000000 13.000000 13.000000 4.000000 23.000000 15.000000 17.000000 22.000000 20.000000 -2.000000 1.000000
-0.849121 -0.206543 -0.206543 -3.000000 11.937500 11.937500 8.000000 13.000000 13.000000 4.000000 23.000000 15.000000 17.000000 22.000000 20.000000 -2.000000 1.000000
-0.826172 -0.188965 -0.188965 -12.562500 10.937500 10.937500 8.000000 13.000000 13.000000 3.000000 16.000000 15.000000 9.000000 21.000000 33.000000 1.000000 2.000000
-0.737793 -0.124512 -0.124512 -6.562500 10.500000 10.500000 8.000000 13.000000 13.000000 3.000000 16.000000 15.000000 9.000000 21.000000 33.000000 1.000000 2.000000
-0.686035 0.085449 0.085449 20.562500 11.500000 11.500000 8.000000 14.000000 13.000000 -4.000000 -13.000000 3.000000 14.000000 10.000000 -22.000000 -4.000000 -1.000000
-0.724121 0.038574 0.038574 17.750000 4.000000 4.000000 8.000000 14.000000 13.000000 2.000000 15.000000 -12.000000 -38.000000 -54.000000 -54.000000 1.000000 0.000000
-0.750488 0.006348 0.006348 -2.500000 -10.500000 -10.500000 8.000000 14.000000 13.000000 -5.000000 -13.000000 19.000000 -44.000000 61.000000 116.000000 -6.000000 -4.000000
-0.692871 -0.012207 -0.012207 -21.000000 -11.562500 -11.562500 8.000000 13.000000 13.000000 -5.000000 -13.000000 19.000000 -44.000000 61.000000 116.000000 -6.000000 -4.000000
-0.697754 -0.204590 -0.204590 -36.937500 -12.437500 -12.437500 8.000000 13.000000 13.000000 1.000000 -1.000000 -41.000000 -27.000000 -43.000000 -54.000000 1.000000 1.000000
-0.686035 -0.234375 -0.234375 -2.812500 -6.125000 -6.125000 8.000000 13.000000 13.000000 -5.000000 -13.000000 22.000000 47.000000 18.000000 0.000000 -4.000000 -4.000000
-0.782227 -0.121094 -0.121094 19.187500 1.687500 1.687500 8.000000 13.000000 13.000000 11.000000 44.000000 15.000000 28.000000 8.000000 -18.000000 4.000000 3.000000
-0.851562 -0.037598 -0.037598 3.125000 -1.500000 -1.500000 8.000000 13.000000 13.000000 -11.000000 -51.000000 -32.000000 -22.000000 -37.000000 -15.000000 -6.000000 -4.000000
-0.822266 -0.062012 -0.062012 -5.375000 -3.625000 -3.625000 8.000000 13.000000 13.000000 3.000000 19.000000 -13.000000 -5.000000 -1.000000 -4.000000 -1.000000 0.000000
-0.805176 -0.105469 -0.105469 -1.937500 -3.687500 -3.687500 8.000000 13.000000 13.000000 -6.000000 -8.000000 -14.000000 -11.000000 18.000000 36.000000 -1.000000 -2.000000
-0.766113 -0.088867 -0.088867 6.250000 -3.500000 -3.500000 8.000000 13.000000 13.000000 6.000000 36.000000 20.000000 40.000000 -62.000000 -92.000000 -8.000000 -1.000000
-0.749512 -0.086914 -0.086914 2.875000 -5.687500 -5.687500 8.000000 13.000000 13.000000 6.000000 36.000000 20.000000 40.000000 -62.000000 -92.000000 -8.000000 -1.000000
-0.652832 -0.128418 -0.128418 2.125000 -10.437500 -10.437500 8.000000 13.000000 13.000000 3.000000 10.000000 9.000000 29.000000 46.000000 28.000000 7.000000 2.000000
-0.514160 -0.143066 -0.143066 8.750000 -15.000000 -15.000000 8.000000 13.000000 13.000000 3.000000 10.000000 9.000000 29.000000 46.000000 28.000000 7.000000 2.000000
-0.428223 -0.092773 -0.092773 15.937500 -23.000000 -23.000000 8.000000 13.000000 13.000000 1.000000 6.000000 -11.000000 3.000000 -2.000000 29.000000 -1.000000 1.000000
-0.314453 -0.072754 -0.072754 8.062500 -39.812500 -39.812500 8.000000 13.000000 13.000000 1.000000 6.000000 -11.000000 3.000000 -2.000000 29.000000 -1.000000 1.000000
-0.141113 -0.028809 -0.028809 5.500000 -60.312500 -60.312500 8.000000 13.000000 13.000000 5.000000 24.000000 -10.000000 -53.000000 -25.000000 -30.000000 -3.000000 0.000000
-0.035645 -0.062988 -0.062988 -2.812500 -87.812500 -87.812500 8.000000 13.000000 13.000000 -10.000000 -30.000000 -13.000000 -2.000000 0.000000 6.000000 -2.000000 -5.000000
-0.096680 -0.136230 -0.136230 -12.437500 -117.000000 -117.000000 8.000000 12.000000 13.000000 2.000000 13.000000 -10.000000 -46.000000 -5.000000 21.000000 1.000000 2.000000
-0.179688 -0.189941 -0.189941 -23.937500 -144.937500 -144.937500 7.000000 12.000000 13.000000 -3.000000 -9.000000 18.000000 4.000000 28.000000 -3.000000 2.000000 -2.000000
-0.238770 -0.257812 -0.257812 -33.937500 -172.250000 -172.250000 7.000000 11.000000 12.000000 0.000000 3.000000 21.000000 16.000000 0.000000 3.000000 -7.000000 -1.000000
-0.278809 -0.354004 -0.354004 -51.187500 -197.000000 -197.000000 7.000000 11.000000 12.000000 -4.000000 -24.000000 5.000000 -2.000000 12.000000 19.000000 0.000000 -2.000000
-0.175293 -0.469238 -0.469238 -88.125000 -209.562500 -209.562500 7.000000 10.000000 12.000000 17.000000 80.000000 110.000000 54.000000 46.000000 121.000000 7.000000 7.000000
-0.104492 -0.574219 -0.574219 -131.937500 -214.562500 -214.562500 7.000000 10.000000 12.000000 17.000000 80.000000 110.000000 54.000000 46.000000 121.000000 7.000000 7.000000
-0.170410 -0.548828 -0.548828 -171.562500 -214.562500 -214.562500 7.000000 9.000000 12.000000 -1.000000 -17.000000 -94.000000 -102.000000 -1.000000 -7.000000 -4.000000 -2.000000
-0.260742 -0.689941 -0.689941 -186.437500 -228.375000 -228.375000 6.000000 8.000000 12.000000 -1.000000 -17.000000 -94.000000 -102.000000 -1.000000 -7.000000 -4.000000 -2.000000
0.057617 -1.079590 -1.079590 -157.687500 -204.000000 -204.000000 6.000000 7.000000 12.000000 10.000000 -39.000000 -128.000000 -70.000000 -31.000000 -49.000000 -5.000000 21.000000
0.105957 -1.378418 -1.378418 -51.625000 -165.562500 -165.562500 6.000000 7.000000 11.000000 10.000000 -39.000000 -128.000000 -70.000000 -31.000000 -49.000000 -5.000000 21.000000
0.279297 -1.100098 -1.100098 43.062500 -149.375000 -149.375000 6.000000 6.000000 11.000000 25.000000 14.000000 39.000000 69.000000 19.000000 -31.000000 -1.000000 18.000000
0.524414 -0.705078 -0.705078 101.937500 -152.062500 -152.062500 7.000000 6.000000 11.000000 25.000000 14.000000 39.000000 69.000000 19.000000 -31.000000 -1.000000 18.000000
0.538574 -0.383301 -0.383301 45.250000 -177.062500 -177.062500 7.000000 5.000000 11.000000 -29.000000 -87.000000 -80.000000 -104.000000 -12.000000 -19.000000 -6.000000 -3.000000
0.588867 -0.443359 -0.443359 -75.000000 -178.062500 -178.062500 7.000000 5.000000 11.000000 -29.000000 -87.000000 -80.000000 -104.000000 -12.000000 -19.000000 -6.000000 -3.000000
0.682617 -0.710938 -0.710938 -103.375000 -164.062500 -164.062500 7.000000 4.000000 11.000000 -1.000000 -39.000000 12.000000 18.000000 -21.000000 -12.000000 -2.000000 -10.000000
0.694824 -0.745605 -0.745605 -61.437500 -154.062500 -154.062500 7.000000 4.000000 11.000000 26.000000 68.000000 7.000000 64.000000 44.000000 12.000000 17.000000 15.000000
0.739746 -0.663086 -0.663086 -24.437500 -148.000000 -148.000000 7.000000 3.000000 11.000000 -5.000000 -20.000000 -64.000000 45.000000 -3.000000 5.000000 -13.000000 -6.000000
0.878418 -0.628906 -0.628906 -4.000000 -152.687500 -152.687500 7.000000 3.000000 11.000000 -5.000000 -20.000000 -64.000000 45.000000 -3.000000 5.000000 -13.000000 -6.000000
1.096680 -0.512695 -0.512695 8.187500 -150.750000 -150.750000 7.000000 2.000000 11.000000 -14.000000 -2.000000 -61.000000 -38.000000 6.000000 -6.000000 -2.000000 -5.000000
1.353516 -0.363281 -0.363281 13.562500 -120.625000 -120.625000 7.000000 2.000000 10.000000 -9.000000 -3.000000 40.000000 20.000000 19.000000 5.000000 1.000000 -10.000000
1.408203 -0.145996 -0.145996 7.875000 -80.812500 -80.812500 7.000000 1.000000 10.000000 -5.000000 -24.000000 78.000000 60.000000 -43.000000 1.000000 -2.000000 29.000000
1.254883 -0.083496 -0.083496 -16.437500 -63.062500 -63.062500 8.000000 1.000000 10.000000 -5.000000 -24.000000 78.000000 60.000000 -43.000000 1.000000 -2.000000 29.000000
1.160645 -0.076172 -0.076172 -20.062500 -58.062500 -58.062500 8.000000 1.000000 9.000000 12.000000 -29.000000 -43.000000 3.000000 18.000000 10.000000 -1.000000 6.000000
1.111816 0.000488 0.000488 10.812500 -49.312500 -49.312500 8.000000 1.000000 9.000000 44.000000 -1.000000 -45.000000 77.000000 32.000000 20.000000 7.000000 21.000000
1.104980 0.140625 0.140625 33.000000 -37.312500 -37.312500 9.000000 1.000000 9.000000 -26.000000 53.000000 61.000000 73.000000 -15.000000 -10.000000 4.000000 -13.000000
1.073242 0.184570 0.184570 21.500000 -25.625000 -25.625000 9.000000 1.000000 8.000000 -29.000000 -40.000000 23.000000 -6.000000 -46.000000 -25.000000 -21.000000 -19.000000
1.036133 0.070312 0.070312 -3.937500 -18.250000 -18.250000 9.000000 1.000000 8.000000 1.000000 -13.000000 -28.000000 5.000000 -3.000000 2.000000 0.000000 12.000000
1.013672 -0.083984 -0.083984 -12.062500 -10.500000 -10.500000 9.000000 1.000000 9.000000 22.000000 124.000000 86.000000 3.000000 14.000000 19.000000 11.000000 1.000000
1.016602 -0.176758 -0.176758 -3.750000 -3.750000 -3.750000 9.000000 1.000000 9.000000 6.000000 -85.000000 -90.000000 -65.000000 -27.000000 -18.000000 -4.000000 11.000000
0.985840 -0.181641 -0.181641 8.437500 2.562500 2.562500 9.000000 1.000000 9.000000 45.000000 79.000000 83.000000 40.000000 55.000000 14.000000 10.000000 10.000000
0.951660 -0.171387 -0.171387 11.937500 5.187500 5.187500 8.000000 1.000000 9.000000 -37.000000 -19.000000 -53.000000 -49.000000 -26.000000 -3.000000 -4.000000 -13.000000
0.970703 -0.181641 -0.181641 9.125000 4.250000 4.250000 8.000000 1.000000 9.000000 -13.000000 14.000000 -48.000000 -37.000000 -2.000000 0.000000 3.000000 6.000000
1.006836 -0.156250 -0.156250 6.625000 8.062500 8.062500 8.000000 1.000000 9.000000 14.000000 12.000000 11.000000 70.000000 41.000000 26.000000 31.000000 46.000000
0.969727 -0.125977 -0.125977 4.562500 10.312500 10.312500 8.000000 1.000000 9.000000 3.000000 56.000000 -48.000000 22.000000 -12.000000 1.000000 -3.000000 -19.000000
0.924316 -0.129883 -0.129883 3.437500 9.375000 9.375000 8.000000 1.000000 9.000000 -34.000000 -70.000000 -85.000000 -69.000000 -11.000000 -8.000000 -13.000000 -25.000000
0.902344 -0.139160 -0.139160 8.687500 6.625000 6.625000 8.000000 1.000000 10.000000 -34.000000 -70.000000 -85.000000 -69.000000 -11.000000 -8.000000 -13.000000 -25.000000
0.886230 -0.105957 -0.105957 15.312500 5.187500 5.187500 8.000000 1.000000 10.000000 -39.000000 -71.000000 40.000000 -89.000000 -62.000000 -21.000000 -7.000000 -15.000000
0.888184 -0.063965 -0.063965 14.687500 4.062500 4.062500 8.000000 1.000000 10.000000 -39.000000 -71.000000 40.000000 -89.000000 -62.000000 -21.000000 -7.000000 -15.000000
0.910156 -0.051758 -0.051758 6.687500 3.562500 3.562500 8.000000 1.000000 10.000000 5.000000 5.000000 13.000000 52.000000 -5.000000 -8.000000 -11.000000 1.000000
0.939453 -0.056152 -0.056152 -2.937500 2.500000 2.500000 8.000000 1.000000 10.000000 -2.000000 46.000000 77.000000 17.000000 37.000000 27.000000 19.000000 -8.000000
0.968750 -0.069336 -0.069336 -7.875000 0.562500 0.562500 8.000000 1.000000 10.000000 -3.000000 -31.000000 -40.000000 -69.000000 44.000000 15.000000 -2.000000 -7.000000
0.983887 -0.084961 -0.084961 -4.937500 0.000000 0.000000 8.000000 1.000000 10.000000 -3.000000 -31.000000 -40.000000 -69.000000 44.000000 15.000000 -2.000000 -7.000000
0.995117 -0.082031 -0.082031 1.000000 0.875000 0.875000 8.000000 1.000000 10.000000 27.000000 53.000000 9.000000 127.000000 -2.000000 -4.000000 -5.000000 10.000000
0.977539 -0.078613 -0.078613 3.500000 1.000000 1.000000 8.000000 1.000000 10.000000 27.000000 53.000000 9.000000 127.000000 -2.000000 -4.000000 -5.000000 10.000000
0.970703 -0.069824 -0.069824 2.562500 -1.250000 -1.250000 8.000000 1.000000 10.000000 -2.000000 -1.000000 82.000000 59.000000 41.000000 15.000000 -1.000000 -8.000000
0.962891 -0.064941 -0.064941 1.375000 -2.812500 -2.812500 8.000000 1.000000 10.000000 -2.000000 -1.000000 82.000000 59.000000 41.000000 15.000000 -1.000000 -8.000000
0.945801 -0.060059 -0.060059 1.000000 -3.562500 -3.562500 8.000000 1.000000 10.000000 35.000000 39.000000 114.000000 10.000000 7.000000 6.000000 5.000000 0.000000
0.944336 -0.062500 -0.062500 0.750000 -3.937500 -3.937500 8.000000 1.000000 10.000000 -51.000000 -53.000000 -52.000000 -66.000000 0.000000 -7.000000 -12.000000 -13.000000
0.946289 -0.088379 -0.088379 1.437500 -3.750000 -3.750000 8.000000 1.000000 10.000000 16.000000 -19.000000 -48.000000 -21.000000 22.000000 14.000000 10.000000 10.000000
0.955078 -0.095703 -0.095703 3.937500 -5.000000 -5.000000 8.000000 1.000000 10.000000 -9.000000 -6.000000 40.000000 79.000000 1.000000 1.000000 7.000000 -15.000000
0.968750 -0.099121 -0.099121 6.312500 -5.125000 -5.125000 8.000000 1.000000 10.000000 -6.000000 -39.000000 -70.000000 -128.000000 -40.000000 -22.000000 -19.000000 13.000000
0.979980 -0.093262 -0.093262 6.125000 -3.875000 -3.875000 8.000000 1.000000 10.000000 -6.000000 -39.000000 -70.000000 -128.000000 -40.000000 -22.000000 -19.000000 13.000000
0.972168 -0.087891 -0.087891 2.187500 -2.875000 -2.875000 8.000000 1.000000 10.000000 6.000000 -63.000000 -114.000000 -22.000000 11.000000 -2.000000 -2.000000 3.000000
0.973633 -0.091797 -0.091797 -2.312500 -2.062500 -2.062500 8.000000 1.000000 10.000000 -11.000000 -20.000000 -16.000000 -38.000000 -8.000000 11.000000 12.000000 -6.000000
0.973145 -0.104004 -0.104004 -5.437500 -1.500000 -1.500000 7.000000 1.000000 10.000000 -4.000000 12.000000 -45.000000 5.000000 14.000000 10.000000 9.000000 -2.000000
0.974121 -0.116211 -0.116211 -6.000000 -0.687500 -0.687500 7.000000 1.000000 10.000000 7.000000 42.000000 92.000000 22.000000 0.000000 -14.000000 -23.000000 -10.000000
0.979004 -0.120117 -0.120117 -5.312500 -0.125000 -0.125000 7.000000 1.000000 10.000000 10.000000 18.000000 89.000000 57.000000 24.000000 0.000000 5.000000 -10.000000
0.971191 -0.126953 -0.126953 -4.000000 -0.250000 -0.250000 7.000000 1.000000 10.000000 -22.000000 -21.000000 -44.000000 44.000000 20.000000 20.000000 13.000000 -3.000000
0.965332 -0.123535 -0.123535 -1.687500 -0.812500 -0.812500 7.000000 1.000000 10.000000 -7.000000 -24.000000 -29.000000 41.000000 86.000000 12.000000 -1.000000 10.000000
0.957031 -0.120605 -0.120605 -0.187500 -0.875000 -0.875000 7.000000 1.000000 10.000000 12.000000 -63.000000 13.000000 63.000000 3.000000 -7.000000 -7.000000 8.000000
0.952637 -0.120605 -0.120605 1.312500 -1.437500 -1.437500 7.000000 1.000000 10.000000 -4.000000 88.000000 15.000000 -76.000000 -48.000000 -15.000000 -7.000000 -9.000000
0.956055 -0.108398 -0.108398 2.875000 -1.812500 -1.812500 7.000000 1.000000 10.000000 0.000000 50.000000 -29.000000 47.000000 13.000000 6.000000 13.000000 -5.000000
0.955566 -0.110840 -0.110840 3.312500 -2.062500 -2.062500 7.000000 1.000000 10.000000 3.000000 34.000000 -9.000000 66.000000 -9.000000 -10.000000 -4.000000 0.000000
0.947266 -0.101074 -0.101074 3.062500 -1.687500 -1.687500 7.000000 1.000000 10.000000 3.000000 34.000000 -9.000000 66.000000 -9.000000 -10.000000 -4.000000 0.000000
0.939941 -0.095703 -0.095703 1.625000 -1.687500 -1.687500 7.000000 1.000000 10.000000 -17.000000 -75.000000 -71.000000 -28.000000 -15.000000 -12.000000 -10.000000 -19.000000
0.962891 -0.111328 -0.111328 0.625000 -2.687500 -2.687500 7.000000 1.000000 10.000000 -17.000000 -75.000000 -71.000000 -28.000000 -15.000000 -12.000000 -10.000000 -19.000000
0.959961 -0.124023 -0.124023 4.937500 -3.000000 -3.000000 7.000000 1.000000 10.000000 7.000000 -16.000000 38.000000 9.000000 2.000000 -7.000000 -7.000000 -30.000000
0.975098 -0.102539 -0.102539 11.937500 -2.375000 -2.375000 7.000000 1.000000 10.000000 7.000000 -16.000000 38.000000 9.000000 2.000000 -7.000000 -7.000000 -30.000000
0.981445 -0.073730 -0.073730 9.750000 -1.937500 -1.937500 7.000000 1.000000 10.000000 -12.000000 -86.000000 -123.000000 92.000000 -11.000000 -10.000000 -16.000000 -14.000000
0.975098 -0.074707 -0.074707 1.812500 -2.687500 -2.687500 7.000000 1.000000 10.000000 -11.000000 11.000000 88.000000 -93.000000 -55.000000 -23.000000 -15.000000 -19.000000
0.972168 -0.088867 -0.088867 -2.625000 -2.687500 -2.687500 7.000000 1.000000 10.000000 -16.000000 51.000000 -124.000000 32.000000 3.000000 3.000000 7.000000 1.000000
0.961914 -0.107422 -0.107422 -2.562500 -2.437500 -2.437500 7.000000 1.000000 10.000000 -16.000000 51.000000 -124.000000 32.000000 3.000000 3.000000 7.000000 1.000000
