0.958008 -0.089355 -0.089355 2.562500 -6.437500 -6.437500 7.000000 0.000000 10.000000 -1.000000 -1.000000 -12.000000 -29.000000 -8.000000 -3.000000 0.000000 4.000000
0.947266 -0.136230 -0.136230 3.875000 -6.312500 -6.312500 7.000000 0.000000 10.000000 -1.000000 -1.000000 -12.000000 -29.000000 -8.000000 -3.000000 0.000000 4.000000
0.937500 -0.130371 -0.130371 9.687500 -5.812500 -5.812500 7.000000 0.000000 11.000000 -1.000000 -2.000000 -1.000000 -2.000000 0.000000 -2.000000 -1.000000 -1.000000
0.940918 -0.109375 -0.109375 11.250000 -5.000000 -5.000000 7.000000 0.000000 11.000000 -1.000000 -2.000000 -1.000000 -2.000000 0.000000 -2.000000 -1.000000 -1.000000
0.954590 -0.093262 -0.093262 7.937500 -2.312500 -2.312500 7.000000 0.000000 11.000000 -1.000000 -1.000000 -1.000000 12.000000 2.000000 -1.000000 -1.000000 -4.000000
0.952148 -0.106934 -0.106934 2.625000 0.687500 0.687500 7.000000 0.000000 11.000000 -2.000000 -1.000000 1.000000 7.000000 2.000000 -2.000000 -1.000000 -4.000000
0.927246 -0.129395 -0.129395 0.875000 2.812500 2.812500 7.000000 0.000000 11.000000 -2.000000 -3.000000 -2.000000 -6.000000 -1.000000 -2.000000 -2.000000 -1.000000
0.914062 -0.145508 -0.145508 5.375000 4.812500 4.812500 7.000000 0.000000 11.000000 -2.000000 -1.000000 -11.000000 2.000000 1.000000 -1.000000 -2.000000 -3.000000
0.911621 -0.163574 -0.163574 9.875000 4.312500 4.312500 7.000000 0.000000 11.000000 -2.000000 0.000000 -27.000000 -11.000000 -2.000000 -3.000000 0.000000 -9.000000
0.938477 -0.167480 -0.167480 15.125000 3.375000 3.375000 6.000000 0.000000 11.000000 -2.000000 -3.000000 29.000000 12.000000 2.000000 -1.000000 -2.000000 14.000000
0.980469 -0.146484 -0.146484 20.125000 4.812500 4.812500 6.000000 0.000000 11.000000 -6.000000 -2.000000 -8.000000 -3.000000 1.000000 -1.000000 -1.000000 -3.000000
1.017578 -0.105957 -0.105957 20.687500 7.562500 7.562500 6.000000 0.000000 11.000000 -6.000000 -2.000000 -8.000000 -3.000000 1.000000 -1.000000 -1.000000 -3.000000
1.009277 -0.096680 -0.096680 18.062500 8.687500 8.687500 6.000000 0.000000 11.000000 0.000000 -3.000000 -5.000000 -3.000000 -1.000000 0.000000 0.000000 0.000000
1.015137 -0.110352 -0.110352 16.125000 7.312500 7.312500 6.000000 0.000000 11.000000 -5.000000 -4.000000 -4.000000 0.000000 0.000000 -1.000000 -5.000000 -3.000000
1.042480 -0.114258 -0.114258 18.812500 6.562500 6.562500 6.000000 0.000000 11.000000 0.000000 -2.000000 -1.000000 -2.000000 -1.000000 -1.000000 0.000000 0.000000
1.057617 -0.090820 -0.090820 22.750000 7.375000 7.375000 6.000000 0.000000 11.000000 0.000000 -2.000000 -1.000000 -2.000000 -1.000000 -1.000000 0.000000 0.000000
1.042480 -0.061523 -0.061523 20.625000 8.062500 8.062500 6.000000 0.000000 11.000000 -4.000000 -2.000000 -9.000000 -5.000000 1.000000 -2.000000 0.000000 -1.000000
1.022949 -0.064453 -0.064453 14.750000 7.750000 7.750000 6.000000 0.000000 11.000000 -2.000000 -2.000000 11.000000 2.000000 0.000000 -2.000000 -3.000000 -4.000000
1.014648 -0.090820 -0.090820 14.187500 7.250000 7.250000 6.000000 1.000000 11.000000 0.000000 -1.000000 -9.000000 1.000000 0.000000 -1.000000 -1.000000 -3.000000
1.001465 -0.112793 -0.112793 15.562500 6.687500 6.687500 6.000000 1.000000 11.000000 0.000000 -1.000000 -9.000000 1.000000 0.000000 -1.000000 -1.000000 -3.000000
0.995117 -0.097168 -0.097168 15.000000 5.687500 5.687500 6.000000 1.000000 11.000000 1.000000 -1.000000 -26.000000 -12.000000 -1.000000 -2.000000 -1.000000 0.000000
0.987305 -0.137207 -0.137207 8.625000 3.312500 3.312500 6.000000 1.000000 11.000000 1.000000 -1.000000 -26.000000 -12.000000 -1.000000 -2.000000 -1.000000 0.000000
1.004395 -0.169922 -0.169922 3.062500 4.000000 4.000000 6.000000 1.000000 11.000000 -28.000000 -3.000000 -3.000000 1.000000 2.000000 1.000000 7.000000 -6.000000
1.008301 -0.192871 -0.192871 2.625000 7.375000 7.375000 6.000000 1.000000 11.000000 -28.000000 -3.000000 -3.000000 1.000000 2.000000 1.000000 7.000000 -6.000000
1.008301 -0.245605 -0.245605 2.312500 11.000000 11.000000 6.000000 1.000000 11.000000 0.000000 -2.000000 -10.000000 -7.000000 -1.000000 0.000000 -2.000000 -7.000000
1.003418 -0.273926 -0.273926 8.000000 18.937500 18.937500 6.000000 1.000000 12.000000 -1.000000 -1.000000 8.000000 3.000000 1.000000 -2.000000 -2.000000 -1.000000
0.976074 -0.311035 -0.311035 10.687500 32.250000 32.250000 6.000000 1.000000 12.000000 -1.000000 1.000000 8.000000 2.000000 -1.000000 -2.000000 -1.000000 1.000000
0.979004 -0.370605 -0.370605 22.312500 35.937500 35.937500 6.000000 1.000000 12.000000 -1.000000 1.000000 8.000000 2.000000 -1.000000 -2.000000 -1.000000 1.000000
1.299805 -0.467773 -0.467773 73.187500 55.062500 55.062500 6.000000 2.000000 12.000000 -3.000000 -5.000000 -12.000000 -4.000000 0.000000 -1.000000 0.000000 -4.000000
1.212891 -0.566406 -0.566406 88.187500 73.062500 73.062500 6.000000 2.000000 12.000000 4.000000 -2.000000 -3.000000 -3.000000 0.000000 -2.000000 -1.000000 -2.000000
1.134766 -0.716309 -0.716309 76.875000 74.250000 74.250000 6.000000 3.000000 12.000000 -8.000000 0.000000 -2.000000 8.000000 1.000000 -1.000000 1.000000 -5.000000
1.150391 -0.873047 -0.873047 89.562500 98.562500 98.562500 6.000000 4.000000 13.000000 4.000000 2.000000 3.000000 2.000000 -2.000000 -2.000000 -1.000000 3.000000
0.899414 -0.775879 -0.775879 103.312500 102.812500 102.812500 6.000000 5.000000 13.000000 2.000000 -1.000000 6.000000 0.000000 -1.000000 -2.000000 -3.000000 -2.000000
0.458984 -0.809570 -0.809570 61.812500 88.125000 88.125000 6.000000 6.000000 13.000000 2.000000 -1.000000 6.000000 0.000000 -1.000000 -2.000000 -3.000000 -2.000000
0.520020 -0.814941 -0.814941 70.875000 94.562500 94.562500 6.000000 7.000000 13.000000 -1.000000 -2.000000 -11.000000 -6.000000 -1.000000 -1.000000 -1.000000 1.000000
0.273438 -0.511230 -0.511230 60.750000 84.562500 84.562500 6.000000 8.000000 14.000000 -5.000000 -2.000000 27.000000 10.000000 2.000000 -1.000000 -3.000000 -4.000000
0.145996 -0.461914 -0.461914 30.062500 58.625000 58.625000 6.000000 9.000000 14.000000 0.000000 -2.000000 -6.000000 5.000000 1.000000 -3.000000 -2.000000 -4.000000
0.130371 -0.514648 -0.514648 31.312500 37.500000 37.500000 6.000000 10.000000 14.000000 8.000000 -7.000000 -20.000000 -18.000000 -1.000000 -2.000000 -1.000000 4.000000
-0.068848 -0.451172 -0.451172 56.000000 38.187500 38.187500 6.000000 10.000000 14.000000 5.000000 17.000000 5.000000 -3.000000 0.000000 -2.000000 -2.000000 0.000000
-0.443359 -0.335938 -0.335938 50.375000 8.562500 8.562500 6.000000 11.000000 15.000000 5.000000 17.000000 5.000000 -3.000000 0.000000 -2.000000 -2.000000 0.000000
-0.513672 -0.279785 -0.279785 37.937500 -15.000000 -15.000000 6.000000 11.000000 15.000000 3.000000 0.000000 11.000000 25.000000 1.000000 -1.000000 -2.000000 -1.000000
-0.419434 -0.412598 -0.412598 -3.312500 -76.937500 -76.937500 7.000000 11.000000 15.000000 3.000000 0.000000 11.000000 25.000000 1.000000 -1.000000 -2.000000 -1.000000
-0.302246 -0.602051 -0.602051 -39.500000 -73.000000 -73.000000 7.000000 11.000000 15.000000 -4.000000 -5.000000 1.000000 -18.000000 -1.000000 1.000000 -1.000000 -4.000000
0.166992 -0.695801 -0.695801 32.437500 -79.625000 -79.625000 7.000000 11.000000 15.000000 -2.000000 2.000000 -11.000000 10.000000 1.000000 -1.000000 -1.000000 -2.000000
0.270996 -0.563477 -0.563477 8.312500 -89.000000 -89.000000 7.000000 10.000000 16.000000 3.000000 2.000000 2.000000 -22.000000 -1.000000 -1.000000 -1.000000 2.000000
0.380371 -0.688477 -0.688477 -24.187500 -33.687500 -33.687500 7.000000 10.000000 15.000000 -5.000000 -11.000000 13.000000 9.000000 -1.000000 -2.000000 0.000000 -2.000000
0.196777 -0.631348 -0.631348 -18.812500 -16.687500 -16.687500 7.000000 10.000000 15.000000 -4.000000 -1.000000 -22.000000 -6.000000 1.000000 0.000000 0.000000 -3.000000
0.083496 -0.664551 -0.664551 -17.250000 -4.437500 -4.437500 7.000000 9.000000 15.000000 -4.000000 -1.000000 -22.000000 -6.000000 1.000000 0.000000 0.000000 -3.000000
-0.005371 -0.666992 -0.666992 -17.437500 0.000000 0.000000 7.000000 9.000000 15.000000 -1.000000 2.000000 22.000000 0.000000 0.000000 -1.000000 -2.000000 0.000000
-0.349609 -0.765137 -0.765137 -31.750000 9.562500 9.562500 6.000000 9.000000 15.000000 -1.000000 2.000000 22.000000 0.000000 0.000000 -1.000000 -2.000000 0.000000
-0.593262 -0.928711 -0.928711 -33.750000 17.125000 17.125000 6.000000 9.000000 15.000000 0.000000 -4.000000 -5.000000 -2.000000 1.000000 0.000000 -1.000000 -1.000000
-0.866699 -0.622559 -0.622559 52.937500 88.937500 88.937500 6.000000 9.000000 15.000000 0.000000 -4.000000 -5.000000 -2.000000 1.000000 0.000000 -1.000000 -1.000000
-0.919922 -0.464355 -0.464355 51.375000 85.500000 85.500000 7.000000 9.000000 15.000000 0.000000 -2.000000 -6.000000 -6.000000 1.000000 -1.000000 0.000000 -1.000000
-0.696289 -0.463867 -0.463867 27.375000 46.875000 46.875000 7.000000 10.000000 15.000000 -2.000000 -4.000000 -1.000000 3.000000 -2.000000 -3.000000 0.000000 -1.000000
-0.786133 -0.448242 -0.448242 18.500000 36.437500 36.437500 7.000000 10.000000 15.000000 -1.000000 0.000000 0.000000 2.000000 3.000000 0.000000 -1.000000 -2.000000
-0.690918 -0.497070 -0.497070 13.000000 28.625000 28.625000 7.000000 10.000000 15.000000 0.000000 0.000000 -7.000000 28.000000 -1.000000 0.000000 -1.000000 -1.000000
-0.536621 -0.449707 -0.449707 29.437500 13.562500 13.562500 7.000000 11.000000 15.000000 2.000000 3.000000 59.000000 -11.000000 7.000000 1.000000 1.000000 1.000000
-0.537598 -0.304199 -0.304199 35.187500 -4.812500 -4.812500 7.000000 11.000000 15.000000 -6.000000 -9.000000 -84.000000 -25.000000 -7.000000 -5.000000 -4.000000 -4.000000
-0.471680 -0.266602 -0.266602 1.687500 -26.125000 -26.125000 7.000000 11.000000 15.000000 0.000000 0.000000 29.000000 1.000000 -6.000000 -3.000000 -2.000000 -1.000000
-0.395020 -0.523926 -0.523926 -53.000000 -44.125000 -44.125000 7.000000 11.000000 15.000000 0.000000 0.000000 29.000000 1.000000 -6.000000 -3.000000 -2.000000 -1.000000
-0.165039 -0.631836 -0.631836 -53.750000 -60.375000 -60.375000 7.000000 11.000000 15.000000 -2.000000 -5.000000 37.000000 17.000000 8.000000 1.000000 0.000000 -1.000000
0.111328 -0.478027 -0.478027 -54.687500 -68.062500 -68.062500 7.000000 11.000000 15.000000 -2.000000 -5.000000 37.000000 17.000000 8.000000 1.000000 0.000000 -1.000000
0.328125 -0.679688 -0.679688 -70.750000 -62.687500 -62.687500 7.000000 10.000000 15.000000 -1.000000 5.000000 20.000000 12.000000 4.000000 -1.000000 -1.000000 0.000000
0.281250 -0.827637 -0.827637 -38.187500 -52.562500 -52.562500 7.000000 10.000000 16.000000 -1.000000 5.000000 20.000000 12.000000 4.000000 -1.000000 -1.000000 0.000000
0.322266 -0.740234 -0.740234 6.750000 -49.375000 -49.375000 7.000000 10.000000 16.000000 0.000000 0.000000 16.000000 1.000000 2.000000 -1.000000 0.000000 0.000000
0.286133 -0.558594 -0.558594 -14.125000 -44.312500 -44.312500 7.000000 10.000000 15.000000 0.000000 0.000000 16.000000 1.000000 2.000000 -1.000000 0.000000 0.000000
-0.002930 -0.711914 -0.711914 -60.687500 -28.812500 -28.812500 7.000000 10.000000 15.000000 -2.000000 -3.000000 -15.000000 3.000000 1.000000 -4.000000 -3.000000 -2.000000
-0.293945 -0.980957 -0.980957 -69.312500 -2.812500 -2.812500 7.000000 10.000000 15.000000 -2.000000 -3.000000 -15.000000 3.000000 1.000000 -4.000000 -3.000000 -2.000000
-0.506348 -0.766113 -0.766113 -9.250000 16.062500 16.062500 7.000000 10.000000 15.000000 2.000000 16.000000 6.000000 2.000000 2.000000 1.000000 0.000000 0.000000
-0.683594 -0.426758 -0.426758 13.062500 16.250000 16.250000 7.000000 10.000000 15.000000 2.000000 16.000000 6.000000 2.000000 2.000000 1.000000 0.000000 0.000000
-0.586426 -0.467773 -0.467773 1.812500 12.125000 12.125000 7.000000 10.000000 15.000000 -14.000000 -71.000000 -57.000000 -31.000000 -8.000000 -6.000000 -2.000000 -2.000000
-0.426758 -0.493652 -0.493652 22.500000 12.000000 12.000000 7.000000 10.000000 15.000000 -14.000000 -71.000000 -57.000000 -31.000000 -8.000000 -6.000000 -2.000000 -2.000000
-0.377441 -0.407227 -0.407227 26.250000 4.437500 4.437500 7.000000 10.000000 15.000000 1.000000 11.000000 10.000000 12.000000 1.000000 -1.000000 -3.000000 -5.000000
-0.252441 -0.419922 -0.419922 13.000000 -4.375000 -4.375000 7.000000 10.000000 15.000000 -2.000000 -13.000000 -6.000000 4.000000 0.000000 1.000000 0.000000 -1.000000
-0.040039 -0.583984 -0.583984 -9.125000 -0.625000 -0.625000 7.000000 10.000000 15.000000 1.000000 -7.000000 13.000000 9.000000 5.000000 0.000000 -1.000000 3.000000
0.160156 -0.593262 -0.593262 -1.937500 9.500000 9.500000 7.000000 10.000000 15.000000 -3.000000 30.000000 8.000000 -10.000000 -1.000000 -3.000000 -4.000000 -7.000000
0.209961 -0.412598 -0.412598 -0.625000 12.437500 12.437500 7.000000 10.000000 15.000000 2.000000 10.000000 -7.000000 14.000000 -2.000000 -10.000000 -1.000000 1.000000
0.165039 -0.371094 -0.371094 -31.500000 -0.687500 -0.687500 6.000000 9.000000 15.000000 2.000000 10.000000 -7.000000 14.000000 -2.000000 -10.000000 -1.000000 1.000000
0.234863 -0.439453 -0.439453 -59.437500 -16.375000 -16.375000 6.000000 9.000000 15.000000 -4.000000 1.000000 32.000000 -4.000000 1.000000 8.000000 -1.000000 1.000000
0.282715 -0.487305 -0.487305 -62.687500 -25.375000 -25.375000 6.000000 9.000000 15.000000 -6.000000 -15.000000 -121.000000 -50.000000 -19.000000 -11.000000 -6.000000 -14.000000
0.166504 -0.465332 -0.465332 -39.000000 -30.625000 -30.625000 6.000000 8.000000 15.000000 5.000000 4.000000 79.000000 42.000000 -15.000000 -52.000000 0.000000 6.000000
0.014648 -0.451660 -0.451660 -20.812500 -39.937500 -39.937500 6.000000 8.000000 14.000000 -3.000000 9.000000 -11.000000 -23.000000 15.000000 11.000000 -12.000000 -7.000000
-0.075195 -0.453613 -0.453613 -26.937500 -61.187500 -61.187500 6.000000 7.000000 14.000000 -6.000000 -15.000000 21.000000 -1.000000 37.000000 37.000000 10.000000 4.000000
0.083984 -0.632812 -0.632812 -65.812500 -86.625000 -86.625000 6.000000 7.000000 14.000000 15.000000 6.000000 -7.000000 15.000000 -50.000000 -30.000000 2.000000 5.000000
0.244629 -0.945801 -0.945801 -73.562500 -103.750000 -103.750000 6.000000 6.000000 14.000000 3.000000 7.000000 -32.000000 -23.000000 43.000000 29.000000 6.000000 7.000000
0.113281 -0.441895 -0.441895 -9.437500 -144.000000 -144.000000 6.000000 5.000000 13.000000 -2.000000 -6.000000 35.000000 23.000000 -35.000000 -89.000000 -2.000000 -2.000000
0.278320 -0.238281 -0.238281 -111.375000 -178.000000 -178.000000 6.000000 4.000000 13.000000 -1.000000 7.000000 41.000000 20.000000 19.000000 -32.000000 4.000000 3.000000
1.052734 -0.841797 -0.841797 -199.562500 -171.312500 -171.312500 6.000000 3.000000 13.000000 -1.000000 7.000000 41.000000 20.000000 19.000000 -32.000000 4.000000 3.000000
1.627441 -1.375000 -1.375000 -119.250000 -117.500000 -117.500000 6.000000 3.000000 13.000000 -4.000000 -12.000000 -27.000000 0.000000 -55.000000 -51.000000 -9.000000 -5.000000
1.153320 -1.033691 -1.033691 32.562500 -77.875000 -77.875000 6.000000 3.000000 13.000000 -2.000000 -5.000000 -3.000000 -10.000000 -36.000000 -7.000000 9.000000 3.000000
0.940430 -0.428711 -0.428711 26.500000 -77.000000 -77.000000 7.000000 2.000000 13.000000 9.000000 8.000000 -1.000000 22.000000 50.000000 4.000000 4.000000 1.000000
0.962891 -0.305176 -0.305176 -67.187500 -82.500000 -82.500000 7.000000 2.000000 13.000000 -7.000000 0.000000 14.000000 2.000000 31.000000 18.000000 -3.000000 -9.000000
0.980957 -0.417480 -0.417480 -96.375000 -81.125000 -81.125000 7.000000 2.000000 13.000000 -17.000000 -13.000000 -2.000000 -12.000000 -5.000000 -1.000000 -2.000000 -7.000000
0.997559 -0.479492 -0.479492 -70.312500 -69.062500 -69.062500 7.000000 2.000000 12.000000 -17.000000 -13.000000 -2.000000 -12.000000 -5.000000 -1.000000 -2.000000 -7.000000
1.014160 -0.508301 -0.508301 -30.125000 -56.875000 -56.875000 7.000000 1.000000 12.000000 0.000000 4.000000 15.000000 3.000000 -5.000000 -52.000000 -2.000000 -1.000000
1.024902 -0.408691 -0.408691 15.187500 -46.375000 -46.375000 7.000000 1.000000 12.000000 0.000000 4.000000 15.000000 3.000000 -5.000000 -52.000000 -2.000000 -1.000000
1.070801 -0.238281 -0.238281 38.125000 -41.937500 -41.937500 7.000000 1.000000 12.000000 0.000000 5.000000 9.000000 10.000000 47.000000 52.000000 -19.000000 -2.000000
1.104004 -0.103516 -0.103516 34.062500 -40.000000 -40.000000 8.000000 1.000000 12.000000 1.000000 -12.000000 -6.000000 -5.000000 -36.000000 2.000000 2.000000 -3.000000
1.105957 -0.052246 -0.052246 13.937500 -32.937500 -32.937500 8.000000 1.000000 11.000000 1.000000 3.000000 5.000000 7.000000 119.000000 125.000000 9.000000 5.000000
1.130859 -0.058594 -0.058594 2.375000 -22.500000 -22.500000 8.000000 1.000000 11.000000 1.000000 3.000000 5.000000 7.000000 119.000000 125.000000 9.000000 5.000000
1.103516 -0.059082 -0.059082 5.437500 -12.812500 -12.812500 8.000000 1.000000 11.000000 3.000000 1.000000 -2.000000 -2.000000 -64.000000 16.000000 10.000000 4.000000
1.058594 -0.040527 -0.040527 10.062500 -6.875000 -6.875000 8.000000 1.000000 11.000000 2.000000 8.000000 -3.000000 -8.000000 12.000000 -49.000000 -9.000000 3.000000
1.031250 -0.027832 -0.027832 14.750000 -3.000000 -3.000000 8.000000 1.000000 11.000000 -10.000000 -14.000000 -14.000000 0.000000 21.000000 3.000000 -7.000000 -10.000000
0.997070 -0.018066 -0.018066 13.875000 -1.187500 -1.187500 8.000000 1.000000 11.000000 -2.000000 9.000000 30.000000 15.000000 19.000000 11.000000 -3.000000 0.000000
0.982422 -0.005859 -0.005859 9.750000 1.437500 1.437500 8.000000 1.000000 11.000000 -7.000000 -6.000000 -14.000000 19.000000 -45.000000 -37.000000 -19.000000 -10.000000
0.973145 -0.028809 -0.028809 0.625000 1.875000 1.875000 8.000000 1.000000 11.000000 10.000000 -17.000000 -13.000000 -19.000000 52.000000 21.000000 -9.000000 12.000000
0.973145 -0.056641 -0.056641 -2.250000 3.375000 3.375000 8.000000 1.000000 11.000000 -2.000000 -5.000000 -13.000000 -11.000000 74.000000 117.000000 0.000000 4.000000
0.962402 -0.137207 -0.137207 2.937500 4.687500 4.687500 8.000000 1.000000 11.000000 -2.000000 -5.000000 -13.000000 -11.000000 74.000000 117.000000 0.000000 4.000000
0.975098 -0.162598 -0.162598 14.500000 4.375000 4.375000 8.000000 1.000000 11.000000 -3.000000 4.000000 -1.000000 -4.000000 -41.000000 -71.000000 -9.000000 0.000000
0.976562 -0.120605 -0.120605 39.875000 1.000000 1.000000 8.000000 1.000000 11.000000 -3.000000 4.000000 -1.000000 -4.000000 -41.000000 -71.000000 -9.000000 0.000000
0.960938 0.015625 0.015625 44.062500 1.500000 1.500000 8.000000 1.000000 11.000000 -5.000000 -12.000000 -12.000000 -6.000000 16.000000 96.000000 -15.000000 -1.000000
0.961914 0.085938 0.085938 20.125000 1.687500 1.687500 8.000000 1.000000 11.000000 0.000000 3.000000 18.000000 1.000000 -37.000000 -62.000000 -11.000000 1.000000
0.980469 0.035156 0.035156 -8.812500 1.062500 1.062500 8.000000 1.000000 11.000000 -6.000000 -3.000000 -16.000000 -9.000000 9.000000 17.000000 12.000000 -3.000000
0.986328 -0.036133 -0.036133 -22.625000 0.687500 0.687500 8.000000 1.000000 11.000000 -4.000000 -5.000000 7.000000 9.000000 39.000000 21.000000 2.000000 -5.000000
0.990723 -0.086914 -0.086914 -24.500000 -0.562500 -0.562500 8.000000 1.000000 11.000000 1.000000 9.000000 5.000000 -24.000000 -53.000000 -23.000000 4.000000 3.000000
0.994141 -0.117188 -0.117188 -18.375000 0.437500 0.437500 8.000000 1.000000 11.000000 1.000000 9.000000 5.000000 -24.000000 -53.000000 -23.000000 4.000000 3.000000
0.978516 -0.123535 -0.123535 -5.312500 0.812500 0.812500 8.000000 1.000000 11.000000 -8.000000 -2.000000 -30.000000 0.000000 -37.000000 -30.000000 -19.000000 -8.000000
0.966797 -0.084961 -0.084961 5.375000 0.187500 0.187500 8.000000 1.000000 11.000000 3.000000 7.000000 -9.000000 16.000000 63.000000 52.000000 17.000000 3.000000
0.951660 -0.058105 -0.058105 4.625000 -0.500000 -0.500000 8.000000 1.000000 11.000000 3.000000 -3.000000 -51.000000 -25.000000 -36.000000 -27.000000 5.000000 1.000000
0.962891 -0.061523 -0.061523 -2.250000 -1.875000 -1.875000 8.000000 1.000000 11.000000 3.000000 -3.000000 -51.000000 -25.000000 -36.000000 -27.000000 5.000000 1.000000
0.975098 -0.078613 -0.078613 -6.312500 -2.125000 -2.125000 8.000000 1.000000 11.000000 -12.000000 -13.000000 -20.000000 -14.000000 -29.000000 38.000000 -16.000000 -11.000000
0.972656 -0.090820 -0.090820 -5.500000 -1.562500 -1.562500 8.000000 1.000000 11.000000 -12.000000 -13.000000 -20.000000 -14.000000 -29.000000 38.000000 -16.000000 -11.000000
0.982910 -0.107422 -0.107422 -2.750000 -1.937500 -1.937500 8.000000 1.000000 11.000000 12.000000 14.000000 39.000000 30.000000 30.000000 1.000000 15.000000 9.000000
0.981934 -0.106445 -0.106445 2.687500 -0.062500 -0.062500 8.000000 1.000000 11.000000 -8.000000 -20.000000 8.000000 -2.000000 -63.000000 -40.000000 -3.000000 -4.000000
0.991211 -0.098145 -0.098145 7.500000 1.500000 1.500000 8.000000 1.000000 11.000000 0.000000 -8.000000 -8.000000 9.000000 73.000000 17.000000 8.000000 0.000000
0.984375 -0.072266 -0.072266 8.312500 2.937500 2.937500 8.000000 1.000000 11.000000 1.000000 -7.000000 -29.000000 -19.000000 -27.000000 -2.000000 7.000000 0.000000
0.979004 -0.064941 -0.064941 4.875000 3.125000 3.125000 8.000000 1.000000 11.000000 -7.000000 -6.000000 -28.000000 -5.000000 -29.000000 -32.000000 -34.000000 -9.000000
