0.982910 -0.031738 -0.031738 5.125000 1.375000 1.375000 5.000000 0.000000 2.000000 -3.000000 -2.000000 -2.000000 0.000000 2.000000 0.000000 0.000000 -1.000000
0.972168 -0.047363 -0.047363 1.250000 0.687500 0.687500 5.000000 0.000000 1.000000 -2.000000 -1.000000 0.000000 -1.000000 -1.000000 -1.000000 -1.000000 -2.000000
0.963867 -0.055176 -0.055176 -0.312500 0.125000 0.125000 5.000000 0.000000 1.000000 -1.000000 -2.000000 -2.000000 -1.000000 0.000000 -3.000000 -1.000000 -2.000000
0.967285 -0.064453 -0.064453 -2.062500 0.187500 0.187500 5.000000 0.000000 1.000000 -1.000000 -2.000000 -2.000000 -1.000000 0.000000 -3.000000 -1.000000 -2.000000
0.946777 -0.078125 -0.078125 -0.500000 0.937500 0.937500 5.000000 0.000000 1.000000 -1.000000 0.000000 0.000000 -1.000000 -1.000000 -2.000000 -1.000000 -2.000000
0.939453 -0.079102 -0.079102 -2.125000 2.875000 2.875000 5.000000 0.000000 1.000000 -1.000000 -1.000000 0.000000 -1.000000 1.000000 -1.000000 -2.000000 -1.000000
0.935547 -0.083008 -0.083008 -5.687500 6.000000 6.000000 5.000000 0.000000 1.000000 -2.000000 -2.000000 -2.000000 -2.000000 -1.000000 -1.000000 0.000000 -3.000000
0.971191 -0.069824 -0.069824 -6.875000 8.375000 8.375000 5.000000 0.000000 1.000000 -1.000000 0.000000 -1.000000 -1.000000 0.000000 -1.000000 -1.000000 -2.000000
0.961426 -0.108887 -0.108887 -8.000000 9.687500 9.687500 5.000000 0.000000 1.000000 -1.000000 -2.000000 -2.000000 -1.000000 -1.000000 -1.000000 -2.000000 -1.000000
0.959473 -0.152832 -0.152832 -3.125000 9.500000 9.500000 5.000000 0.000000 1.000000 -2.000000 -1.000000 -3.000000 -1.000000 -2.000000 -2.000000 -1.000000 -2.000000
0.955566 -0.137207 -0.137207 7.000000 10.562500 10.562500 6.000000 0.000000 1.000000 0.000000 -1.000000 0.000000 1.000000 2.000000 -2.000000 -1.000000 -1.000000
0.938965 -0.101562 -0.101562 10.250000 12.500000 12.500000 6.000000 0.000000 1.000000 -1.000000 -1.000000 -1.000000 0.000000 -1.000000 -1.000000 -1.000000 -2.000000
0.943359 -0.092285 -0.092285 1.187500 12.312500 12.312500 6.000000 0.000000 1.000000 0.000000 0.000000 -1.000000 -2.000000 -1.000000 -3.000000 0.000000 0.000000
1.020508 -0.142578 -0.142578 1.375000 14.562500 14.562500 6.000000 0.000000 1.000000 -2.000000 -1.000000 0.000000 0.000000 2.000000 -1.000000 -1.000000 0.000000
1.003418 -0.107422 -0.107422 5.500000 16.500000 16.500000 6.000000 0.000000 1.000000 -2.000000 -2.000000 -2.000000 0.000000 1.000000 -3.000000 -2.000000 -1.000000
0.962402 -0.098633 -0.098633 2.312500 15.625000 15.625000 6.000000 0.000000 1.000000 -2.000000 -2.000000 -2.000000 0.000000 1.000000 -3.000000 -2.000000 -1.000000
0.975098 -0.117676 -0.117676 -1.562500 11.625000 11.625000 6.000000 0.000000 1.000000 -1.000000 -2.000000 -2.000000 -1.000000 -1.000000 -2.000000 -2.000000 -1.000000
0.995605 -0.137207 -0.137207 1.687500 8.000000 8.000000 6.000000 0.000000 1.000000 -1.000000 -2.000000 -2.000000 -1.000000 -1.000000 -2.000000 -2.000000 -1.000000
1.007324 -0.133789 -0.133789 9.250000 5.687500 5.687500 6.000000 0.000000 1.000000 -2.000000 -2.000000 -1.000000 -2.000000 -1.000000 0.000000 0.000000 -1.000000
1.009766 -0.119141 -0.119141 13.812500 5.062500 5.062500 6.000000 0.000000 1.000000 -2.000000 -2.000000 -1.000000 -2.000000 -1.000000 0.000000 0.000000 -1.000000
1.019531 -0.119629 -0.119629 11.562500 5.000000 5.000000 6.000000 0.000000 1.000000 -2.000000 -1.000000 -2.000000 -3.000000 -1.000000 -2.000000 -1.000000 -2.000000
1.021973 -0.132324 -0.132324 8.875000 5.062500 5.062500 6.000000 0.000000 1.000000 -1.000000 -3.000000 -2.000000 -1.000000 -1.000000 -1.000000 0.000000 -1.000000
1.041504 -0.136230 -0.136230 7.125000 5.875000 5.875000 6.000000 0.000000 0.000000 -2.000000 -3.000000 -1.000000 -1.000000 0.000000 -1.000000 -2.000000 0.000000
1.022461 -0.140625 -0.140625 2.875000 9.187500 9.187500 6.000000 0.000000 0.000000 -2.000000 -1.000000 0.000000 -1.000000 1.000000 0.000000 0.000000 -1.000000
1.020020 -0.189941 -0.189941 -8.687500 23.937500 23.937500 6.000000 1.000000 0.000000 -2.000000 -1.000000 -1.000000 -1.000000 1.000000 -2.000000 -1.000000 -1.000000
1.070801 -0.218750 -0.218750 -17.062500 34.562500 34.562500 6.000000 1.000000 0.000000 -1.000000 -2.000000 -1.000000 1.000000 1.000000 -1.000000 -1.000000 -2.000000
1.091797 -0.272461 -0.272461 -17.250000 48.437500 48.437500 6.000000 1.000000 0.000000 -2.000000 -2.000000 -1.000000 -1.000000 0.000000 -1.000000 -2.000000 -1.000000
1.120117 -0.321777 -0.321777 -15.062500 60.500000 60.500000 6.000000 1.000000 0.000000 -2.000000 -2.000000 -1.000000 -1.000000 0.000000 -1.000000 -2.000000 -1.000000
1.193359 -0.331543 -0.331543 -16.250000 80.812500 80.812500 6.000000 1.000000 0.000000 -2.000000 -2.000000 -2.000000 0.000000 0.000000 -2.000000 -1.000000 -1.000000
1.260254 -0.354004 -0.354004 -14.875000 105.500000 105.500000 6.000000 2.000000 0.000000 -2.000000 -2.000000 -2.000000 0.000000 0.000000 -2.000000 -1.000000 -1.000000
1.291992 -0.428711 -0.428711 -23.625000 121.062500 121.062500 6.000000 2.000000 0.000000 -1.000000 -3.000000 -1.000000 1.000000 1.000000 0.000000 0.000000 1.000000
1.280273 -0.623047 -0.623047 -25.125000 136.062500 136.062500 6.000000 2.000000 0.000000 -2.000000 -1.000000 -2.000000 -1.000000 0.000000 -3.000000 -1.000000 -2.000000
1.181152 -0.697266 -0.697266 -2.000000 143.812500 143.812500 6.000000 3.000000 0.000000 -1.000000 -3.000000 -1.000000 0.000000 1.000000 1.000000 -1.000000 0.000000
1.025391 -0.687012 -0.687012 22.562500 152.000000 152.000000 6.000000 3.000000 0.000000 -2.000000 -2.000000 -1.000000 0.000000 1.000000 -1.000000 -1.000000 -3.000000
0.849121 -0.697754 -0.697754 32.812500 153.625000 153.625000 6.000000 4.000000 0.000000 -1.000000 -2.000000 0.000000 -1.000000 1.000000 -2.000000 -1.000000 -1.000000
0.687988 -0.729492 -0.729492 41.375000 152.875000 152.875000 6.000000 5.000000 0.000000 -1.000000 -2.000000 0.000000 -1.000000 1.000000 -2.000000 -1.000000 -1.000000
0.548828 -0.747559 -0.747559 55.125000 148.812500 148.812500 6.000000 5.000000 0.000000 -1.000000 -1.000000 -2.000000 0.000000 -2.000000 -1.000000 -3.000000 -2.000000
0.420410 -0.662598 -0.662598 69.750000 140.500000 140.500000 6.000000 6.000000 0.000000 -1.000000 -5.000000 -1.000000 -1.000000 0.000000 -1.000000 -1.000000 0.000000
0.357422 -0.633301 -0.633301 69.562500 134.062500 134.062500 6.000000 6.000000 0.000000 -2.000000 -1.000000 -1.000000 -1.000000 -1.000000 -1.000000 -1.000000 -1.000000
0.366211 -0.622559 -0.622559 62.312500 131.937500 131.937500 6.000000 7.000000 1.000000 -1.000000 -4.000000 -2.000000 -2.000000 0.000000 -3.000000 -2.000000 -1.000000
0.311523 -0.636230 -0.636230 63.500000 129.687500 129.687500 6.000000 7.000000 1.000000 -2.000000 -3.000000 -1.000000 -1.000000 0.000000 0.000000 -2.000000 -2.000000
0.209961 -0.566406 -0.566406 67.937500 123.812500 123.812500 6.000000 8.000000 1.000000 -2.000000 -3.000000 -1.000000 -1.000000 0.000000 0.000000 -2.000000 -2.000000
0.104492 -0.535645 -0.535645 46.500000 104.250000 104.250000 6.000000 8.000000 1.000000 0.000000 -2.000000 -3.000000 -1.000000 0.000000 -1.000000 -1.000000 -1.000000
0.048828 -0.623047 -0.623047 17.375000 80.562500 80.562500 6.000000 9.000000 1.000000 0.000000 -2.000000 -3.000000 -1.000000 0.000000 -1.000000 -1.000000 -1.000000
0.036133 -0.669922 -0.669922 33.500000 72.187500 72.187500 6.000000 9.000000 1.000000 -2.000000 -2.000000 -1.000000 0.000000 1.000000 0.000000 -1.000000 0.000000
-0.031250 -0.617188 -0.617188 44.187500 67.062500 67.062500 6.000000 10.000000 1.000000 -2.000000 -2.000000 -1.000000 0.000000 1.000000 0.000000 -1.000000 0.000000
-0.128906 -0.559082 -0.559082 45.875000 50.312500 50.312500 6.000000 10.000000 1.000000 -3.000000 -1.000000 -1.000000 0.000000 0.000000 -3.000000 -1.000000 -2.000000
-0.166016 -0.638672 -0.638672 14.875000 41.875000 41.875000 6.000000 10.000000 1.000000 -2.000000 -3.000000 -1.000000 1.000000 -1.000000 -1.000000 -1.000000 -1.000000
-0.179199 -0.667969 -0.667969 37.187500 34.125000 34.125000 7.000000 10.000000 1.000000 -2.000000 -3.000000 0.000000 -2.000000 -1.000000 -2.000000 -2.000000 -2.000000
-0.300781 -0.463867 -0.463867 63.500000 30.437500 30.437500 7.000000 11.000000 2.000000 -2.000000 -3.000000 -3.000000 -3.000000 0.000000 -3.000000 -1.000000 -2.000000
-0.365723 -0.384277 -0.384277 45.562500 25.625000 25.625000 7.000000 11.000000 2.000000 -2.000000 -2.000000 -2.000000 -1.000000 0.000000 -1.000000 -2.000000 -2.000000
-0.323242 -0.544434 -0.544434 16.375000 19.937500 19.937500 7.000000 11.000000 2.000000 -2.000000 -2.000000 -2.000000 -1.000000 0.000000 -1.000000 -2.000000 -2.000000
-0.331055 -0.535156 -0.535156 36.875000 12.750000 12.750000 7.000000 11.000000 2.000000 -1.000000 -2.000000 -2.000000 -1.000000 1.000000 0.000000 0.000000 -1.000000
-0.435547 -0.254395 -0.254395 53.000000 11.062500 11.062500 7.000000 11.000000 2.000000 -2.000000 -2.000000 -1.000000 -1.000000 1.000000 -2.000000 -1.000000 -2.000000
-0.476562 -0.256836 -0.256836 7.812500 6.000000 6.000000 7.000000 11.000000 2.000000 -2.000000 -2.000000 -1.000000 -1.000000 0.000000 -3.000000 -1.000000 -1.000000
-0.357910 -0.320312 -0.320312 0.250000 -2.125000 -2.125000 7.000000 12.000000 2.000000 -1.000000 -2.000000 -1.000000 0.000000 0.000000 -2.000000 -1.000000 -3.000000
-0.346191 -0.172363 -0.172363 5.500000 1.687500 1.687500 7.000000 12.000000 2.000000 0.000000 -1.000000 -2.000000 -2.000000 -1.000000 -1.000000 -1.000000 0.000000
-0.424805 -0.237305 -0.237305 10.000000 6.750000 6.750000 7.000000 12.000000 2.000000 0.000000 -1.000000 -2.000000 -2.000000 -1.000000 -1.000000 -1.000000 0.000000
-0.501465 -0.208496 -0.208496 26.312500 7.125000 7.125000 7.000000 12.000000 2.000000 -1.000000 -3.000000 -1.000000 -1.000000 0.000000 0.000000 -1.000000 0.000000
-0.518066 -0.421387 -0.421387 3.250000 -2.937500 -2.937500 7.000000 12.000000 2.000000 -2.000000 -4.000000 -4.000000 -2.000000 -2.000000 -1.000000 0.000000 -2.000000
-0.492676 -0.359863 -0.359863 4.375000 4.750000 4.750000 7.000000 12.000000 2.000000 -3.000000 5.000000 3.000000 -3.000000 -1.000000 -2.000000 -2.000000 -2.000000
-0.574707 -0.359375 -0.359375 15.187500 13.312500 13.312500 7.000000 12.000000 2.000000 -3.000000 5.000000 3.000000 -3.000000 -1.000000 -2.000000 -2.000000 -2.000000
-0.561523 -0.240723 -0.240723 56.250000 19.312500 19.312500 7.000000 12.000000 2.000000 -1.000000 1.000000 8.000000 5.000000 4.000000 0.000000 0.000000 0.000000
-0.444336 -0.194336 -0.194336 76.062500 36.437500 36.437500 7.000000 12.000000 2.000000 -1.000000 0.000000 -10.000000 4.000000 -4.000000 -3.000000 -1.000000 0.000000
-0.395508 -0.226074 -0.226074 96.812500 72.375000 72.375000 7.000000 12.000000 2.000000 -4.000000 -7.000000 -22.000000 -3.000000 -12.000000 -5.000000 -4.000000 -4.000000
-0.594238 -0.052246 -0.052246 106.250000 92.062500 92.062500 7.000000 12.000000 2.000000 -4.000000 -7.000000 -22.000000 -3.000000 -12.000000 -5.000000 -4.000000 -4.000000
-0.820312 0.083496 0.083496 77.937500 86.625000 86.625000 8.000000 12.000000 2.000000 0.000000 -2.000000 -10.000000 4.000000 4.000000 -2.000000 -1.000000 -1.000000
-0.745117 -0.398438 -0.398438 38.062500 66.562500 66.562500 7.000000 12.000000 2.000000 0.000000 -2.000000 -10.000000 4.000000 4.000000 -2.000000 -1.000000 -1.000000
-0.621582 -0.441895 -0.441895 46.875000 44.812500 44.812500 7.000000 12.000000 2.000000 -1.000000 -5.000000 31.000000 8.000000 -2.000000 -1.000000 -2.000000 0.000000
-0.766602 -0.458984 -0.458984 0.062500 16.812500 16.812500 7.000000 12.000000 2.000000 -2.000000 -2.000000 -28.000000 1.000000 10.000000 0.000000 -1.000000 0.000000
-0.794922 -0.533691 -0.533691 -9.500000 -8.062500 -8.062500 7.000000 12.000000 2.000000 -1.000000 -1.000000 -14.000000 -13.000000 -3.000000 -3.000000 -3.000000 0.000000
-0.729980 -0.265625 -0.265625 6.125000 -29.687500 -29.687500 7.000000 12.000000 2.000000 -1.000000 -3.000000 4.000000 -4.000000 -4.000000 -2.000000 -2.000000 -2.000000
-0.652344 -0.151855 -0.151855 -15.125000 -37.500000 -37.500000 7.000000 12.000000 2.000000 -1.000000 -4.000000 -17.000000 6.000000 -4.000000 -6.000000 -2.000000 -2.000000
-0.575684 -0.180176 -0.180176 -19.375000 -28.125000 -28.125000 8.000000 12.000000 2.000000 -1.000000 4.000000 41.000000 10.000000 0.000000 -1.000000 -1.000000 -1.000000
-0.591797 -0.146973 -0.146973 -10.500000 -9.250000 -9.250000 8.000000 12.000000 2.000000 -1.000000 -2.000000 -11.000000 -8.000000 -32.000000 -52.000000 -1.000000 0.000000
-0.673340 -0.150879 -0.150879 -3.312500 -0.062500 -0.062500 8.000000 12.000000 2.000000 -3.000000 0.000000 -7.000000 -17.000000 26.000000 65.000000 -3.000000 -3.000000
-0.669434 -0.166992 -0.166992 -9.687500 -1.750000 -1.750000 8.000000 12.000000 2.000000 -8.000000 -16.000000 -31.000000 4.000000 13.000000 0.000000 -3.000000 -4.000000
-0.637207 -0.090332 -0.090332 -2.312500 2.500000 2.500000 8.000000 12.000000 2.000000 0.000000 -5.000000 9.000000 -12.000000 -14.000000 -25.000000 -2.000000 2.000000
-0.573242 -0.087891 -0.087891 19.312500 16.687500 16.687500 8.000000 12.000000 2.000000 -3.000000 -8.000000 -11.000000 -12.000000 -23.000000 6.000000 -2.000000 -2.000000
-0.548340 -0.060059 -0.060059 40.500000 25.875000 25.875000 8.000000 12.000000 2.000000 -3.000000 -8.000000 -11.000000 -12.000000 -23.000000 6.000000 -2.000000 -2.000000
-0.623047 -0.072754 -0.072754 39.750000 26.125000 26.125000 8.000000 12.000000 2.000000 -1.000000 4.000000 11.000000 0.000000 8.000000 6.000000 0.000000 0.000000
-0.641113 -0.153809 -0.153809 17.875000 22.437500 22.437500 8.000000 12.000000 2.000000 -4.000000 0.000000 16.000000 15.000000 -1.000000 34.000000 -8.000000 -4.000000
-0.676270 -0.251465 -0.251465 11.312500 18.250000 18.250000 8.000000 12.000000 2.000000 -3.000000 -7.000000 -10.000000 -4.000000 4.000000 -68.000000 -2.000000 -3.000000
-0.646484 -0.493652 -0.493652 -17.000000 13.750000 13.750000 8.000000 12.000000 2.000000 2.000000 0.000000 6.000000 2.000000 11.000000 23.000000 4.000000 1.000000
-0.618164 -0.570801 -0.570801 -8.375000 10.000000 10.000000 7.000000 12.000000 2.000000 0.000000 -5.000000 -3.000000 0.000000 -7.000000 -39.000000 4.000000 2.000000
-0.802734 -0.416016 -0.416016 7.500000 -6.500000 -6.500000 7.000000 13.000000 2.000000 0.000000 -5.000000 -3.000000 0.000000 -7.000000 -39.000000 4.000000 2.000000
-0.685059 -0.164062 -0.164062 1.375000 -19.500000 -19.500000 7.000000 13.000000 2.000000 -2.000000 -4.000000 -5.000000 -13.000000 -5.000000 -16.000000 1.000000 -4.000000
-0.647461 -0.229980 -0.229980 -28.500000 -23.625000 -23.625000 7.000000 12.000000 2.000000 -2.000000 -4.000000 -5.000000 -13.000000 -5.000000 -16.000000 1.000000 -4.000000
-0.559082 -0.235352 -0.235352 -4.750000 -10.750000 -10.750000 8.000000 12.000000 2.000000 -1.000000 -2.000000 -7.000000 -6.000000 -40.000000 26.000000 2.000000 1.000000
-0.586426 -0.175293 -0.175293 8.437500 -2.375000 -2.375000 8.000000 12.000000 2.000000 0.000000 3.000000 1.000000 4.000000 -7.000000 -98.000000 -4.000000 -1.000000
-0.496582 -0.108398 -0.108398 0.937500 -4.750000 -4.750000 8.000000 12.000000 2.000000 3.000000 2.000000 -6.000000 7.000000 -17.000000 -3.000000 0.000000 1.000000
-0.495117 -0.174805 -0.174805 -15.375000 -16.125000 -16.125000 7.000000 12.000000 2.000000 3.000000 2.000000 -6.000000 7.000000 -17.000000 -3.000000 0.000000 1.000000
-0.427734 -0.151367 -0.151367 -15.125000 -35.687500 -35.687500 7.000000 12.000000 2.000000 9.000000 2.000000 4.000000 -12.000000 -37.000000 5.000000 -1.000000 7.000000
-0.337402 -0.148438 -0.148438 -45.750000 -68.812500 -68.812500 7.000000 12.000000 2.000000 9.000000 2.000000 4.000000 -12.000000 -37.000000 5.000000 -1.000000 7.000000
-0.225586 -0.201172 -0.201172 -88.812500 -111.250000 -111.250000 7.000000 12.000000 2.000000 -14.000000 -10.000000 -16.000000 -6.000000 2.000000 -13.000000 -1.000000 -17.000000
-0.138184 -0.281250 -0.281250 -114.937500 -152.312500 -152.312500 7.000000 11.000000 1.000000 -5.000000 -17.000000 10.000000 10.000000 1.000000 2.000000 -2.000000 0.000000
-0.118652 -0.406738 -0.406738 -110.750000 -177.937500 -177.937500 7.000000 11.000000 1.000000 -3.000000 3.000000 4.000000 0.000000 11.000000 1.000000 3.000000 0.000000
-0.117188 -0.500977 -0.500977 -90.687500 -191.812500 -191.812500 7.000000 10.000000 1.000000 -3.000000 3.000000 4.000000 0.000000 11.000000 1.000000 3.000000 0.000000
-0.157227 -0.503418 -0.503418 -55.750000 -198.187500 -198.187500 7.000000 10.000000 1.000000 -3.000000 -6.000000 0.000000 -6.000000 15.000000 10.000000 -1.000000 -2.000000
-0.204590 -0.549316 -0.549316 -37.125000 -203.812500 -203.812500 7.000000 9.000000 1.000000 -3.000000 -6.000000 -2.000000 11.000000 22.000000 -1.000000 0.000000 -4.000000
-0.123535 -0.593750 -0.593750 -37.625000 -206.875000 -206.875000 7.000000 8.000000 1.000000 3.000000 -1.000000 9.000000 -4.000000 -17.000000 -1.000000 -2.000000 3.000000
0.007812 -0.623535 -0.623535 -45.312500 -203.937500 -203.937500 7.000000 8.000000 1.000000 0.000000 6.000000 -6.000000 -4.000000 -12.000000 -31.000000 -3.000000 -4.000000
0.049805 -0.716797 -0.716797 -34.062500 -195.062500 -195.062500 7.000000 7.000000 1.000000 1.000000 -3.000000 -1.000000 -5.000000 16.000000 21.000000 -5.000000 0.000000
0.012695 -0.665527 -0.665527 -4.437500 -193.562500 -193.562500 7.000000 7.000000 1.000000 -3.000000 2.000000 -8.000000 -4.000000 -33.000000 -42.000000 -7.000000 -3.000000
0.240723 -0.519043 -0.519043 -16.875000 -212.812500 -212.812500 7.000000 6.000000 1.000000 -1.000000 -3.000000 9.000000 4.000000 5.000000 4.000000 3.000000 2.000000
0.528809 -0.446777 -0.446777 -71.000000 -216.187500 -216.187500 6.000000 5.000000 1.000000 -5.000000 -3.000000 5.000000 -1.000000 -24.000000 -6.000000 2.000000 0.000000
0.598145 -0.637207 -0.637207 -120.875000 -209.375000 -209.375000 6.000000 5.000000 1.000000 -7.000000 -16.000000 -16.000000 -6.000000 -9.000000 -20.000000 -5.000000 -1.000000
0.804199 -0.940918 -0.940918 -115.812500 -180.187500 -180.187500 6.000000 4.000000 1.000000 0.000000 3.000000 11.000000 4.000000 9.000000 -1.000000 -4.000000 -2.000000
1.091797 -1.131348 -1.131348 -51.000000 -138.125000 -138.125000 6.000000 4.000000 1.000000 0.000000 -1.000000 -2.000000 -6.000000 -12.000000 1.000000 0.000000 -1.000000
1.061523 -0.872559 -0.872559 56.000000 -101.437500 -101.437500 6.000000 4.000000 1.000000 -2.000000 -4.000000 22.000000 9.000000 1.000000 -5.000000 0.000000 -1.000000
0.812500 -0.457520 -0.457520 102.125000 -85.625000 -85.625000 6.000000 3.000000 1.000000 -7.000000 -9.000000 -29.000000 -1.000000 -13.000000 -20.000000 -8.000000 -1.000000
0.713867 -0.237305 -0.237305 46.500000 -92.687500 -92.687500 6.000000 3.000000 1.000000 -2.000000 -7.000000 -24.000000 -9.000000 19.000000 43.000000 -3.000000 -6.000000
0.828613 -0.314941 -0.314941 -20.562500 -99.187500 -99.187500 7.000000 3.000000 1.000000 -1.000000 -16.000000 -9.000000 -17.000000 -10.000000 8.000000 2.000000 -2.000000
0.947754 -0.426270 -0.426270 -28.750000 -93.562500 -93.562500 7.000000 2.000000 1.000000 0.000000 1.000000 30.000000 21.000000 15.000000 9.000000 5.000000 2.000000
0.996094 -0.441895 -0.441895 -4.187500 -82.812500 -82.812500 7.000000 2.000000 0.000000 5.000000 9.000000 -3.000000 -1.000000 -6.000000 12.000000 -2.000000 2.000000
0.985352 -0.385742 -0.385742 15.937500 -72.062500 -72.062500 7.000000 2.000000 0.000000 -8.000000 -8.000000 -19.000000 -16.000000 -1.000000 -31.000000 -2.000000 -4.000000
1.041016 -0.301758 -0.301758 22.312500 -68.125000 -68.125000 7.000000 2.000000 0.000000 0.000000 1.000000 20.000000 37.000000 5.000000 0.000000 3.000000 0.000000
1.104492 -0.253418 -0.253418 25.687500 -65.000000 -65.000000 7.000000 1.000000 0.000000 0.000000 1.000000 20.000000 37.000000 5.000000 0.000000 3.000000 0.000000
1.127441 -0.180176 -0.180176 34.312500 -57.562500 -57.562500 7.000000 1.000000 0.000000 -2.000000 2.000000 -23.000000 -33.000000 24.000000 8.000000 -4.000000 -5.000000
1.115723 -0.064453 -0.064453 41.125000 -49.375000 -49.375000 7.000000 1.000000 0.000000 -3.000000 -3.000000 -18.000000 -10.000000 -7.000000 0.000000 0.000000 0.000000
1.144043 0.066895 0.066895 31.500000 -40.875000 -40.875000 8.000000 1.000000 0.000000 -4.000000 -16.000000 25.000000 -17.000000 -5.000000 -9.000000 -3.000000 -1.000000
1.140137 0.104004 0.104004 10.375000 -30.812500 -30.812500 8.000000 1.000000 17.000000 -1.000000 -10.000000 -63.000000 -4.000000 -4.000000 -5.000000 -5.000000 -2.000000
1.096680 0.070312 0.070312 -6.000000 -21.500000 -21.500000 8.000000 1.000000 17.000000 0.000000 2.000000 20.000000 25.000000 5.000000 13.000000 1.000000 -1.000000
1.090332 0.021973 0.021973 -7.187500 -14.687500 -14.687500 8.000000 1.000000 17.000000 -1.000000 -4.000000 -31.000000 -14.000000 -12.000000 -5.000000 0.000000 -3.000000
1.049316 -0.017578 -0.017578 1.187500 -7.937500 -7.937500 8.000000 1.000000 17.000000 1.000000 6.000000 10.000000 -2.000000 9.000000 -6.000000 -5.000000 0.000000
1.033691 -0.063965 -0.063965 11.375000 -1.562500 -1.562500 8.000000 1.000000 17.000000 -1.000000 4.000000 27.000000 20.000000 6.000000 -4.000000 2.000000 2.000000
1.010254 -0.100586 -0.100586 20.062500 3.437500 3.437500 8.000000 1.000000 17.000000 0.000000 -3.000000 55.000000 14.000000 -2.000000 0.000000 -14.000000 -2.000000
0.959961 -0.111816 -0.111816 25.250000 3.750000 3.750000 8.000000 1.000000 17.000000 4.000000 4.000000 -34.000000 -13.000000 -12.000000 -13.000000 41.000000 4.000000
0.931641 -0.136719 -0.136719 25.125000 -0.375000 -0.375000 8.000000 1.000000 17.000000 -7.000000 10.000000 -17.000000 8.000000 18.000000 9.000000 13.000000 -1.000000
0.904785 -0.153320 -0.153320 22.000000 -2.625000 -2.625000 8.000000 1.000000 0.000000 -7.000000 10.000000 -17.000000 8.000000 18.000000 9.000000 13.000000 -1.000000
0.886230 -0.163574 -0.163574 15.125000 -7.062500 -7.062500 8.000000 1.000000 0.000000 0.000000 16.000000 34.000000 2.000000 18.000000 -2.000000 -29.000000 1.000000
0.908203 -0.178223 -0.178223 14.187500 -10.125000 -10.125000 8.000000 1.000000 0.000000 0.000000 16.000000 34.000000 2.000000 18.000000 -2.000000 -29.000000 1.000000
0.929199 -0.163574 -0.163574 19.625000 -9.187500 -9.187500 8.000000 1.000000 0.000000 10.000000 22.000000 5.000000 13.000000 7.000000 12.000000 9.000000 11.000000
0.933594 -0.115723 -0.115723 18.687500 -6.937500 -6.937500 8.000000 1.000000 0.000000 -13.000000 -13.000000 -11.000000 7.000000 -12.000000 -11.000000 -2.000000 -9.000000
0.934082 -0.068848 -0.068848 9.687500 -6.250000 -6.250000 8.000000 1.000000 0.000000 -4.000000 5.000000 -1.000000 -15.000000 10.000000 -1.000000 -13.000000 -2.000000
0.950684 -0.052734 -0.052734 -1.437500 -7.125000 -7.125000 8.000000 1.000000 0.000000 -13.000000 -19.000000 2.000000 -55.000000 -32.000000 -8.000000 8.000000 -6.000000
0.969238 -0.062500 -0.062500 -9.312500 -8.375000 -8.375000 8.000000 1.000000 0.000000 -1.000000 -9.000000 2.000000 -12.000000 0.000000 2.000000 -18.000000 -7.000000
0.995117 -0.087402 -0.087402 -6.562500 -6.562500 -6.562500 8.000000 1.000000 0.000000 -1.000000 -9.000000 2.000000 -12.000000 0.000000 2.000000 -18.000000 -7.000000
1.009766 -0.084961 -0.084961 2.875000 -4.500000 -4.500000 8.000000 1.000000 0.000000 5.000000 8.000000 32.000000 28.000000 20.000000 7.000000 -5.000000 0.000000
1.019531 -0.041504 -0.041504 9.625000 -3.187500 -3.187500 8.000000 1.000000 0.000000 5.000000 8.000000 32.000000 28.000000 20.000000 7.000000 -5.000000 0.000000
1.011719 -0.006348 -0.006348 6.500000 -2.562500 -2.562500 8.000000 1.000000 0.000000 -7.000000 -5.000000 -30.000000 -80.000000 -12.000000 -14.000000 -9.000000 -3.000000
1.004395 0.005371 0.005371 -4.500000 -2.437500 -2.437500 8.000000 1.000000 0.000000 3.000000 1.000000 41.000000 35.000000 -2.000000 -18.000000 -4.000000 -5.000000
0.997559 -0.028320 -0.028320 -15.312500 -2.437500 -2.437500 8.000000 1.000000 0.000000 5.000000 12.000000 19.000000 31.000000 -5.000000 5.000000 26.000000 3.000000
0.979980 -0.085449 -0.085449 -17.250000 -2.625000 -2.625000 7.000000 1.000000 0.000000 -10.000000 -5.000000 -40.000000 -17.000000 -3.000000 -7.000000 28.000000 1.000000
0.975586 -0.116699 -0.116699 -10.000000 -2.062500 -2.062500 7.000000 1.000000 0.000000 1.000000 -4.000000 -42.000000 -19.000000 4.000000 -3.000000 -25.000000 -1.000000
0.970703 -0.108398 -0.108398 -5.312500 -0.812500 -0.812500 7.000000 1.000000 0.000000 5.000000 14.000000 20.000000 -43.000000 -18.000000 -12.000000 -1.000000 -1.000000
0.961914 -0.090820 -0.090820 -11.500000 0.000000 0.000000 7.000000 1.000000 0.000000 -9.000000 -17.000000 -1.000000 -76.000000 -11.000000 -4.000000 -14.000000 -6.000000
