0.944824 -0.143066 -0.143066 16.250000 -6.375000 -6.375000 6.000000 0.000000 2.000000 5.000000 3.000000 25.000000 8.000000 1.000000 0.000000 0.000000 5.000000
0.944336 -0.105957 -0.105957 16.250000 -7.812500 -7.812500 6.000000 0.000000 2.000000 5.000000 3.000000 25.000000 8.000000 1.000000 0.000000 0.000000 5.000000
0.935547 -0.114258 -0.114258 7.625000 -8.000000 -8.000000 6.000000 0.000000 2.000000 -5.000000 -6.000000 -43.000000 -10.000000 1.000000 0.000000 0.000000 -1.000000
0.942871 -0.151855 -0.151855 2.000000 -7.250000 -7.250000 6.000000 0.000000 2.000000 -4.000000 -2.000000 19.000000 10.000000 2.000000 -3.000000 -3.000000 -4.000000
0.950195 -0.164062 -0.164062 3.125000 -4.000000 -4.000000 6.000000 0.000000 2.000000 -3.000000 -4.000000 4.000000 -2.000000 -1.000000 -3.000000 -6.000000 -12.000000
0.941406 -0.150391 -0.150391 4.750000 -1.312500 -1.312500 6.000000 0.000000 2.000000 -2.000000 -1.000000 -27.000000 -12.000000 -2.000000 -1.000000 -2.000000 -3.000000
0.944336 -0.145996 -0.145996 0.437500 -1.875000 -1.875000 6.000000 0.000000 2.000000 1.000000 -1.000000 -11.000000 0.000000 -1.000000 -1.000000 2.000000 9.000000
0.978027 -0.165527 -0.165527 -4.062500 -1.687500 -1.687500 6.000000 0.000000 2.000000 -1.000000 -2.000000 10.000000 -1.000000 -1.000000 -3.000000 -1.000000 -2.000000
0.997559 -0.197266 -0.197266 -0.500000 0.125000 0.125000 6.000000 0.000000 2.000000 -1.000000 0.000000 -25.000000 -3.000000 1.000000 -1.000000 -2.000000 -1.000000
0.972168 -0.207031 -0.207031 20.000000 7.625000 7.625000 6.000000 0.000000 2.000000 -4.000000 -1.000000 30.000000 5.000000 1.000000 -3.000000 -3.000000 -7.000000
0.990723 -0.202637 -0.202637 19.375000 8.500000 8.500000 5.000000 1.000000 2.000000 -2.000000 -7.000000 -17.000000 -7.000000 0.000000 2.000000 5.000000 -1.000000
1.009277 -0.219238 -0.219238 16.312500 7.437500 7.437500 5.000000 1.000000 2.000000 -2.000000 -7.000000 -17.000000 -7.000000 0.000000 2.000000 5.000000 -1.000000
1.014160 -0.252441 -0.252441 16.937500 8.500000 8.500000 5.000000 1.000000 2.000000 -3.000000 -3.000000 -13.000000 -5.000000 2.000000 0.000000 0.000000 -2.000000
1.031250 -0.278320 -0.278320 18.500000 11.500000 11.500000 5.000000 1.000000 2.000000 -3.000000 -3.000000 -13.000000 -5.000000 2.000000 0.000000 0.000000 -2.000000
1.008301 -0.294922 -0.294922 20.937500 16.375000 16.375000 5.000000 1.000000 2.000000 -1.000000 -2.000000 7.000000 2.000000 1.000000 1.000000 -1.000000 -3.000000
0.993652 -0.297363 -0.297363 22.687500 18.062500 18.062500 5.000000 1.000000 2.000000 0.000000 -2.000000 -13.000000 -6.000000 -2.000000 -5.000000 -5.000000 0.000000
1.013184 -0.325195 -0.325195 23.437500 17.312500 17.312500 5.000000 1.000000 2.000000 -2.000000 -4.000000 -34.000000 -4.000000 -2.000000 -3.000000 -2.000000 1.000000
1.070312 -0.388184 -0.388184 19.375000 23.375000 23.375000 5.000000 1.000000 2.000000 -2.000000 -4.000000 -34.000000 -4.000000 -2.000000 -3.000000 -2.000000 1.000000
1.126465 -0.477051 -0.477051 16.312500 28.625000 28.625000 5.000000 1.000000 2.000000 0.000000 0.000000 20.000000 4.000000 3.000000 3.000000 0.000000 -1.000000
1.159180 -0.563965 -0.563965 12.562500 33.875000 33.875000 5.000000 2.000000 3.000000 0.000000 0.000000 20.000000 4.000000 3.000000 3.000000 0.000000 -1.000000
1.192871 -0.647949 -0.647949 4.937500 44.312500 44.312500 5.000000 2.000000 3.000000 -4.000000 -8.000000 6.000000 5.000000 -2.000000 -6.000000 -4.000000 -1.000000
1.221680 -0.867188 -0.867188 10.437500 66.875000 66.875000 5.000000 2.000000 3.000000 -1.000000 1.000000 3.000000 -1.000000 2.000000 0.000000 -1.000000 -1.000000
1.151855 -1.011719 -1.011719 17.937500 85.000000 85.000000 5.000000 3.000000 3.000000 -8.000000 -2.000000 -18.000000 2.000000 0.000000 -2.000000 -7.000000 -33.000000
1.065430 -1.117188 -1.117188 22.500000 104.937500 104.937500 5.000000 4.000000 3.000000 -8.000000 -2.000000 -18.000000 2.000000 0.000000 -2.000000 -7.000000 -33.000000
0.760254 -1.238770 -1.238770 70.250000 135.562500 135.562500 5.000000 5.000000 3.000000 0.000000 -7.000000 -28.000000 -10.000000 0.000000 -2.000000 -2.000000 2.000000
0.308594 -0.922363 -0.922363 51.437500 130.500000 130.500000 5.000000 7.000000 3.000000 0.000000 -7.000000 -28.000000 -10.000000 0.000000 -2.000000 -2.000000 2.000000
0.102051 -0.886230 -0.886230 26.125000 108.000000 108.000000 5.000000 8.000000 3.000000 0.000000 5.000000 0.000000 1.000000 2.000000 -2.000000 0.000000 0.000000
-0.152344 -0.813477 -0.813477 64.437500 55.125000 55.125000 5.000000 10.000000 3.000000 -1.000000 -3.000000 -28.000000 -4.000000 -3.000000 -3.000000 1.000000 7.000000
-0.005859 -0.737793 -0.737793 121.437500 57.687500 57.687500 6.000000 11.000000 4.000000 0.000000 -1.000000 -14.000000 -2.000000 -1.000000 -2.000000 1.000000 3.000000
-0.137695 -0.311035 -0.311035 137.687500 63.562500 63.562500 6.000000 12.000000 4.000000 0.000000 -1.000000 -14.000000 -2.000000 -1.000000 -2.000000 1.000000 3.000000
-0.180664 -0.386230 -0.386230 76.687500 36.687500 36.687500 6.000000 12.000000 4.000000 -1.000000 5.000000 21.000000 3.000000 4.000000 2.000000 0.000000 -2.000000
-0.080566 -0.254395 -0.254395 48.375000 14.812500 14.812500 7.000000 13.000000 5.000000 0.000000 1.000000 35.000000 -13.000000 0.000000 -1.000000 0.000000 6.000000
-0.348633 -0.250000 -0.250000 21.500000 1.312500 1.312500 7.000000 13.000000 5.000000 3.000000 8.000000 4.000000 6.000000 3.000000 3.000000 2.000000 4.000000
-0.529785 -0.601562 -0.601562 -32.750000 -17.187500 -17.187500 7.000000 13.000000 5.000000 3.000000 8.000000 4.000000 6.000000 3.000000 3.000000 2.000000 4.000000
-0.715820 -0.555664 -0.555664 -10.875000 0.687500 0.687500 7.000000 13.000000 5.000000 -1.000000 3.000000 58.000000 15.000000 4.000000 0.000000 0.000000 0.000000
-0.927734 -0.184082 -0.184082 35.312500 34.875000 34.875000 7.000000 13.000000 5.000000 -1.000000 3.000000 58.000000 15.000000 4.000000 0.000000 0.000000 0.000000
-0.938477 0.058105 0.058105 54.750000 33.250000 33.250000 7.000000 13.000000 5.000000 -5.000000 -8.000000 -16.000000 -7.000000 -6.000000 -3.000000 -4.000000 -4.000000
-0.884766 -0.103516 -0.103516 30.062500 26.000000 26.000000 7.000000 14.000000 5.000000 -1.000000 6.000000 -5.000000 1.000000 5.000000 2.000000 2.000000 4.000000
-0.875488 -0.026367 -0.026367 36.750000 31.937500 31.937500 7.000000 14.000000 5.000000 -5.000000 -15.000000 -21.000000 -1.000000 2.000000 -3.000000 -4.000000 -4.000000
-0.994141 0.002930 0.002930 13.500000 40.125000 40.125000 7.000000 14.000000 5.000000 -1.000000 -2.000000 5.000000 15.000000 1.000000 -5.000000 -4.000000 0.000000
-1.027344 -0.038086 -0.038086 0.375000 29.125000 29.125000 7.000000 14.000000 5.000000 -4.000000 -8.000000 2.000000 -34.000000 -2.000000 -1.000000 -2.000000 -3.000000
-0.911621 -0.037598 -0.037598 -20.000000 13.875000 13.875000 7.000000 14.000000 4.000000 -1.000000 -3.000000 -3.000000 -9.000000 -24.000000 -10.000000 -2.000000 -1.000000
-0.773438 -0.048828 -0.048828 -34.187500 -0.125000 -0.125000 7.000000 13.000000 4.000000 1.000000 -9.000000 -26.000000 -27.000000 -63.000000 -94.000000 -5.000000 5.000000
-0.566406 -0.222656 -0.222656 -48.312500 -13.750000 -13.750000 6.000000 13.000000 4.000000 1.000000 -9.000000 -26.000000 -27.000000 -63.000000 -94.000000 -5.000000 5.000000
-0.322266 -0.511719 -0.511719 -52.125000 -17.500000 -17.500000 6.000000 13.000000 4.000000 -4.000000 -10.000000 11.000000 -31.000000 -16.000000 22.000000 4.000000 -1.000000
-0.205566 -0.681641 -0.681641 -26.062500 -33.312500 -33.312500 6.000000 12.000000 4.000000 -4.000000 -10.000000 11.000000 -31.000000 -16.000000 22.000000 4.000000 -1.000000
0.131348 -0.645020 -0.645020 -60.062500 -50.250000 -50.250000 6.000000 12.000000 3.000000 -4.000000 -5.000000 2.000000 -23.000000 34.000000 28.000000 -2.000000 -2.000000
0.296875 -0.629395 -0.629395 -132.312500 -42.187500 -42.187500 6.000000 12.000000 3.000000 -4.000000 -5.000000 2.000000 -23.000000 34.000000 28.000000 -2.000000 -2.000000
0.129395 -1.268555 -1.268555 -33.125000 -24.125000 -24.125000 6.000000 11.000000 3.000000 -3.000000 4.000000 10.000000 3.000000 33.000000 20.000000 -7.000000 -7.000000
0.234375 -0.998047 -0.998047 -50.000000 -17.625000 -17.625000 5.000000 11.000000 3.000000 -2.000000 4.000000 18.000000 -16.000000 2.000000 35.000000 -10.000000 -5.000000
-0.149902 -1.138672 -1.138672 -49.187500 -2.750000 -2.750000 5.000000 11.000000 3.000000 -8.000000 -9.000000 15.000000 60.000000 27.000000 14.000000 -12.000000 -5.000000
-0.525879 -1.145996 -1.145996 10.687500 2.500000 2.500000 5.000000 11.000000 3.000000 -8.000000 -9.000000 15.000000 60.000000 27.000000 14.000000 -12.000000 -5.000000
-0.682617 -0.950684 -0.950684 43.250000 -10.437500 -10.437500 5.000000 11.000000 3.000000 -1.000000 7.000000 71.000000 16.000000 -8.000000 -64.000000 -21.000000 -3.000000
-0.537598 -0.685059 -0.685059 24.812500 -0.875000 -0.875000 6.000000 11.000000 3.000000 -3.000000 -4.000000 -3.000000 9.000000 63.000000 49.000000 6.000000 -3.000000
-0.314453 -0.734375 -0.734375 -5.250000 4.250000 4.250000 6.000000 11.000000 3.000000 0.000000 0.000000 -1.000000 -3.000000 -65.000000 47.000000 18.000000 1.000000
0.060059 -0.801758 -0.801758 26.375000 -1.437500 -1.437500 6.000000 11.000000 3.000000 -1.000000 -1.000000 -6.000000 2.000000 45.000000 -76.000000 -24.000000 0.000000
0.466309 -0.535156 -0.535156 81.437500 -10.750000 -10.750000 6.000000 11.000000 3.000000 -4.000000 -4.000000 -27.000000 2.000000 25.000000 68.000000 11.000000 -4.000000
0.790039 -0.238770 -0.238770 125.375000 -19.875000 -19.875000 6.000000 10.000000 3.000000 -4.000000 -1.000000 -20.000000 -25.000000 -92.000000 -98.000000 -30.000000 -5.000000
0.736816 -0.135254 -0.135254 131.312500 -29.375000 -29.375000 6.000000 10.000000 3.000000 -1.000000 7.000000 35.000000 44.000000 101.000000 96.000000 21.000000 -1.000000
0.416016 -0.129883 -0.129883 119.062500 -32.125000 -32.125000 6.000000 10.000000 3.000000 1.000000 -11.000000 -20.000000 -71.000000 -124.000000 -105.000000 15.000000 4.000000
0.262695 -0.396973 -0.396973 95.562500 -46.187500 -46.187500 6.000000 10.000000 3.000000 -5.000000 -13.000000 -14.000000 10.000000 18.000000 -16.000000 -7.000000 -4.000000
0.184570 -0.689941 -0.689941 68.375000 -71.812500 -71.812500 6.000000 10.000000 3.000000 -5.000000 -13.000000 -14.000000 10.000000 18.000000 -16.000000 -7.000000 -4.000000
-0.036621 -0.859863 -0.859863 40.437500 -95.937500 -95.937500 6.000000 9.000000 3.000000 -9.000000 -7.000000 -40.000000 -34.000000 -23.000000 15.000000 -18.000000 -10.000000
-0.197266 -0.922363 -0.922363 21.812500 -113.375000 -113.375000 6.000000 9.000000 3.000000 -4.000000 5.000000 26.000000 20.000000 -60.000000 -69.000000 -9.000000 -3.000000
-0.197266 -0.993164 -0.993164 19.250000 -138.375000 -138.375000 6.000000 8.000000 3.000000 9.000000 20.000000 -5.000000 1.000000 20.000000 -19.000000 -12.000000 7.000000
-0.081055 -1.086914 -1.086914 20.000000 -169.687500 -169.687500 6.000000 8.000000 3.000000 5.000000 6.000000 -6.000000 -3.000000 -36.000000 74.000000 -12.000000 -2.000000
0.060059 -1.076172 -1.076172 32.187500 -187.500000 -187.500000 6.000000 7.000000 3.000000 -2.000000 -21.000000 -2.000000 -50.000000 33.000000 70.000000 7.000000 0.000000
0.099121 -1.018066 -1.018066 42.500000 -179.250000 -179.250000 6.000000 7.000000 3.000000 -2.000000 -21.000000 -2.000000 -50.000000 33.000000 70.000000 7.000000 0.000000
0.029297 -0.805176 -0.805176 30.562500 -170.437500 -170.437500 6.000000 6.000000 3.000000 0.000000 -13.000000 3.000000 -40.000000 1.000000 -16.000000 -7.000000 -1.000000
0.197266 -0.821777 -0.821777 -26.187500 -172.312500 -172.312500 6.000000 5.000000 3.000000 0.000000 -13.000000 3.000000 -40.000000 1.000000 -16.000000 -7.000000 -1.000000
0.515137 -0.911621 -0.911621 -64.187500 -163.375000 -163.375000 6.000000 5.000000 3.000000 -14.000000 1.000000 -51.000000 33.000000 48.000000 112.000000 11.000000 -12.000000
0.635742 -0.981934 -0.981934 -23.000000 -141.125000 -141.125000 6.000000 4.000000 3.000000 -14.000000 1.000000 -51.000000 33.000000 48.000000 112.000000 11.000000 -12.000000
0.497559 -0.808594 -0.808594 19.125000 -135.250000 -135.250000 6.000000 4.000000 3.000000 -1.000000 -27.000000 14.000000 12.000000 5.000000 -106.000000 -60.000000 -7.000000
0.550293 -0.552734 -0.552734 15.500000 -139.937500 -139.937500 6.000000 4.000000 3.000000 7.000000 5.000000 10.000000 -30.000000 -20.000000 -1.000000 73.000000 1.000000
0.812500 -0.644531 -0.644531 -19.812500 -137.562500 -137.562500 6.000000 3.000000 3.000000 5.000000 -8.000000 6.000000 -11.000000 -64.000000 -103.000000 -26.000000 10.000000
1.061035 -0.678711 -0.678711 -17.062500 -106.562500 -106.562500 6.000000 3.000000 3.000000 -1.000000 -2.000000 -8.000000 17.000000 107.000000 127.000000 15.000000 8.000000
0.925293 -0.634277 -0.634277 6.562500 -91.250000 -91.250000 6.000000 3.000000 2.000000 -4.000000 23.000000 -20.000000 14.000000 79.000000 -8.000000 -26.000000 -3.000000
0.855957 -0.541504 -0.541504 16.437500 -83.750000 -83.750000 7.000000 2.000000 2.000000 -4.000000 23.000000 -20.000000 14.000000 79.000000 -8.000000 -26.000000 -3.000000
0.871582 -0.485840 -0.485840 15.937500 -78.687500 -78.687500 7.000000 2.000000 2.000000 -1.000000 -4.000000 29.000000 -73.000000 -15.000000 -22.000000 -5.000000 -3.000000
0.875488 -0.432617 -0.432617 21.562500 -73.812500 -73.812500 7.000000 2.000000 2.000000 7.000000 43.000000 12.000000 11.000000 -3.000000 -20.000000 -9.000000 -2.000000
0.887207 -0.346191 -0.346191 24.312500 -66.500000 -66.500000 7.000000 2.000000 2.000000 -17.000000 -52.000000 47.000000 -5.000000 -4.000000 -13.000000 -3.000000 -3.000000
0.860840 -0.312988 -0.312988 20.500000 -62.937500 -62.937500 7.000000 2.000000 2.000000 -17.000000 -52.000000 47.000000 -5.000000 -4.000000 -13.000000 -3.000000 -3.000000
0.877930 -0.342773 -0.342773 24.562500 -65.000000 -65.000000 7.000000 2.000000 2.000000 2.000000 17.000000 -76.000000 -70.000000 -42.000000 6.000000 -5.000000 -5.000000
0.947266 -0.334473 -0.334473 43.937500 -63.000000 -63.000000 7.000000 1.000000 2.000000 2.000000 -15.000000 70.000000 80.000000 72.000000 5.000000 -3.000000 4.000000
1.003906 -0.258789 -0.258789 67.500000 -53.312500 -53.312500 7.000000 1.000000 2.000000 0.000000 -33.000000 62.000000 58.000000 6.000000 -5.000000 9.000000 3.000000
1.023926 -0.145508 -0.145508 76.937500 -42.937500 -42.937500 7.000000 1.000000 2.000000 0.000000 -33.000000 62.000000 58.000000 6.000000 -5.000000 9.000000 3.000000
1.017578 -0.060547 -0.060547 61.562500 -37.812500 -37.812500 7.000000 1.000000 2.000000 0.000000 -14.000000 -17.000000 -16.000000 25.000000 23.000000 3.000000 3.000000
1.022949 -0.048340 -0.048340 35.750000 -32.750000 -32.750000 8.000000 1.000000 2.000000 5.000000 -2.000000 -5.000000 26.000000 -51.000000 -29.000000 -11.000000 -5.000000
1.023926 -0.080078 -0.080078 21.750000 -26.875000 -26.875000 8.000000 1.000000 2.000000 5.000000 7.000000 33.000000 -67.000000 3.000000 -4.000000 15.000000 3.000000
1.027344 -0.155762 -0.155762 28.500000 -20.875000 -20.875000 8.000000 1.000000 2.000000 0.000000 22.000000 -78.000000 -56.000000 -9.000000 -3.000000 -18.000000 -6.000000
1.028320 -0.135742 -0.135742 42.812500 -13.312500 -13.312500 8.000000 1.000000 2.000000 1.000000 -14.000000 78.000000 72.000000 15.000000 -4.000000 -9.000000 1.000000
1.024902 -0.079590 -0.079590 49.750000 -9.125000 -9.125000 8.000000 1.000000 2.000000 -12.000000 -20.000000 9.000000 -45.000000 -31.000000 -15.000000 2.000000 -7.000000
1.023926 -0.005859 -0.005859 45.187500 -3.062500 -3.062500 8.000000 1.000000 2.000000 -3.000000 -15.000000 -38.000000 84.000000 -12.000000 -13.000000 -18.000000 0.000000
0.995605 0.036133 0.036133 29.875000 2.937500 2.937500 8.000000 1.000000 2.000000 -3.000000 -15.000000 -38.000000 84.000000 -12.000000 -13.000000 -18.000000 0.000000
0.969238 0.039551 0.039551 6.625000 7.312500 7.312500 8.000000 1.000000 2.000000 4.000000 10.000000 105.000000 -62.000000 -7.000000 -17.000000 16.000000 -1.000000
0.957520 0.020508 0.020508 -14.500000 10.375000 10.375000 8.000000 1.000000 2.000000 -4.000000 -36.000000 -56.000000 6.000000 21.000000 47.000000 13.000000 1.000000
0.955566 -0.020996 -0.020996 -31.562500 12.000000 12.000000 8.000000 1.000000 2.000000 4.000000 -24.000000 -35.000000 39.000000 64.000000 29.000000 6.000000 5.000000
0.961914 -0.077637 -0.077637 -39.187500 11.500000 11.500000 8.000000 1.000000 2.000000 4.000000 -24.000000 -35.000000 39.000000 64.000000 29.000000 6.000000 5.000000
0.962891 -0.125488 -0.125488 -34.625000 11.062500 11.062500 8.000000 1.000000 2.000000 -2.000000 -22.000000 46.000000 57.000000 27.000000 -25.000000 6.000000 -3.000000
0.950684 -0.147949 -0.147949 -23.750000 9.937500 9.937500 8.000000 1.000000 2.000000 -2.000000 -22.000000 46.000000 57.000000 27.000000 -25.000000 6.000000 -3.000000
0.944336 -0.150879 -0.150879 -14.187500 7.937500 7.937500 7.000000 1.000000 2.000000 0.000000 -3.000000 76.000000 14.000000 2.000000 14.000000 18.000000 2.000000
0.934570 -0.155762 -0.155762 -6.562500 5.312500 5.312500 7.000000 1.000000 2.000000 0.000000 -3.000000 76.000000 14.000000 2.000000 14.000000 18.000000 2.000000
0.926270 -0.159180 -0.159180 -0.562500 3.187500 3.187500 7.000000 1.000000 2.000000 0.000000 -17.000000 -23.000000 16.000000 31.000000 -12.000000 -36.000000 -1.000000
0.911133 -0.151855 -0.151855 6.062500 0.750000 0.750000 7.000000 1.000000 2.000000 -3.000000 5.000000 -45.000000 -57.000000 -33.000000 -23.000000 -7.000000 -5.000000
0.908691 -0.150391 -0.150391 13.187500 -4.250000 -4.250000 7.000000 1.000000 2.000000 3.000000 -8.000000 -8.000000 3.000000 2.000000 -8.000000 -8.000000 -3.000000
0.923340 -0.151855 -0.151855 20.812500 -6.312500 -6.312500 7.000000 1.000000 2.000000 -4.000000 -7.000000 2.000000 -35.000000 -34.000000 -49.000000 -12.000000 -2.000000
0.954590 -0.107422 -0.107422 27.875000 -4.812500 -4.812500 7.000000 1.000000 2.000000 2.000000 4.000000 28.000000 -4.000000 -4.000000 -17.000000 -3.000000 1.000000
0.965820 -0.045410 -0.045410 20.875000 -2.687500 -2.687500 7.000000 1.000000 2.000000 2.000000 4.000000 28.000000 -4.000000 -4.000000 -17.000000 -3.000000 1.000000
0.977539 -0.029785 -0.029785 5.812500 -2.500000 -2.500000 7.000000 1.000000 2.000000 -6.000000 9.000000 52.000000 -9.000000 -28.000000 -21.000000 -10.000000 -6.000000
0.969238 -0.054199 -0.054199 -10.062500 -3.875000 -3.875000 7.000000 1.000000 2.000000 -6.000000 9.000000 52.000000 -9.000000 -28.000000 -21.000000 -10.000000 -6.000000
0.965332 -0.091309 -0.091309 -17.500000 -4.687500 -4.687500 7.000000 1.000000 2.000000 1.000000 9.000000 8.000000 -5.000000 10.000000 20.000000 13.000000 4.000000
0.958008 -0.123047 -0.123047 -13.250000 -4.312500 -4.312500 7.000000 1.000000 2.000000 1.000000 9.000000 8.000000 -5.000000 10.000000 20.000000 13.000000 4.000000
0.957031 -0.121094 -0.121094 -6.000000 -4.062500 -4.062500 7.000000 1.000000 2.000000 -6.000000 1.000000 24.000000 -37.000000 17.000000 24.000000 -2.000000 -4.000000
0.959473 -0.109863 -0.109863 -2.062500 -5.062500 -5.062500 7.000000 1.000000 2.000000 4.000000 -1.000000 -8.000000 32.000000 -1.000000 1.000000 -9.000000 2.000000
0.961914 -0.116211 -0.116211 -2.687500 -5.250000 -5.250000 7.000000 1.000000 2.000000 2.000000 4.000000 -82.000000 -12.000000 -8.000000 -19.000000 -4.000000 -2.000000
0.963867 -0.122070 -0.122070 -3.562500 -4.375000 -4.375000 7.000000 1.000000 2.000000 -7.000000 -2.000000 68.000000 15.000000 -14.000000 11.000000 7.000000 0.000000
0.954102 -0.124512 -0.124512 -3.812500 -3.937500 -3.937500 7.000000 1.000000 2.000000 1.000000 17.000000 30.000000 19.000000 25.000000 -32.000000 -27.000000 -2.000000
0.956055 -0.129883 -0.129883 -1.687500 -4.375000 -4.375000 7.000000 1.000000 2.000000 -11.000000 -13.000000 -54.000000 3.000000 -7.000000 -13.000000 8.000000 -10.000000
0.947754 -0.107422 -0.107422 0.750000 -4.437500 -4.437500 7.000000 1.000000 2.000000 3.000000 25.000000 -99.000000 -44.000000 48.000000 48.000000 -4.000000 4.000000
0.938965 -0.109863 -0.109863 0.062500 -5.875000 -5.875000 7.000000 1.000000 2.000000 3.000000 25.000000 -99.000000 -44.000000 48.000000 48.000000 -4.000000 4.000000
0.955078 -0.109863 -0.109863 -2.062500 -5.375000 -5.375000 7.000000 1.000000 2.000000 4.000000 12.000000 17.000000 80.000000 5.000000 -6.000000 -8.000000 0.000000
0.959961 -0.112793 -0.112793 -2.125000 -4.062500 -4.062500 7.000000 1.000000 2.000000 4.000000 12.000000 17.000000 80.000000 5.000000 -6.000000 -8.000000 0.000000
0.978027 -0.109863 -0.109863 -3.062500 -3.062500 -3.062500 7.000000 1.000000 2.000000 -8.000000 -18.000000 -14.000000 -10.000000 -12.000000 -12.000000 -5.000000 -6.000000
0.975098 -0.101562 -0.101562 -3.750000 -2.312500 -2.312500 7.000000 1.000000 2.000000 4.000000 1.000000 15.000000 -7.000000 -27.000000 -49.000000 4.000000 -1.000000
0.969238 -0.089355 -0.089355 -3.875000 -1.562500 -1.562500 7.000000 1.000000 2.000000 4.000000 0.000000 -72.000000 -64.000000 -14.000000 22.000000 16.000000 4.000000
0.959961 -0.097656 -0.097656 -2.812500 -2.125000 -2.125000 7.000000 1.000000 2.000000 4.000000 0.000000 -72.000000 -64.000000 -14.000000 22.000000 16.000000 4.000000
0.960449 -0.109375 -0.109375 -2.687500 -2.500000 -2.500000 7.000000 1.000000 2.000000 -1.000000 -4.000000 95.000000 13.000000 16.000000 5.000000 9.000000 -3.000000
0.963867 -0.133789 -0.133789 -1.687500 -1.812500 -1.812500 7.000000 1.000000 2.000000 -2.000000 -6.000000 -15.000000 10.000000 -19.000000 -12.000000 -18.000000 -3.000000
0.980957 -0.139160 -0.139160 2.937500 -0.875000 -0.875000 7.000000 1.000000 2.000000 1.000000 25.000000 96.000000 39.000000 28.000000 19.000000 17.000000 1.000000
0.972168 -0.102539 -0.102539 6.375000 -1.125000 -1.125000 7.000000 1.000000 2.000000 -2.000000 -26.000000 -48.000000 -58.000000 -9.000000 -18.000000 -17.000000 -7.000000
0.962402 -0.085449 -0.085449 2.375000 -2.000000 -2.000000 7.000000 1.000000 2.000000 2.000000 6.000000 -28.000000 -53.000000 -13.000000 1.000000 -2.000000 1.000000
0.951172 -0.111328 -0.111328 -3.250000 -2.687500 -2.687500 7.000000 1.000000 2.000000 -5.000000 19.000000 47.000000 64.000000 44.000000 4.000000 3.000000 0.000000
0.947754 -0.128418 -0.128418 -0.375000 -2.312500 -2.312500 7.000000 1.000000 2.000000 -2.000000 18.000000 -17.000000 -97.000000 -48.000000 -16.000000 -9.000000 -4.000000
0.948242 -0.117188 -0.117188 4.562500 -2.687500 -2.687500 7.000000 1.000000 2.000000 -2.000000 18.000000 -17.000000 -97.000000 -48.000000 -16.000000 -9.000000 -4.000000
0.955566 -0.104492 -0.104492 4.562500 -2.125000 -2.125000 7.000000 1.000000 2.000000 0.000000 -16.000000 -6.000000 -71.000000 -8.000000 6.000000 -1.000000 0.000000
0.967773 -0.108887 -0.108887 2.937500 -2.125000 -2.125000 7.000000 1.000000 2.000000 0.000000 -16.000000 -6.000000 -71.000000 -8.000000 6.000000 -1.000000 0.000000
0.959473 -0.107422 -0.107422 4.187500 -1.437500 -1.437500 7.000000 1.000000 2.000000 -13.000000 -44.000000 28.000000 -51.000000 -11.000000 -7.000000 -1.000000 -1.000000
